


ARM Macro Assembler    Page 1 


    1 00000000         ;/******************************************************
                       ********************//**
    2 00000000         ; * @file     startup_LPC17xx.s
    3 00000000         ; * @brief    CMSIS Cortex-M3 Core Device Startup File f
                       or
    4 00000000         ; *           NXP LPC17xx Device Series
    5 00000000         ; * @version  V1.10
    6 00000000         ; * @date     06. April 2011
    7 00000000         ; *
    8 00000000         ; * @note
    9 00000000         ; * Copyright (C) 2009-2011 ARM Limited. All rights rese
                       rved.
   10 00000000         ; *
   11 00000000         ; * @par
   12 00000000         ; * ARM Limited (ARM) is supplying this software for use
                        with Cortex-M
   13 00000000         ; * processor based microcontrollers.  This file can be 
                       freely distributed
   14 00000000         ; * within development tools that are supporting such AR
                       M based processors.
   15 00000000         ; *
   16 00000000         ; * @par
   17 00000000         ; * THIS SOFTWARE IS PROVIDED "AS IS".  NO WARRANTIES, W
                       HETHER EXPRESS, IMPLIED
   18 00000000         ; * OR STATUTORY, INCLUDING, BUT NOT LIMITED TO, IMPLIED
                        WARRANTIES OF
   19 00000000         ; * MERCHANTABILITY AND FITNESS FOR A PARTICULAR PURPOSE
                        APPLY TO THIS SOFTWARE.
   20 00000000         ; * ARM SHALL NOT, IN ANY CIRCUMSTANCES, BE LIABLE FOR S
                       PECIAL, INCIDENTAL, OR
   21 00000000         ; * CONSEQUENTIAL DAMAGES, FOR ANY REASON WHATSOEVER.
   22 00000000         ; *
   23 00000000         ; ******************************************************
                       ************************/
   24 00000000         
   25 00000000         ; *------- <<< Use Configuration Wizard in Context Menu 
                       >>> ------------------
   26 00000000         
   27 00000000         ; <h> Stack Configuration
   28 00000000         ;   <o> Stack Size (in Bytes) <0x0-0xFFFFFFFF:8>
   29 00000000         ; </h>
   30 00000000         
   31 00000000 00000200 
                       Stack_Size
                               EQU              0x00000200
   32 00000000         
   33 00000000                 AREA             STACK, NOINIT, READWRITE, ALIGN
=3
   34 00000000         Stack_Mem
                               SPACE            Stack_Size
   35 00000200         __initial_sp
   36 00000200         
   37 00000200         
   38 00000200         ; <h> Heap Configuration
   39 00000200         ;   <o>  Heap Size (in Bytes) <0x0-0xFFFFFFFF:8>
   40 00000200         ; </h>
   41 00000200         
   42 00000200 00000000 
                       Heap_Size



ARM Macro Assembler    Page 2 


                               EQU              0x00000000
   43 00000200         
   44 00000200                 AREA             HEAP, NOINIT, READWRITE, ALIGN=
3
   45 00000000         __heap_base
   46 00000000         Heap_Mem
                               SPACE            Heap_Size
   47 00000000         __heap_limit
   48 00000000         
   49 00000000         
   50 00000000                 PRESERVE8
   51 00000000                 THUMB
   52 00000000         
   53 00000000         
   54 00000000         ; Vector Table Mapped to Address 0 at Reset
   55 00000000         
   56 00000000                 AREA             RESET, DATA, READONLY
   57 00000000                 EXPORT           __Vectors
   58 00000000         
   59 00000000 00000000 
                       __Vectors
                               DCD              __initial_sp ; Top of Stack
   60 00000004 00000000        DCD              Reset_Handler ; Reset Handler
   61 00000008 00000000        DCD              NMI_Handler ; NMI Handler
   62 0000000C 00000000        DCD              HardFault_Handler ; Hard Fault 
                                                            Handler
   63 00000010 00000000        DCD              MemManage_Handler 
                                                            ; MPU Fault Handler
                                                            
   64 00000014 00000000        DCD              BusFault_Handler 
                                                            ; Bus Fault Handler
                                                            
   65 00000018 00000000        DCD              UsageFault_Handler ; Usage Faul
                                                            t Handler
   66 0000001C 00000000        DCD              0           ; Reserved
   67 00000020 00000000        DCD              0           ; Reserved
   68 00000024 00000000        DCD              0           ; Reserved
   69 00000028 00000000        DCD              0           ; Reserved
   70 0000002C 00000000        DCD              SVC_Handler ; SVCall Handler
   71 00000030 00000000        DCD              DebugMon_Handler ; Debug Monito
                                                            r Handler
   72 00000034 00000000        DCD              0           ; Reserved
   73 00000038 00000000        DCD              PendSV_Handler ; PendSV Handler
                                                            
   74 0000003C 00000000        DCD              SysTick_Handler 
                                                            ; SysTick Handler
   75 00000040         
   76 00000040         ; External Interrupts
   77 00000040 00000000        DCD              WDT_IRQHandler ; 16: Watchdog T
                                                            imer
   78 00000044 00000000        DCD              TIMER0_IRQHandler ; 17: Timer0
   79 00000048 00000000        DCD              TIMER1_IRQHandler ; 18: Timer1
   80 0000004C 00000000        DCD              TIMER2_IRQHandler ; 19: Timer2
   81 00000050 00000000        DCD              TIMER3_IRQHandler ; 20: Timer3
   82 00000054 00000000        DCD              UART0_IRQHandler ; 21: UART0
   83 00000058 00000000        DCD              UART1_IRQHandler ; 22: UART1
   84 0000005C 00000000        DCD              UART2_IRQHandler ; 23: UART2
   85 00000060 00000000        DCD              UART3_IRQHandler ; 24: UART3
   86 00000064 00000000        DCD              PWM1_IRQHandler ; 25: PWM1



ARM Macro Assembler    Page 3 


   87 00000068 00000000        DCD              I2C0_IRQHandler ; 26: I2C0
   88 0000006C 00000000        DCD              I2C1_IRQHandler ; 27: I2C1
   89 00000070 00000000        DCD              I2C2_IRQHandler ; 28: I2C2
   90 00000074 00000000        DCD              SPI_IRQHandler ; 29: SPI
   91 00000078 00000000        DCD              SSP0_IRQHandler ; 30: SSP0
   92 0000007C 00000000        DCD              SSP1_IRQHandler ; 31: SSP1
   93 00000080 00000000        DCD              PLL0_IRQHandler ; 32: PLL0 Lock
                                                             (Main PLL)
   94 00000084 00000000        DCD              RTC_IRQHandler ; 33: Real Time 
                                                            Clock
   95 00000088 00000000        DCD              EINT0_IRQHandler ; 34: External
                                                             Interrupt 0
   96 0000008C 00000000        DCD              EINT1_IRQHandler ; 35: External
                                                             Interrupt 1
   97 00000090 00000000        DCD              EINT2_IRQHandler ; 36: External
                                                             Interrupt 2
   98 00000094 00000000        DCD              EINT3_IRQHandler ; 37: External
                                                             Interrupt 3
   99 00000098 00000000        DCD              ADC_IRQHandler 
                                                            ; 38: A/D Converter
                                                            
  100 0000009C 00000000        DCD              BOD_IRQHandler ; 39: Brown-Out 
                                                            Detect
  101 000000A0 00000000        DCD              USB_IRQHandler ; 40: USB
  102 000000A4 00000000        DCD              CAN_IRQHandler ; 41: CAN
  103 000000A8 00000000        DCD              DMA_IRQHandler ; 42: General Pu
                                                            rpose DMA
  104 000000AC 00000000        DCD              I2S_IRQHandler ; 43: I2S
  105 000000B0 00000000        DCD              ENET_IRQHandler ; 44: Ethernet
  106 000000B4 00000000        DCD              RIT_IRQHandler ; 45: Repetitive
                                                             Interrupt Timer
  107 000000B8 00000000        DCD              MCPWM_IRQHandler ; 46: Motor Co
                                                            ntrol PWM
  108 000000BC 00000000        DCD              QEI_IRQHandler ; 47: Quadrature
                                                             Encoder Interface
  109 000000C0 00000000        DCD              PLL1_IRQHandler ; 48: PLL1 Lock
                                                             (USB PLL)
  110 000000C4 00000000        DCD              USBActivity_IRQHandler ; 49: US
                                                            B Activity interrup
                                                            t to wakeup
  111 000000C8 00000000        DCD              CANActivity_IRQHandler ; 50: CA
                                                            N Activity interrup
                                                            t to wakeup
  112 000000CC         
  113 000000CC         
  114 000000CC                 IF               :LNOT::DEF:NO_CRP
  115 000000CC                 AREA             |.ARM.__at_0x02FC|, CODE, READO
NLY
  116 00000000 FFFFFFFF 
                       CRP_Key DCD              0xFFFFFFFF
  117 00000004                 ENDIF
  118 00000004         
  119 00000004         
  120 00000004                 AREA             |.text|, CODE, READONLY
  121 00000000         
  122 00000000         
  123 00000000         ; Reset Handler
  124 00000000         
  125 00000000         Reset_Handler



ARM Macro Assembler    Page 4 


                               PROC
  126 00000000                 EXPORT           Reset_Handler             [WEAK
]
  127 00000000         
  128 00000000         ;MOV r0, #0x7A30458D  ; starting value
  129 00000000 F244 508D       MOV              r0, #0x458D ; MOV + MOVT to mov
                                                            e 32 bit immediate
  130 00000004 F6C7 2030       MOVT             r0, #0x7A30
  131 00000008         
  132 00000008         ;MOV r1, #0xC3159EAA  ; starting value
  133 00000008 F649 61AA       MOV              r1, #0x9EAA ; MOV + MOVT to mov
                                                            e 32 bit immediate
  134 0000000C F2CC 3115       MOVT             r1, #0xC315
  135 00000010         
  136 00000010 B403            PUSH             {r0, r1}
  137 00000012 F7FF FFFE       BL               mySMUAD
  138 00000016 BC40            POP              {r6}
  139 00000018         
  140 00000018 B403            PUSH             {r0, r1}
  141 0000001A F7FF FFFE       BL               mySMUSD
  142 0000001E BC80            POP              {r7}
  143 00000020         
  144 00000020 BF00            NOP
  145 00000022 BF00            NOP
  146 00000024 BF00            NOP
  147 00000026         
  148 00000026 E7FE    stop    B                stop
  149 00000028                 ENDP
  150 00000028         
  151 00000028         mySMUAD PROC
  152 00000028 E92D 5FFF       PUSH             {r0-r12, LR}
  153 0000002C 980E            LDR              r0, [SP, #56]
  154 0000002E 990F            LDR              r1, [SP, #60]
  155 00000030 F7FF FFFE       BL               mySMU
  156 00000034 EB02 0603       ADD              r6, r2, r3
  157 00000038 960E            STR              r6, [SP, #56]
  158 0000003A E8BD 9FFF       POP              {r0-r12, PC}
  159 0000003E                 ENDP
  160 0000003E         
  161 0000003E         mySMUSD PROC
  162 0000003E E92D 5FFF       PUSH             {r0-r12, LR}
  163 00000042 980E            LDR              r0, [SP, #56]
  164 00000044 990F            LDR              r1, [SP, #60]
  165 00000046 F7FF FFFE       BL               mySMU
  166 0000004A EBA2 0603       SUB              r6, r2, r3
  167 0000004E 960E            STR              r6, [SP, #56]
  168 00000050 E8BD 9FFF       POP              {r0-r12, PC}
  169 00000054                 ENDP
  170 00000054         
  171 00000054         mySMU   PROC
  172 00000054 B500            PUSH             {LR}
  173 00000056         
  174 00000056 F000 0BFF       AND              r11, r0, #0x000000FF ; extract 
                                                            the lower halfword 
                                                            (lower) from the fi
                                                            rst value
  175 0000005A F400 4A7F       AND              r10, r0, #0x0000FF00 ; extract 
                                                            the lower halfword 
                                                            (higher) from the f



ARM Macro Assembler    Page 5 


                                                            irst value
  176 0000005E EA4B 0B0A       ORR              r11, r11, r10 ; merge lower hal
                                                            fword
  177 00000062 F40B 4A00       AND              r10, r11, #0x00008000 ; extract
                                                             the sign bit from 
                                                            the first lower hal
                                                            fword
  178 00000066 F5BA 4F00       CMP              r10, #0x00008000 ; compare
  179 0000006A D103            BNE              low_half_first ; branch if posi
                                                            tive
  180 0000006C F44B 0B7F       ORR              r11, r11, #0x00FF0000 ; extend 
                                                            sign (lower) if neg
                                                            ative
  181 00000070 F04B 4B7F       ORR              r11, r11, #0xFF000000 ; extend 
                                                            sign (higher) if ne
                                                            gative
  182 00000074         low_half_first
  183 00000074         
  184 00000074 F001 0CFF       AND              r12, r1, #0x000000FF ; extract 
                                                            the lower halfword 
                                                            (lower) from the se
                                                            cond value
  185 00000078 F401 4A7F       AND              r10, r1, #0x0000FF00 ; extract 
                                                            the lower halfword 
                                                            (higher) from the s
                                                            econd value
  186 0000007C EA4C 0C0A       ORR              r12, r12, r10 ; merge lower hal
                                                            fword
  187 00000080 F40C 4A00       AND              r10, r12, #0x00008000 ; extract
                                                             the sign bit from 
                                                            the second lower ha
                                                            lfword
  188 00000084 F5BA 4F00       CMP              r10, #0x00008000 ; compare
  189 00000088 D103            BNE              low_half_second
  190 0000008A F44C 0C7F       ORR              r12, r12, #0x00FF0000 ; extend 
                                                            sign (lower) if neg
                                                            ative
  191 0000008E F04C 4C7F       ORR              r12, r12, #0xFF000000 ; extend 
                                                            sign (higher) if ne
                                                            gative
  192 00000092         low_half_second
  193 00000092         
  194 00000092 FB0B F20C       MUL              r2, r11, r12 ; moltiplication o
                                                            f lower halfwords
  195 00000096         
  196 00000096 F400 0B7F       AND              r11, r0, #0x00FF0000 ; extract 
                                                            the higher halfword
                                                             (lower) from the f
                                                            irst value
  197 0000009A F000 4A7F       AND              r10, r0, #0xFF000000 ; extract 
                                                            the higher halfword
                                                             (higher) from the 
                                                            first value
  198 0000009E EA4B 0B0A       ORR              r11, r11, r10 ; merge higher ha
                                                            lfword
  199 000000A2 EA4F 4B2B       ASR              r11, r11, #16 ; arithmetic shif
                                                            t right by 16 bit
  200 000000A6         
  201 000000A6 F401 0C7F       AND              r12, r1, #0x00FF0000 ; extract 



ARM Macro Assembler    Page 6 


                                                            the higher halfword
                                                             (lower) from the s
                                                            econd value
  202 000000AA F001 4A7F       AND              r10, r1, #0xFF000000 ; extract 
                                                            the higher halfword
                                                             (higher) from the 
                                                            second value
  203 000000AE EA4C 0C0A       ORR              r12, r12, r10 ; merge higher ha
                                                            lfword
  204 000000B2 EA4F 4C2C       ASR              r12, r12, #16 ; arithmetic shif
                                                            t right by 16 bit  
                                                             
  205 000000B6         
  206 000000B6 FB0B F30C       MUL              r3, r11, r12 ; moltiplication o
                                                            f higher halfwords 
                                                            
  207 000000BA         
  208 000000BA BD00            POP              {PC}
  209 000000BC                 ENDP
  210 000000BC         
  211 000000BC         
  212 000000BC         
  213 000000BC         ; Dummy Exception Handlers (infinite loops which can be 
                       modified)
  214 000000BC         
  215 000000BC         NMI_Handler
                               PROC
  216 000000BC                 EXPORT           NMI_Handler               [WEAK
]
  217 000000BC E7FE            B                .
  218 000000BE                 ENDP
  220 000000BE         HardFault_Handler
                               PROC
  221 000000BE                 EXPORT           HardFault_Handler         [WEAK
]
  222 000000BE E7FE            B                .
  223 000000C0                 ENDP
  225 000000C0         MemManage_Handler
                               PROC
  226 000000C0                 EXPORT           MemManage_Handler         [WEAK
]
  227 000000C0 E7FE            B                .
  228 000000C2                 ENDP
  230 000000C2         BusFault_Handler
                               PROC
  231 000000C2                 EXPORT           BusFault_Handler          [WEAK
]
  232 000000C2 E7FE            B                .
  233 000000C4                 ENDP
  235 000000C4         UsageFault_Handler
                               PROC
  236 000000C4                 EXPORT           UsageFault_Handler        [WEAK
]
  237 000000C4 E7FE            B                .
  238 000000C6                 ENDP
  239 000000C6         SVC_Handler
                               PROC
  240 000000C6                 EXPORT           SVC_Handler               [WEAK
]



ARM Macro Assembler    Page 7 


  241 000000C6 E7FE            B                .
  242 000000C8                 ENDP
  244 000000C8         DebugMon_Handler
                               PROC
  245 000000C8                 EXPORT           DebugMon_Handler          [WEAK
]
  246 000000C8 E7FE            B                .
  247 000000CA                 ENDP
  248 000000CA         PendSV_Handler
                               PROC
  249 000000CA                 EXPORT           PendSV_Handler            [WEAK
]
  250 000000CA E7FE            B                .
  251 000000CC                 ENDP
  252 000000CC         SysTick_Handler
                               PROC
  253 000000CC                 EXPORT           SysTick_Handler           [WEAK
]
  254 000000CC E7FE            B                .
  255 000000CE                 ENDP
  256 000000CE         
  257 000000CE         Default_Handler
                               PROC
  258 000000CE         
  259 000000CE                 EXPORT           WDT_IRQHandler            [WEAK
]
  260 000000CE                 EXPORT           TIMER0_IRQHandler         [WEAK
]
  261 000000CE                 EXPORT           TIMER1_IRQHandler         [WEAK
]
  262 000000CE                 EXPORT           TIMER2_IRQHandler         [WEAK
]
  263 000000CE                 EXPORT           TIMER3_IRQHandler         [WEAK
]
  264 000000CE                 EXPORT           UART0_IRQHandler          [WEAK
]
  265 000000CE                 EXPORT           UART1_IRQHandler          [WEAK
]
  266 000000CE                 EXPORT           UART2_IRQHandler          [WEAK
]
  267 000000CE                 EXPORT           UART3_IRQHandler          [WEAK
]
  268 000000CE                 EXPORT           PWM1_IRQHandler           [WEAK
]
  269 000000CE                 EXPORT           I2C0_IRQHandler           [WEAK
]
  270 000000CE                 EXPORT           I2C1_IRQHandler           [WEAK
]
  271 000000CE                 EXPORT           I2C2_IRQHandler           [WEAK
]
  272 000000CE                 EXPORT           SPI_IRQHandler            [WEAK
]
  273 000000CE                 EXPORT           SSP0_IRQHandler           [WEAK
]
  274 000000CE                 EXPORT           SSP1_IRQHandler           [WEAK
]
  275 000000CE                 EXPORT           PLL0_IRQHandler           [WEAK
]
  276 000000CE                 EXPORT           RTC_IRQHandler            [WEAK



ARM Macro Assembler    Page 8 


]
  277 000000CE                 EXPORT           EINT0_IRQHandler          [WEAK
]
  278 000000CE                 EXPORT           EINT1_IRQHandler          [WEAK
]
  279 000000CE                 EXPORT           EINT2_IRQHandler          [WEAK
]
  280 000000CE                 EXPORT           EINT3_IRQHandler          [WEAK
]
  281 000000CE                 EXPORT           ADC_IRQHandler            [WEAK
]
  282 000000CE                 EXPORT           BOD_IRQHandler            [WEAK
]
  283 000000CE                 EXPORT           USB_IRQHandler            [WEAK
]
  284 000000CE                 EXPORT           CAN_IRQHandler            [WEAK
]
  285 000000CE                 EXPORT           DMA_IRQHandler            [WEAK
]
  286 000000CE                 EXPORT           I2S_IRQHandler            [WEAK
]
  287 000000CE                 EXPORT           ENET_IRQHandler           [WEAK
]
  288 000000CE                 EXPORT           RIT_IRQHandler            [WEAK
]
  289 000000CE                 EXPORT           MCPWM_IRQHandler          [WEAK
]
  290 000000CE                 EXPORT           QEI_IRQHandler            [WEAK
]
  291 000000CE                 EXPORT           PLL1_IRQHandler           [WEAK
]
  292 000000CE                 EXPORT           USBActivity_IRQHandler    [WEAK
]
  293 000000CE                 EXPORT           CANActivity_IRQHandler    [WEAK
]
  294 000000CE         
  295 000000CE         WDT_IRQHandler
  296 000000CE         TIMER0_IRQHandler
  297 000000CE         TIMER1_IRQHandler
  298 000000CE         TIMER2_IRQHandler
  299 000000CE         TIMER3_IRQHandler
  300 000000CE         UART0_IRQHandler
  301 000000CE         UART1_IRQHandler
  302 000000CE         UART2_IRQHandler
  303 000000CE         UART3_IRQHandler
  304 000000CE         PWM1_IRQHandler
  305 000000CE         I2C0_IRQHandler
  306 000000CE         I2C1_IRQHandler
  307 000000CE         I2C2_IRQHandler
  308 000000CE         SPI_IRQHandler
  309 000000CE         SSP0_IRQHandler
  310 000000CE         SSP1_IRQHandler
  311 000000CE         PLL0_IRQHandler
  312 000000CE         RTC_IRQHandler
  313 000000CE         EINT0_IRQHandler
  314 000000CE         EINT1_IRQHandler
  315 000000CE         EINT2_IRQHandler
  316 000000CE         EINT3_IRQHandler
  317 000000CE         ADC_IRQHandler



ARM Macro Assembler    Page 9 


  318 000000CE         BOD_IRQHandler
  319 000000CE         USB_IRQHandler
  320 000000CE         CAN_IRQHandler
  321 000000CE         DMA_IRQHandler
  322 000000CE         I2S_IRQHandler
  323 000000CE         ENET_IRQHandler
  324 000000CE         RIT_IRQHandler
  325 000000CE         MCPWM_IRQHandler
  326 000000CE         QEI_IRQHandler
  327 000000CE         PLL1_IRQHandler
  328 000000CE         USBActivity_IRQHandler
  329 000000CE         CANActivity_IRQHandler
  330 000000CE         
  331 000000CE E7FE            B                .
  332 000000D0         
  333 000000D0                 ENDP
  334 000000D0         
  335 000000D0         
  336 000000D0                 ALIGN
  337 000000D0         
  338 000000D0         
  339 000000D0         ; User Initial Stack & Heap
  340 000000D0         
  341 000000D0                 IF               :DEF:__MICROLIB
  348 000000D0         
  349 000000D0                 IMPORT           __use_two_region_memory
  350 000000D0                 EXPORT           __user_initial_stackheap
  351 000000D0         __user_initial_stackheap
  352 000000D0         
  353 000000D0 4802            LDR              R0, =  Heap_Mem
  354 000000D2 4903            LDR              R1, =(Stack_Mem + Stack_Size)
  355 000000D4 4A01            LDR              R2, = (Heap_Mem +  Heap_Size)
  356 000000D6 4B03            LDR              R3, = Stack_Mem
  357 000000D8 4770            BX               LR
  358 000000DA         
  359 000000DA 00 00           ALIGN
  360 000000DC         
  361 000000DC                 ENDIF
  362 000000DC         
  363 000000DC         
  364 000000DC                 END
              00000000 
              00000200 
              00000000 
Command Line: --debug --xref --diag_suppress=9931 --cpu=Cortex-M3 --apcs=interw
ork --depend=.\objects\startup_lpc17xx.d -o.\objects\startup_lpc17xx.o -I.\RTE\
Device\LPC1768 -I.\RTE\_Target_1 -IC:\Users\Riccardo\AppData\Local\Arm\Packs\AR
M\CMSIS\5.6.0\CMSIS\Core\Include -IC:\Users\Riccardo\AppData\Local\Arm\Packs\Ke
il\LPC1700_DFP\2.6.0\Device\Include --predefine="__EVAL SETA 1" --predefine="__
UVISION_VERSION SETA 529" --predefine="_RTE_ SETA 1" --predefine="LPC175x_6x SE
TA 1" --list=.\listings\startup_lpc17xx.lst RTE\Device\LPC1768\startup_LPC17xx.
s



ARM Macro Assembler    Page 1 Alphabetic symbol ordering
Relocatable symbols

STACK 00000000

Symbol: STACK
   Definitions
      At line 33 in file RTE\Device\LPC1768\startup_LPC17xx.s
   Uses
      None
Comment: STACK unused
Stack_Mem 00000000

Symbol: Stack_Mem
   Definitions
      At line 34 in file RTE\Device\LPC1768\startup_LPC17xx.s
   Uses
      At line 354 in file RTE\Device\LPC1768\startup_LPC17xx.s
      At line 356 in file RTE\Device\LPC1768\startup_LPC17xx.s

__initial_sp 00000200

Symbol: __initial_sp
   Definitions
      At line 35 in file RTE\Device\LPC1768\startup_LPC17xx.s
   Uses
      At line 59 in file RTE\Device\LPC1768\startup_LPC17xx.s
Comment: __initial_sp used once
3 symbols



ARM Macro Assembler    Page 1 Alphabetic symbol ordering
Relocatable symbols

HEAP 00000000

Symbol: HEAP
   Definitions
      At line 44 in file RTE\Device\LPC1768\startup_LPC17xx.s
   Uses
      None
Comment: HEAP unused
Heap_Mem 00000000

Symbol: Heap_Mem
   Definitions
      At line 46 in file RTE\Device\LPC1768\startup_LPC17xx.s
   Uses
      At line 353 in file RTE\Device\LPC1768\startup_LPC17xx.s
      At line 355 in file RTE\Device\LPC1768\startup_LPC17xx.s

__heap_base 00000000

Symbol: __heap_base
   Definitions
      At line 45 in file RTE\Device\LPC1768\startup_LPC17xx.s
   Uses
      None
Comment: __heap_base unused
__heap_limit 00000000

Symbol: __heap_limit
   Definitions
      At line 47 in file RTE\Device\LPC1768\startup_LPC17xx.s
   Uses
      None
Comment: __heap_limit unused
4 symbols



ARM Macro Assembler    Page 1 Alphabetic symbol ordering
Relocatable symbols

RESET 00000000

Symbol: RESET
   Definitions
      At line 56 in file RTE\Device\LPC1768\startup_LPC17xx.s
   Uses
      None
Comment: RESET unused
__Vectors 00000000

Symbol: __Vectors
   Definitions
      At line 59 in file RTE\Device\LPC1768\startup_LPC17xx.s
   Uses
      At line 57 in file RTE\Device\LPC1768\startup_LPC17xx.s
Comment: __Vectors used once
2 symbols



ARM Macro Assembler    Page 1 Alphabetic symbol ordering
Relocatable symbols

.ARM.__at_0x02FC 00000000

Symbol: .ARM.__at_0x02FC
   Definitions
      At line 115 in file RTE\Device\LPC1768\startup_LPC17xx.s
   Uses
      None
Comment: .ARM.__at_0x02FC unused
CRP_Key 00000000

Symbol: CRP_Key
   Definitions
      At line 116 in file RTE\Device\LPC1768\startup_LPC17xx.s
   Uses
      None
Comment: CRP_Key unused
2 symbols



ARM Macro Assembler    Page 1 Alphabetic symbol ordering
Relocatable symbols

.text 00000000

Symbol: .text
   Definitions
      At line 120 in file RTE\Device\LPC1768\startup_LPC17xx.s
   Uses
      None
Comment: .text unused
ADC_IRQHandler 000000CE

Symbol: ADC_IRQHandler
   Definitions
      At line 317 in file RTE\Device\LPC1768\startup_LPC17xx.s
   Uses
      At line 99 in file RTE\Device\LPC1768\startup_LPC17xx.s
      At line 281 in file RTE\Device\LPC1768\startup_LPC17xx.s

BOD_IRQHandler 000000CE

Symbol: BOD_IRQHandler
   Definitions
      At line 318 in file RTE\Device\LPC1768\startup_LPC17xx.s
   Uses
      At line 100 in file RTE\Device\LPC1768\startup_LPC17xx.s
      At line 282 in file RTE\Device\LPC1768\startup_LPC17xx.s

BusFault_Handler 000000C2

Symbol: BusFault_Handler
   Definitions
      At line 230 in file RTE\Device\LPC1768\startup_LPC17xx.s
   Uses
      At line 64 in file RTE\Device\LPC1768\startup_LPC17xx.s
      At line 231 in file RTE\Device\LPC1768\startup_LPC17xx.s

CANActivity_IRQHandler 000000CE

Symbol: CANActivity_IRQHandler
   Definitions
      At line 329 in file RTE\Device\LPC1768\startup_LPC17xx.s
   Uses
      At line 111 in file RTE\Device\LPC1768\startup_LPC17xx.s
      At line 293 in file RTE\Device\LPC1768\startup_LPC17xx.s

CAN_IRQHandler 000000CE

Symbol: CAN_IRQHandler
   Definitions
      At line 320 in file RTE\Device\LPC1768\startup_LPC17xx.s
   Uses
      At line 102 in file RTE\Device\LPC1768\startup_LPC17xx.s
      At line 284 in file RTE\Device\LPC1768\startup_LPC17xx.s

DMA_IRQHandler 000000CE

Symbol: DMA_IRQHandler
   Definitions
      At line 321 in file RTE\Device\LPC1768\startup_LPC17xx.s
   Uses



ARM Macro Assembler    Page 2 Alphabetic symbol ordering
Relocatable symbols

      At line 103 in file RTE\Device\LPC1768\startup_LPC17xx.s
      At line 285 in file RTE\Device\LPC1768\startup_LPC17xx.s

DebugMon_Handler 000000C8

Symbol: DebugMon_Handler
   Definitions
      At line 244 in file RTE\Device\LPC1768\startup_LPC17xx.s
   Uses
      At line 71 in file RTE\Device\LPC1768\startup_LPC17xx.s
      At line 245 in file RTE\Device\LPC1768\startup_LPC17xx.s

Default_Handler 000000CE

Symbol: Default_Handler
   Definitions
      At line 257 in file RTE\Device\LPC1768\startup_LPC17xx.s
   Uses
      None
Comment: Default_Handler unused
EINT0_IRQHandler 000000CE

Symbol: EINT0_IRQHandler
   Definitions
      At line 313 in file RTE\Device\LPC1768\startup_LPC17xx.s
   Uses
      At line 95 in file RTE\Device\LPC1768\startup_LPC17xx.s
      At line 277 in file RTE\Device\LPC1768\startup_LPC17xx.s

EINT1_IRQHandler 000000CE

Symbol: EINT1_IRQHandler
   Definitions
      At line 314 in file RTE\Device\LPC1768\startup_LPC17xx.s
   Uses
      At line 96 in file RTE\Device\LPC1768\startup_LPC17xx.s
      At line 278 in file RTE\Device\LPC1768\startup_LPC17xx.s

EINT2_IRQHandler 000000CE

Symbol: EINT2_IRQHandler
   Definitions
      At line 315 in file RTE\Device\LPC1768\startup_LPC17xx.s
   Uses
      At line 97 in file RTE\Device\LPC1768\startup_LPC17xx.s
      At line 279 in file RTE\Device\LPC1768\startup_LPC17xx.s

EINT3_IRQHandler 000000CE

Symbol: EINT3_IRQHandler
   Definitions
      At line 316 in file RTE\Device\LPC1768\startup_LPC17xx.s
   Uses
      At line 98 in file RTE\Device\LPC1768\startup_LPC17xx.s
      At line 280 in file RTE\Device\LPC1768\startup_LPC17xx.s

ENET_IRQHandler 000000CE

Symbol: ENET_IRQHandler



ARM Macro Assembler    Page 3 Alphabetic symbol ordering
Relocatable symbols

   Definitions
      At line 323 in file RTE\Device\LPC1768\startup_LPC17xx.s
   Uses
      At line 105 in file RTE\Device\LPC1768\startup_LPC17xx.s
      At line 287 in file RTE\Device\LPC1768\startup_LPC17xx.s

HardFault_Handler 000000BE

Symbol: HardFault_Handler
   Definitions
      At line 220 in file RTE\Device\LPC1768\startup_LPC17xx.s
   Uses
      At line 62 in file RTE\Device\LPC1768\startup_LPC17xx.s
      At line 221 in file RTE\Device\LPC1768\startup_LPC17xx.s

I2C0_IRQHandler 000000CE

Symbol: I2C0_IRQHandler
   Definitions
      At line 305 in file RTE\Device\LPC1768\startup_LPC17xx.s
   Uses
      At line 87 in file RTE\Device\LPC1768\startup_LPC17xx.s
      At line 269 in file RTE\Device\LPC1768\startup_LPC17xx.s

I2C1_IRQHandler 000000CE

Symbol: I2C1_IRQHandler
   Definitions
      At line 306 in file RTE\Device\LPC1768\startup_LPC17xx.s
   Uses
      At line 88 in file RTE\Device\LPC1768\startup_LPC17xx.s
      At line 270 in file RTE\Device\LPC1768\startup_LPC17xx.s

I2C2_IRQHandler 000000CE

Symbol: I2C2_IRQHandler
   Definitions
      At line 307 in file RTE\Device\LPC1768\startup_LPC17xx.s
   Uses
      At line 89 in file RTE\Device\LPC1768\startup_LPC17xx.s
      At line 271 in file RTE\Device\LPC1768\startup_LPC17xx.s

I2S_IRQHandler 000000CE

Symbol: I2S_IRQHandler
   Definitions
      At line 322 in file RTE\Device\LPC1768\startup_LPC17xx.s
   Uses
      At line 104 in file RTE\Device\LPC1768\startup_LPC17xx.s
      At line 286 in file RTE\Device\LPC1768\startup_LPC17xx.s

MCPWM_IRQHandler 000000CE

Symbol: MCPWM_IRQHandler
   Definitions
      At line 325 in file RTE\Device\LPC1768\startup_LPC17xx.s
   Uses
      At line 107 in file RTE\Device\LPC1768\startup_LPC17xx.s
      At line 289 in file RTE\Device\LPC1768\startup_LPC17xx.s



ARM Macro Assembler    Page 4 Alphabetic symbol ordering
Relocatable symbols


MemManage_Handler 000000C0

Symbol: MemManage_Handler
   Definitions
      At line 225 in file RTE\Device\LPC1768\startup_LPC17xx.s
   Uses
      At line 63 in file RTE\Device\LPC1768\startup_LPC17xx.s
      At line 226 in file RTE\Device\LPC1768\startup_LPC17xx.s

NMI_Handler 000000BC

Symbol: NMI_Handler
   Definitions
      At line 215 in file RTE\Device\LPC1768\startup_LPC17xx.s
   Uses
      At line 61 in file RTE\Device\LPC1768\startup_LPC17xx.s
      At line 216 in file RTE\Device\LPC1768\startup_LPC17xx.s

PLL0_IRQHandler 000000CE

Symbol: PLL0_IRQHandler
   Definitions
      At line 311 in file RTE\Device\LPC1768\startup_LPC17xx.s
   Uses
      At line 93 in file RTE\Device\LPC1768\startup_LPC17xx.s
      At line 275 in file RTE\Device\LPC1768\startup_LPC17xx.s

PLL1_IRQHandler 000000CE

Symbol: PLL1_IRQHandler
   Definitions
      At line 327 in file RTE\Device\LPC1768\startup_LPC17xx.s
   Uses
      At line 109 in file RTE\Device\LPC1768\startup_LPC17xx.s
      At line 291 in file RTE\Device\LPC1768\startup_LPC17xx.s

PWM1_IRQHandler 000000CE

Symbol: PWM1_IRQHandler
   Definitions
      At line 304 in file RTE\Device\LPC1768\startup_LPC17xx.s
   Uses
      At line 86 in file RTE\Device\LPC1768\startup_LPC17xx.s
      At line 268 in file RTE\Device\LPC1768\startup_LPC17xx.s

PendSV_Handler 000000CA

Symbol: PendSV_Handler
   Definitions
      At line 248 in file RTE\Device\LPC1768\startup_LPC17xx.s
   Uses
      At line 73 in file RTE\Device\LPC1768\startup_LPC17xx.s
      At line 249 in file RTE\Device\LPC1768\startup_LPC17xx.s

QEI_IRQHandler 000000CE

Symbol: QEI_IRQHandler
   Definitions



ARM Macro Assembler    Page 5 Alphabetic symbol ordering
Relocatable symbols

      At line 326 in file RTE\Device\LPC1768\startup_LPC17xx.s
   Uses
      At line 108 in file RTE\Device\LPC1768\startup_LPC17xx.s
      At line 290 in file RTE\Device\LPC1768\startup_LPC17xx.s

RIT_IRQHandler 000000CE

Symbol: RIT_IRQHandler
   Definitions
      At line 324 in file RTE\Device\LPC1768\startup_LPC17xx.s
   Uses
      At line 106 in file RTE\Device\LPC1768\startup_LPC17xx.s
      At line 288 in file RTE\Device\LPC1768\startup_LPC17xx.s

RTC_IRQHandler 000000CE

Symbol: RTC_IRQHandler
   Definitions
      At line 312 in file RTE\Device\LPC1768\startup_LPC17xx.s
   Uses
      At line 94 in file RTE\Device\LPC1768\startup_LPC17xx.s
      At line 276 in file RTE\Device\LPC1768\startup_LPC17xx.s

Reset_Handler 00000000

Symbol: Reset_Handler
   Definitions
      At line 125 in file RTE\Device\LPC1768\startup_LPC17xx.s
   Uses
      At line 60 in file RTE\Device\LPC1768\startup_LPC17xx.s
      At line 126 in file RTE\Device\LPC1768\startup_LPC17xx.s

SPI_IRQHandler 000000CE

Symbol: SPI_IRQHandler
   Definitions
      At line 308 in file RTE\Device\LPC1768\startup_LPC17xx.s
   Uses
      At line 90 in file RTE\Device\LPC1768\startup_LPC17xx.s
      At line 272 in file RTE\Device\LPC1768\startup_LPC17xx.s

SSP0_IRQHandler 000000CE

Symbol: SSP0_IRQHandler
   Definitions
      At line 309 in file RTE\Device\LPC1768\startup_LPC17xx.s
   Uses
      At line 91 in file RTE\Device\LPC1768\startup_LPC17xx.s
      At line 273 in file RTE\Device\LPC1768\startup_LPC17xx.s

SSP1_IRQHandler 000000CE

Symbol: SSP1_IRQHandler
   Definitions
      At line 310 in file RTE\Device\LPC1768\startup_LPC17xx.s
   Uses
      At line 92 in file RTE\Device\LPC1768\startup_LPC17xx.s
      At line 274 in file RTE\Device\LPC1768\startup_LPC17xx.s




ARM Macro Assembler    Page 6 Alphabetic symbol ordering
Relocatable symbols

SVC_Handler 000000C6

Symbol: SVC_Handler
   Definitions
      At line 239 in file RTE\Device\LPC1768\startup_LPC17xx.s
   Uses
      At line 70 in file RTE\Device\LPC1768\startup_LPC17xx.s
      At line 240 in file RTE\Device\LPC1768\startup_LPC17xx.s

SysTick_Handler 000000CC

Symbol: SysTick_Handler
   Definitions
      At line 252 in file RTE\Device\LPC1768\startup_LPC17xx.s
   Uses
      At line 74 in file RTE\Device\LPC1768\startup_LPC17xx.s
      At line 253 in file RTE\Device\LPC1768\startup_LPC17xx.s

TIMER0_IRQHandler 000000CE

Symbol: TIMER0_IRQHandler
   Definitions
      At line 296 in file RTE\Device\LPC1768\startup_LPC17xx.s
   Uses
      At line 78 in file RTE\Device\LPC1768\startup_LPC17xx.s
      At line 260 in file RTE\Device\LPC1768\startup_LPC17xx.s

TIMER1_IRQHandler 000000CE

Symbol: TIMER1_IRQHandler
   Definitions
      At line 297 in file RTE\Device\LPC1768\startup_LPC17xx.s
   Uses
      At line 79 in file RTE\Device\LPC1768\startup_LPC17xx.s
      At line 261 in file RTE\Device\LPC1768\startup_LPC17xx.s

TIMER2_IRQHandler 000000CE

Symbol: TIMER2_IRQHandler
   Definitions
      At line 298 in file RTE\Device\LPC1768\startup_LPC17xx.s
   Uses
      At line 80 in file RTE\Device\LPC1768\startup_LPC17xx.s
      At line 262 in file RTE\Device\LPC1768\startup_LPC17xx.s

TIMER3_IRQHandler 000000CE

Symbol: TIMER3_IRQHandler
   Definitions
      At line 299 in file RTE\Device\LPC1768\startup_LPC17xx.s
   Uses
      At line 81 in file RTE\Device\LPC1768\startup_LPC17xx.s
      At line 263 in file RTE\Device\LPC1768\startup_LPC17xx.s

UART0_IRQHandler 000000CE

Symbol: UART0_IRQHandler
   Definitions
      At line 300 in file RTE\Device\LPC1768\startup_LPC17xx.s



ARM Macro Assembler    Page 7 Alphabetic symbol ordering
Relocatable symbols

   Uses
      At line 82 in file RTE\Device\LPC1768\startup_LPC17xx.s
      At line 264 in file RTE\Device\LPC1768\startup_LPC17xx.s

UART1_IRQHandler 000000CE

Symbol: UART1_IRQHandler
   Definitions
      At line 301 in file RTE\Device\LPC1768\startup_LPC17xx.s
   Uses
      At line 83 in file RTE\Device\LPC1768\startup_LPC17xx.s
      At line 265 in file RTE\Device\LPC1768\startup_LPC17xx.s

UART2_IRQHandler 000000CE

Symbol: UART2_IRQHandler
   Definitions
      At line 302 in file RTE\Device\LPC1768\startup_LPC17xx.s
   Uses
      At line 84 in file RTE\Device\LPC1768\startup_LPC17xx.s
      At line 266 in file RTE\Device\LPC1768\startup_LPC17xx.s

UART3_IRQHandler 000000CE

Symbol: UART3_IRQHandler
   Definitions
      At line 303 in file RTE\Device\LPC1768\startup_LPC17xx.s
   Uses
      At line 85 in file RTE\Device\LPC1768\startup_LPC17xx.s
      At line 267 in file RTE\Device\LPC1768\startup_LPC17xx.s

USBActivity_IRQHandler 000000CE

Symbol: USBActivity_IRQHandler
   Definitions
      At line 328 in file RTE\Device\LPC1768\startup_LPC17xx.s
   Uses
      At line 110 in file RTE\Device\LPC1768\startup_LPC17xx.s
      At line 292 in file RTE\Device\LPC1768\startup_LPC17xx.s

USB_IRQHandler 000000CE

Symbol: USB_IRQHandler
   Definitions
      At line 319 in file RTE\Device\LPC1768\startup_LPC17xx.s
   Uses
      At line 101 in file RTE\Device\LPC1768\startup_LPC17xx.s
      At line 283 in file RTE\Device\LPC1768\startup_LPC17xx.s

UsageFault_Handler 000000C4

Symbol: UsageFault_Handler
   Definitions
      At line 235 in file RTE\Device\LPC1768\startup_LPC17xx.s
   Uses
      At line 65 in file RTE\Device\LPC1768\startup_LPC17xx.s
      At line 236 in file RTE\Device\LPC1768\startup_LPC17xx.s

WDT_IRQHandler 000000CE



ARM Macro Assembler    Page 8 Alphabetic symbol ordering
Relocatable symbols


Symbol: WDT_IRQHandler
   Definitions
      At line 295 in file RTE\Device\LPC1768\startup_LPC17xx.s
   Uses
      At line 77 in file RTE\Device\LPC1768\startup_LPC17xx.s
      At line 259 in file RTE\Device\LPC1768\startup_LPC17xx.s

__user_initial_stackheap 000000D0

Symbol: __user_initial_stackheap
   Definitions
      At line 351 in file RTE\Device\LPC1768\startup_LPC17xx.s
   Uses
      At line 350 in file RTE\Device\LPC1768\startup_LPC17xx.s
Comment: __user_initial_stackheap used once
low_half_first 00000074

Symbol: low_half_first
   Definitions
      At line 182 in file RTE\Device\LPC1768\startup_LPC17xx.s
   Uses
      At line 179 in file RTE\Device\LPC1768\startup_LPC17xx.s
Comment: low_half_first used once
low_half_second 00000092

Symbol: low_half_second
   Definitions
      At line 192 in file RTE\Device\LPC1768\startup_LPC17xx.s
   Uses
      At line 189 in file RTE\Device\LPC1768\startup_LPC17xx.s
Comment: low_half_second used once
mySMU 00000054

Symbol: mySMU
   Definitions
      At line 171 in file RTE\Device\LPC1768\startup_LPC17xx.s
   Uses
      At line 155 in file RTE\Device\LPC1768\startup_LPC17xx.s
      At line 165 in file RTE\Device\LPC1768\startup_LPC17xx.s

mySMUAD 00000028

Symbol: mySMUAD
   Definitions
      At line 151 in file RTE\Device\LPC1768\startup_LPC17xx.s
   Uses
      At line 137 in file RTE\Device\LPC1768\startup_LPC17xx.s
Comment: mySMUAD used once
mySMUSD 0000003E

Symbol: mySMUSD
   Definitions
      At line 161 in file RTE\Device\LPC1768\startup_LPC17xx.s
   Uses
      At line 141 in file RTE\Device\LPC1768\startup_LPC17xx.s
Comment: mySMUSD used once
stop 00000026




ARM Macro Assembler    Page 9 Alphabetic symbol ordering
Relocatable symbols

Symbol: stop
   Definitions
      At line 148 in file RTE\Device\LPC1768\startup_LPC17xx.s
   Uses
      At line 148 in file RTE\Device\LPC1768\startup_LPC17xx.s
Comment: stop used once
54 symbols



ARM Macro Assembler    Page 1 Alphabetic symbol ordering
Absolute symbols

Heap_Size 00000000

Symbol: Heap_Size
   Definitions
      At line 42 in file RTE\Device\LPC1768\startup_LPC17xx.s
   Uses
      At line 46 in file RTE\Device\LPC1768\startup_LPC17xx.s
      At line 355 in file RTE\Device\LPC1768\startup_LPC17xx.s

Stack_Size 00000200

Symbol: Stack_Size
   Definitions
      At line 31 in file RTE\Device\LPC1768\startup_LPC17xx.s
   Uses
      At line 34 in file RTE\Device\LPC1768\startup_LPC17xx.s
      At line 354 in file RTE\Device\LPC1768\startup_LPC17xx.s

2 symbols



ARM Macro Assembler    Page 1 Alphabetic symbol ordering
External symbols

__use_two_region_memory 00000000

Symbol: __use_two_region_memory
   Definitions
      At line 349 in file RTE\Device\LPC1768\startup_LPC17xx.s
   Uses
      None
Comment: __use_two_region_memory unused
1 symbol
408 symbols in table
