


ARM Macro Assembler    Page 1 


    1 00000000         ;/******************************************************
                       ********************//**
    2 00000000         ; * @file     startup_LPC17xx.s
    3 00000000         ; * @brief    CMSIS Cortex-M3 Core Device Startup File f
                       or
    4 00000000         ; *           NXP LPC17xx Device Series
    5 00000000         ; * @version  V1.10
    6 00000000         ; * @date     06. April 2011
    7 00000000         ; *
    8 00000000         ; * @note
    9 00000000         ; * Copyright (C) 2009-2011 ARM Limited. All rights rese
                       rved.
   10 00000000         ; *
   11 00000000         ; * @par
   12 00000000         ; * ARM Limited (ARM) is supplying this software for use
                        with Cortex-M
   13 00000000         ; * processor based microcontrollers.  This file can be 
                       freely distributed
   14 00000000         ; * within development tools that are supporting such AR
                       M based processors.
   15 00000000         ; *
   16 00000000         ; * @par
   17 00000000         ; * THIS SOFTWARE IS PROVIDED "AS IS".  NO WARRANTIES, W
                       HETHER EXPRESS, IMPLIED
   18 00000000         ; * OR STATUTORY, INCLUDING, BUT NOT LIMITED TO, IMPLIED
                        WARRANTIES OF
   19 00000000         ; * MERCHANTABILITY AND FITNESS FOR A PARTICULAR PURPOSE
                        APPLY TO THIS SOFTWARE.
   20 00000000         ; * ARM SHALL NOT, IN ANY CIRCUMSTANCES, BE LIABLE FOR S
                       PECIAL, INCIDENTAL, OR
   21 00000000         ; * CONSEQUENTIAL DAMAGES, FOR ANY REASON WHATSOEVER.
   22 00000000         ; *
   23 00000000         ; ******************************************************
                       ************************/
   24 00000000         
   25 00000000         ; *------- <<< Use Configuration Wizard in Context Menu 
                       >>> ------------------
   26 00000000         
   27 00000000         ; <h> Stack Configuration
   28 00000000         ;   <o> Stack Size (in Bytes) <0x0-0xFFFFFFFF:8>
   29 00000000         ; </h>
   30 00000000         
   31 00000000 00000200 
                       Stack_Size
                               EQU              0x00000200
   32 00000000         
   33 00000000                 AREA             STACK, NOINIT, READWRITE, ALIGN
=3
   34 00000000         Stack_Mem
                               SPACE            Stack_Size
   35 00000200         __initial_sp
   36 00000200         
   37 00000200         
   38 00000200         ; <h> Heap Configuration
   39 00000200         ;   <o>  Heap Size (in Bytes) <0x0-0xFFFFFFFF:8>
   40 00000200         ; </h>
   41 00000200         
   42 00000200 00000000 
                       Heap_Size



ARM Macro Assembler    Page 2 


                               EQU              0x00000000
   43 00000200         
   44 00000200                 AREA             HEAP, NOINIT, READWRITE, ALIGN=
3
   45 00000000         __heap_base
   46 00000000         Heap_Mem
                               SPACE            Heap_Size
   47 00000000         __heap_limit
   48 00000000         
   49 00000000         
   50 00000000                 PRESERVE8
   51 00000000                 THUMB
   52 00000000         
   53 00000000         
   54 00000000         ; Vector Table Mapped to Address 0 at Reset
   55 00000000         
   56 00000000                 AREA             RESET, DATA, READONLY
   57 00000000                 EXPORT           __Vectors
   58 00000000         
   59 00000000 00000000 
                       __Vectors
                               DCD              __initial_sp ; Top of Stack
   60 00000004 00000000        DCD              Reset_Handler ; Reset Handler
   61 00000008 00000000        DCD              NMI_Handler ; NMI Handler
   62 0000000C 00000000        DCD              HardFault_Handler ; Hard Fault 
                                                            Handler
   63 00000010 00000000        DCD              MemManage_Handler 
                                                            ; MPU Fault Handler
                                                            
   64 00000014 00000000        DCD              BusFault_Handler 
                                                            ; Bus Fault Handler
                                                            
   65 00000018 00000000        DCD              UsageFault_Handler ; Usage Faul
                                                            t Handler
   66 0000001C 00000000        DCD              0           ; Reserved
   67 00000020 00000000        DCD              0           ; Reserved
   68 00000024 00000000        DCD              0           ; Reserved
   69 00000028 00000000        DCD              0           ; Reserved
   70 0000002C 00000000        DCD              SVC_Handler ; SVCall Handler
   71 00000030 00000000        DCD              DebugMon_Handler ; Debug Monito
                                                            r Handler
   72 00000034 00000000        DCD              0           ; Reserved
   73 00000038 00000000        DCD              PendSV_Handler ; PendSV Handler
                                                            
   74 0000003C 00000000        DCD              SysTick_Handler 
                                                            ; SysTick Handler
   75 00000040         
   76 00000040         ; External Interrupts
   77 00000040 00000000        DCD              WDT_IRQHandler ; 16: Watchdog T
                                                            imer
   78 00000044 00000000        DCD              TIMER0_IRQHandler ; 17: Timer0
   79 00000048 00000000        DCD              TIMER1_IRQHandler ; 18: Timer1
   80 0000004C 00000000        DCD              TIMER2_IRQHandler ; 19: Timer2
   81 00000050 00000000        DCD              TIMER3_IRQHandler ; 20: Timer3
   82 00000054 00000000        DCD              UART0_IRQHandler ; 21: UART0
   83 00000058 00000000        DCD              UART1_IRQHandler ; 22: UART1
   84 0000005C 00000000        DCD              UART2_IRQHandler ; 23: UART2
   85 00000060 00000000        DCD              UART3_IRQHandler ; 24: UART3
   86 00000064 00000000        DCD              PWM1_IRQHandler ; 25: PWM1



ARM Macro Assembler    Page 3 


   87 00000068 00000000        DCD              I2C0_IRQHandler ; 26: I2C0
   88 0000006C 00000000        DCD              I2C1_IRQHandler ; 27: I2C1
   89 00000070 00000000        DCD              I2C2_IRQHandler ; 28: I2C2
   90 00000074 00000000        DCD              SPI_IRQHandler ; 29: SPI
   91 00000078 00000000        DCD              SSP0_IRQHandler ; 30: SSP0
   92 0000007C 00000000        DCD              SSP1_IRQHandler ; 31: SSP1
   93 00000080 00000000        DCD              PLL0_IRQHandler ; 32: PLL0 Lock
                                                             (Main PLL)
   94 00000084 00000000        DCD              RTC_IRQHandler ; 33: Real Time 
                                                            Clock
   95 00000088 00000000        DCD              EINT0_IRQHandler ; 34: External
                                                             Interrupt 0
   96 0000008C 00000000        DCD              EINT1_IRQHandler ; 35: External
                                                             Interrupt 1
   97 00000090 00000000        DCD              EINT2_IRQHandler ; 36: External
                                                             Interrupt 2
   98 00000094 00000000        DCD              EINT3_IRQHandler ; 37: External
                                                             Interrupt 3
   99 00000098 00000000        DCD              ADC_IRQHandler 
                                                            ; 38: A/D Converter
                                                            
  100 0000009C 00000000        DCD              BOD_IRQHandler ; 39: Brown-Out 
                                                            Detect
  101 000000A0 00000000        DCD              USB_IRQHandler ; 40: USB
  102 000000A4 00000000        DCD              CAN_IRQHandler ; 41: CAN
  103 000000A8 00000000        DCD              DMA_IRQHandler ; 42: General Pu
                                                            rpose DMA
  104 000000AC 00000000        DCD              I2S_IRQHandler ; 43: I2S
  105 000000B0 00000000        DCD              ENET_IRQHandler ; 44: Ethernet
  106 000000B4 00000000        DCD              RIT_IRQHandler ; 45: Repetitive
                                                             Interrupt Timer
  107 000000B8 00000000        DCD              MCPWM_IRQHandler ; 46: Motor Co
                                                            ntrol PWM
  108 000000BC 00000000        DCD              QEI_IRQHandler ; 47: Quadrature
                                                             Encoder Interface
  109 000000C0 00000000        DCD              PLL1_IRQHandler ; 48: PLL1 Lock
                                                             (USB PLL)
  110 000000C4 00000000        DCD              USBActivity_IRQHandler ; 49: US
                                                            B Activity interrup
                                                            t to wakeup
  111 000000C8 00000000        DCD              CANActivity_IRQHandler ; 50: CA
                                                            N Activity interrup
                                                            t to wakeup
  112 000000CC         
  113 000000CC         
  114 000000CC                 IF               :LNOT::DEF:NO_CRP
  115 000000CC                 AREA             |.ARM.__at_0x02FC|, CODE, READO
NLY
  116 00000000 FFFFFFFF 
                       CRP_Key DCD              0xFFFFFFFF
  117 00000004                 ENDIF
  118 00000004         
  119 00000004         
  120 00000004                 AREA             |.text|, CODE, READONLY
  121 00000000         
  122 00000000 00000004 
                       word    EQU              0x00000004  ; 4 byte = 1 word
  123 00000000 00000004 
                       N       EQU              0x00000004  ; rows of Matrix_A



ARM Macro Assembler    Page 4 


  124 00000000 00000007 
                       M       EQU              0x00000007  ; columns of Matrix
                                                            _A and rows of Matr
                                                            ix_B
  125 00000000 00000005 
                       P       EQU              0x00000005  ; columns of Matrix
                                                            _B
  126 00000000 00000010 
                       N_word  EQU              N*word
  127 00000000 0000001C 
                       M_word  EQU              M*word
  128 00000000 00000014 
                       P_word  EQU              P*word
  129 00000000 0000001C 
                       NM      EQU              N*M
  130 00000000 00000023 
                       MP      EQU              M*P
  131 00000000 00000014 
                       NP      EQU              N*P
  132 00000000 00000070 
                       NM_word EQU              NM*word
  133 00000000 0000008C 
                       MP_word EQU              MP*word
  134 00000000 00000050 
                       NP_word EQU              NP*word
  135 00000000 00000007 
                       sum_iteration
                               EQU              M
  136 00000000 00000004 
                       row_iteration
                               EQU              N
  137 00000000 00000005 
                       col_iteration
                               EQU              P
  138 00000000         
  139 00000000        7 
                       counter RN               7
  140 00000000        8 
                       h_partial_sum
                               RN               8
  141 00000000        9 
                       l_partial_sum
                               RN               9
  142 00000000        A 
                       element_A
                               RN               10
  143 00000000        B 
                       element_B
                               RN               11
  144 00000000        C 
                       element_C
                               RN               12
  145 00000000         
  146 00000000                 AREA             exercise, DATA, READWRITE
  147 00000000 00 00 00 
              00 00 00 
              00 00 00 
              00 00 00 
              00 00 00 



ARM Macro Assembler    Page 5 


              00 00 00 
              00 00 00 
              00 00 00 
              00 00 00 
              00 00 00 
              00 00 00 
              00 00 00 
              00 00 00 
              00 00 00 
              00 00 00 
              00 00 00 
              00 00 00 
              00 00 00 
              00 00 00 
              00 00 00 
              00 00 00 
              00 00 00 
              00 00 00 
              00 00 00 
              00 00 00 
              00 00 00 
              00 00 00 
              00 00 00 
              00 00 00 
              00 00 00 
              00 00 00 
              00 00 00 
              00 00 00 
              00 00 00 
              00 00 00 
              00 00 00 
              00 00 00 
              00       Matrix_C
                               SPACE            NM_word
  148 00000070         
  149 00000070                 AREA             |.text|, CODE, READONLY
  150 00000000         ;Matrix_A  DCD   4, -3, 5,  1
  151 00000000         ;    DCD   3, -5, 0, 11
  152 00000000         ;    DCD  -5, 12, 4, -5
  153 00000000         
  154 00000000 00000BB8 
              000036B0 
              FFFFC568 
              00002328 
              00006590 
              FFFF30F8 
              00001388 Matrix_A
                               DCD              0x00000BB8, 0x000036B0, 0xFFFFC
568, 0x00002328, 0x00006590, 0xFFFF30F8, 0x00001388
  155 0000001C 00015BA8 
              00013498 
              00000BB8 
              000059D8 
              00014820 
              FFFFE890 
              FFFF8AD0         DCD              0x00015BA8, 0x00013498, 0x00000
BB8, 0x000059D8, 0x00014820, 0xFFFFE890, 0xFFFF8AD0
  156 00000038 0000A7F8 
              FFFFF448 



ARM Macro Assembler    Page 6 


              00014438 
              00006978 
              FFFFDCD8 
              0000C350 
              00006D60         DCD              0x0000A7F8, 0xFFFFF448, 0x00014
438, 0x00006978, 0xFFFFDCD8, 0x0000C350, 0x00006D60
  157 00000054 FFFEA840 
              0000A028 
              00017AE8 
              FFFE6DA8 
              00010D88 
              00009858 
              FFFFDCD8         DCD              0xFFFEA840, 0x0000A028, 0x00017
AE8, 0xFFFE6DA8, 0x00010D88, 0x00009858, 0xFFFFDCD8
  158 00000070         
  159 00000070         ;Matrix_B  DCD   -2,  3
  160 00000070         ;    DCD    5, -1
  161 00000070         ;    DCD    4,  3
  162 00000070         ;    DCD    9, -7
  163 00000070         
  164 00000070 00009088 
              FFFE7578 
              00000000 
              0000E290 
              FFFFB1E0 Matrix_B
                               DCD              0x00009088, 0xFFFE7578, 0x00000
000, 0x0000E290, 0xFFFFB1E0
  165 00000084 00002328 
              00012110 
              00016F30 
              FFFFF060 
              0000E678         DCD              0x00002328, 0x00012110, 0x00016
F30, 0xFFFFF060, 0x0000E678
  166 00000098 FFFFA628 
              00015F90 
              FFFECF50 
              00003E80 
              FFFFF060         DCD              0xFFFFA628, 0x00015F90, 0xFFFEC
F50, 0x00003E80, 0xFFFFF060
  167 000000AC 00000000 
              FFFF0DD0 
              00014FF0 
              00004E20 
              00015BA8         DCD              0x00000000, 0xFFFF0DD0, 0x00014
FF0, 0x00004E20, 0x00015BA8
  168 000000C0 00002328 
              00014FF0 
              00006D60 
              00000000 
              FFFF7B30         DCD              0x00002328, 0x00014FF0, 0x00006
D60, 0x00000000, 0xFFFF7B30
  169 000000D4 00014050 
              00001388 
              000084D0 
              FFFFADF8 
              000003E8         DCD              0x00014050, 0x00001388, 0x00008
4D0, 0xFFFFADF8, 0x000003E8
  170 000000E8 00011170 
              FFFEFA48 



ARM Macro Assembler    Page 7 


              00002328 
              00014050 
              000036B0         DCD              0x00011170, 0xFFFEFA48, 0x00002
328, 0x00014050, 0x000036B0
  171 000000FC         
  172 000000FC         ; Reset Handler
  173 000000FC         
  174 000000FC         Reset_Handler
                               PROC
  175 000000FC                 EXPORT           Reset_Handler             [WEAK
]
  176 000000FC F8DF C0F0       LDR              element_C, =Matrix_C ; Address 
                                                            of Matrix_C
  177 00000100 F8DF A0F0       LDR              element_A, =Matrix_A ; Address 
                                                            of Matrix_A
  178 00000104 F8DF B0F0       LDR              element_B, =Matrix_B ; Address 
                                                            of Matrix_B
  179 00000108         
  180 00000108 F7FF FFFE       BL               col_cycle
  181 0000010C         
  182 0000010C BF00            NOP
  183 0000010E BF00            NOP
  184 00000110 BF00            NOP
  185 00000112         
  186 00000112 E7FE    stop    B                stop
  187 00000114                 ENDP
  188 00000114         
  189 00000114         col_cycle
                               PROC
  190 00000114 E92D 4480       PUSH             {element_A, counter, LR}
  191 00000118 F04F 0800       MOV              h_partial_sum, #0 ; reset high 
                                                            partial sum
  192 0000011C F04F 0900       MOV              l_partial_sum, #0 ; reset low p
                                                            artial sum
  193 00000120 F04F 0704       MOV              counter, #row_iteration ; load 
                                                            the number of rows 
                                                            of Marix_C
  194 00000124 F7FF FFFE 
                       col_items
                               BL               row_cycle
  195 00000128 F10A 0A1C       ADD              element_A, element_A, #M_word ;
                                                             next row of Marix_
                                                            A (new row)
  196 0000012C F1A7 0701       SUB              counter, counter, #1 
                                                            ; decrement counter
                                                            
  197 00000130 2F00            CMP              counter, #0 ; check if counter 
                                                            is #0
  198 00000132 D1F7            BNE              col_items   ; return to column 
                                                            items if count is n
                                                            ot #0
  199 00000134 E8BD 8480       POP              {element_A, counter, PC} 
                                                            ; return
  200 00000138                 ENDP
  201 00000138         
  202 00000138         row_cycle
                               PROC
  203 00000138 E92D 4880       PUSH             {element_B, counter, LR}
  204 0000013C F04F 0705       MOV              counter, #col_iteration ; load 



ARM Macro Assembler    Page 8 


                                                            the number of colum
                                                            s of Marix_C
  205 00000140 F7FF FFFE 
                       row_items
                               BL               sum_elements
  206 00000144 F10B 0B04       ADD              element_B, element_B, #word ; n
                                                            ext element of Mari
                                                            x_B (new column)
  207 00000148 F1A7 0701       SUB              counter, counter, #1 
                                                            ; decrement counter
                                                            
  208 0000014C 2F00            CMP              counter, #0 ; check if counter 
                                                            is #0
  209 0000014E D1F7            BNE              row_items   ; return to row ite
                                                            ms if count is not 
                                                            #0
  210 00000150 E8BD 8880       POP              {element_B, counter, PC} 
                                                            ; return
  211 00000154                 ENDP
  212 00000154         
  213 00000154         sum_elements
                               PROC
  214 00000154 E92D 4F80       PUSH             {element_A, element_B, h_partia
l_sum, l_partial_sum, counter, LR}
  215 00000158 F04F 0707       MOV              counter, #sum_iteration ; load 
                                                            the number of sums
  216 0000015C F7FF FFFE 
                       sum_items
                               BL               mul_elements 
                                                            ; call mul_elements
                                                            
  217 00000160 F10A 0A04       ADD              element_A, element_A, #word ; n
                                                            ext element of Mari
                                                            x_A (new column)
  218 00000164 F10B 0B14       ADD              element_B, element_B, #P_word ;
                                                             next element of Ma
                                                            rix_B (new row)
  219 00000168 F1A7 0701       SUB              counter, counter, #1 
                                                            ; decrement counter
                                                            
  220 0000016C 2F00            CMP              counter, #0 ; check if counter 
                                                            is #0
  221 0000016E D1F5            BNE              sum_items   ; return to sum ite
                                                            ms if count is not 
                                                            #0
  222 00000170 F7FF FFFE       BL               check_result ; check overflow
  223 00000174 F8CC 9000       STR              l_partial_sum, [element_C] 
                                                            ; store result
  224 00000178 F10C 0C04       ADD              element_C, element_C, #word ; n
                                                            ext element of Mari
                                                            x_C
  225 0000017C E8BD 8F80       POP              {element_A, element_B, h_partia
l_sum, l_partial_sum, counter, PC}
  226 00000180                 ENDP
  227 00000180         
  228 00000180         mul_elements
                               PROC
  229 00000180 B580            PUSH             {counter, LR}
  230 00000182 F8DA 0000       LDR              r0, [element_A] ; load value fr



ARM Macro Assembler    Page 9 


                                                            om Matrix_A
  231 00000186 F8DB 1000       LDR              r1, [element_B] ; load value fr
                                                            om Matrix_B
  232 0000018A FB80 2301       SMULL            r2, r3, r0, r1 ; signed multipl
                                                            ication with 64-bit
                                                             result [SMULL <RLo
                                                            >, <RHi>, <Rn>, <Rm
                                                            >]
  233 0000018E EB19 0902       ADDS             l_partial_sum, l_partial_sum, r
2 
                                                            ; store low partial
                                                             result setting car
                                                            ry
  234 00000192 EB58 0803       ADCS             h_partial_sum, h_partial_sum, r
3 
                                                            ; store high partia
                                                            l result adding car
                                                            ry
  235 00000196 BD80            POP              {counter, PC} ; return
  236 00000198                 ENDP
  237 00000198         
  238 00000198         check_result
                               PROC
  239 00000198 B500            PUSH             {LR}
  240 0000019A F1B8 0F00 
                       pos_compare
                               CMP              h_partial_sum, #0x00000000 ; ch
                                                            eck direct overflow
                                                             (positive)
  241 0000019E D103            BNE              neg_compare
  242 000001A0 F009 4700       AND              counter, l_partial_sum, #0x8000
0000
  243 000001A4 2F00            CMP              counter, #0x00000000
  244 000001A6 D011            BEQ              end_compare ; right positive re
                                                            sult     
  245 000001A8 F1B8 3FFF 
                       neg_compare
                               CMP              h_partial_sum, #0xFFFFFFFF ; ch
                                                            eck direct overflow
                                                             (negative)
  246 000001AC D104            BNE              overflow
  247 000001AE F009 4700       AND              counter, l_partial_sum, #0x8000
0000
  248 000001B2 F1B7 4F00       CMP              counter, #0x80000000
  249 000001B6 D009            BEQ              end_compare ; right negative re
                                                            sult    
  250 000001B8 F008 4700 
                       overflow
                               AND              counter, h_partial_sum, #0x8000
0000 
                                                            ; check indirect ov
                                                            erflow (positive)
  251 000001BC F1B7 4F00       CMP              counter, #0x80000000
  252 000001C0 D102            BNE              neg_overflow
  253 000001C2 F04F 4900 
                       pos_overflow
                               MOV              l_partial_sum, #0x80000000 
                                                            ; positive overflow
                                                            



ARM Macro Assembler    Page 10 


  254 000001C6 E001            B                end_compare
  255 000001C8 F06F 4900 
                       neg_overflow
                               MOV              l_partial_sum, #0x7FFFFFFF ; ne
                                                            gative overflow 
  256 000001CC         end_compare
  257 000001CC BD00            POP              {PC}        ; return
  258 000001CE                 ENDP
  259 000001CE         
  260 000001CE         
  261 000001CE         ; Dummy Exception Handlers (infinite loops which can be 
                       modified)
  262 000001CE         
  263 000001CE         NMI_Handler
                               PROC
  264 000001CE                 EXPORT           NMI_Handler               [WEAK
]
  265 000001CE E7FE            B                .
  266 000001D0                 ENDP
  268 000001D0         HardFault_Handler
                               PROC
  269 000001D0                 EXPORT           HardFault_Handler         [WEAK
]
  270 000001D0 E7FE            B                .
  271 000001D2                 ENDP
  273 000001D2         MemManage_Handler
                               PROC
  274 000001D2                 EXPORT           MemManage_Handler         [WEAK
]
  275 000001D2 E7FE            B                .
  276 000001D4                 ENDP
  278 000001D4         BusFault_Handler
                               PROC
  279 000001D4                 EXPORT           BusFault_Handler          [WEAK
]
  280 000001D4 E7FE            B                .
  281 000001D6                 ENDP
  283 000001D6         UsageFault_Handler
                               PROC
  284 000001D6                 EXPORT           UsageFault_Handler        [WEAK
]
  285 000001D6 E7FE            B                .
  286 000001D8                 ENDP
  287 000001D8         SVC_Handler
                               PROC
  288 000001D8                 EXPORT           SVC_Handler               [WEAK
]
  289 000001D8 E7FE            B                .
  290 000001DA                 ENDP
  292 000001DA         DebugMon_Handler
                               PROC
  293 000001DA                 EXPORT           DebugMon_Handler          [WEAK
]
  294 000001DA E7FE            B                .
  295 000001DC                 ENDP
  296 000001DC         PendSV_Handler
                               PROC
  297 000001DC                 EXPORT           PendSV_Handler            [WEAK
]



ARM Macro Assembler    Page 11 


  298 000001DC E7FE            B                .
  299 000001DE                 ENDP
  300 000001DE         SysTick_Handler
                               PROC
  301 000001DE                 EXPORT           SysTick_Handler           [WEAK
]
  302 000001DE E7FE            B                .
  303 000001E0                 ENDP
  304 000001E0         
  305 000001E0         Default_Handler
                               PROC
  306 000001E0         
  307 000001E0                 EXPORT           WDT_IRQHandler            [WEAK
]
  308 000001E0                 EXPORT           TIMER0_IRQHandler         [WEAK
]
  309 000001E0                 EXPORT           TIMER1_IRQHandler         [WEAK
]
  310 000001E0                 EXPORT           TIMER2_IRQHandler         [WEAK
]
  311 000001E0                 EXPORT           TIMER3_IRQHandler         [WEAK
]
  312 000001E0                 EXPORT           UART0_IRQHandler          [WEAK
]
  313 000001E0                 EXPORT           UART1_IRQHandler          [WEAK
]
  314 000001E0                 EXPORT           UART2_IRQHandler          [WEAK
]
  315 000001E0                 EXPORT           UART3_IRQHandler          [WEAK
]
  316 000001E0                 EXPORT           PWM1_IRQHandler           [WEAK
]
  317 000001E0                 EXPORT           I2C0_IRQHandler           [WEAK
]
  318 000001E0                 EXPORT           I2C1_IRQHandler           [WEAK
]
  319 000001E0                 EXPORT           I2C2_IRQHandler           [WEAK
]
  320 000001E0                 EXPORT           SPI_IRQHandler            [WEAK
]
  321 000001E0                 EXPORT           SSP0_IRQHandler           [WEAK
]
  322 000001E0                 EXPORT           SSP1_IRQHandler           [WEAK
]
  323 000001E0                 EXPORT           PLL0_IRQHandler           [WEAK
]
  324 000001E0                 EXPORT           RTC_IRQHandler            [WEAK
]
  325 000001E0                 EXPORT           EINT0_IRQHandler          [WEAK
]
  326 000001E0                 EXPORT           EINT1_IRQHandler          [WEAK
]
  327 000001E0                 EXPORT           EINT2_IRQHandler          [WEAK
]
  328 000001E0                 EXPORT           EINT3_IRQHandler          [WEAK
]
  329 000001E0                 EXPORT           ADC_IRQHandler            [WEAK
]
  330 000001E0                 EXPORT           BOD_IRQHandler            [WEAK



ARM Macro Assembler    Page 12 


]
  331 000001E0                 EXPORT           USB_IRQHandler            [WEAK
]
  332 000001E0                 EXPORT           CAN_IRQHandler            [WEAK
]
  333 000001E0                 EXPORT           DMA_IRQHandler            [WEAK
]
  334 000001E0                 EXPORT           I2S_IRQHandler            [WEAK
]
  335 000001E0                 EXPORT           ENET_IRQHandler           [WEAK
]
  336 000001E0                 EXPORT           RIT_IRQHandler            [WEAK
]
  337 000001E0                 EXPORT           MCPWM_IRQHandler          [WEAK
]
  338 000001E0                 EXPORT           QEI_IRQHandler            [WEAK
]
  339 000001E0                 EXPORT           PLL1_IRQHandler           [WEAK
]
  340 000001E0                 EXPORT           USBActivity_IRQHandler    [WEAK
]
  341 000001E0                 EXPORT           CANActivity_IRQHandler    [WEAK
]
  342 000001E0         
  343 000001E0         WDT_IRQHandler
  344 000001E0         TIMER0_IRQHandler
  345 000001E0         TIMER1_IRQHandler
  346 000001E0         TIMER2_IRQHandler
  347 000001E0         TIMER3_IRQHandler
  348 000001E0         UART0_IRQHandler
  349 000001E0         UART1_IRQHandler
  350 000001E0         UART2_IRQHandler
  351 000001E0         UART3_IRQHandler
  352 000001E0         PWM1_IRQHandler
  353 000001E0         I2C0_IRQHandler
  354 000001E0         I2C1_IRQHandler
  355 000001E0         I2C2_IRQHandler
  356 000001E0         SPI_IRQHandler
  357 000001E0         SSP0_IRQHandler
  358 000001E0         SSP1_IRQHandler
  359 000001E0         PLL0_IRQHandler
  360 000001E0         RTC_IRQHandler
  361 000001E0         EINT0_IRQHandler
  362 000001E0         EINT1_IRQHandler
  363 000001E0         EINT2_IRQHandler
  364 000001E0         EINT3_IRQHandler
  365 000001E0         ADC_IRQHandler
  366 000001E0         BOD_IRQHandler
  367 000001E0         USB_IRQHandler
  368 000001E0         CAN_IRQHandler
  369 000001E0         DMA_IRQHandler
  370 000001E0         I2S_IRQHandler
  371 000001E0         ENET_IRQHandler
  372 000001E0         RIT_IRQHandler
  373 000001E0         MCPWM_IRQHandler
  374 000001E0         QEI_IRQHandler
  375 000001E0         PLL1_IRQHandler
  376 000001E0         USBActivity_IRQHandler
  377 000001E0         CANActivity_IRQHandler



ARM Macro Assembler    Page 13 


  378 000001E0         
  379 000001E0 E7FE            B                .
  380 000001E2         
  381 000001E2                 ENDP
  382 000001E2         
  383 000001E2         
  384 000001E2 00 00           ALIGN
  385 000001E4         
  386 000001E4         
  387 000001E4         ; User Initial Stack & Heap
  388 000001E4         
  389 000001E4                 IF               :DEF:__MICROLIB
  396 000001E4         
  397 000001E4                 IMPORT           __use_two_region_memory
  398 000001E4                 EXPORT           __user_initial_stackheap
  399 000001E4         __user_initial_stackheap
  400 000001E4         
  401 000001E4 4805            LDR              R0, =  Heap_Mem
  402 000001E6 4906            LDR              R1, =(Stack_Mem + Stack_Size)
  403 000001E8 4A04            LDR              R2, = (Heap_Mem +  Heap_Size)
  404 000001EA 4B06            LDR              R3, = Stack_Mem
  405 000001EC 4770            BX               LR
  406 000001EE         
  407 000001EE 00 00           ALIGN
  408 000001F0         
  409 000001F0                 ENDIF
  410 000001F0         
  411 000001F0         
  412 000001F0                 END
              00000000 
              00000000 
              00000000 
              00000000 
              00000200 
              00000000 
Command Line: --debug --xref --diag_suppress=9931 --cpu=Cortex-M3 --apcs=interw
ork --depend=.\objects\startup_lpc17xx.d -o.\objects\startup_lpc17xx.o -I.\RTE\
Device\LPC1768 -I.\RTE\_Target_1 -IC:\Users\Riccardo\AppData\Local\Arm\Packs\AR
M\CMSIS\5.6.0\CMSIS\Core\Include -IC:\Users\Riccardo\AppData\Local\Arm\Packs\Ke
il\LPC1700_DFP\2.6.0\Device\Include --predefine="__EVAL SETA 1" --predefine="__
UVISION_VERSION SETA 529" --predefine="_RTE_ SETA 1" --predefine="LPC175x_6x SE
TA 1" --list=.\listings\startup_lpc17xx.lst RTE\Device\LPC1768\startup_LPC17xx.
s



ARM Macro Assembler    Page 1 Alphabetic symbol ordering
Relocatable symbols

STACK 00000000

Symbol: STACK
   Definitions
      At line 33 in file RTE\Device\LPC1768\startup_LPC17xx.s
   Uses
      None
Comment: STACK unused
Stack_Mem 00000000

Symbol: Stack_Mem
   Definitions
      At line 34 in file RTE\Device\LPC1768\startup_LPC17xx.s
   Uses
      At line 402 in file RTE\Device\LPC1768\startup_LPC17xx.s
      At line 404 in file RTE\Device\LPC1768\startup_LPC17xx.s

__initial_sp 00000200

Symbol: __initial_sp
   Definitions
      At line 35 in file RTE\Device\LPC1768\startup_LPC17xx.s
   Uses
      At line 59 in file RTE\Device\LPC1768\startup_LPC17xx.s
Comment: __initial_sp used once
3 symbols



ARM Macro Assembler    Page 1 Alphabetic symbol ordering
Relocatable symbols

HEAP 00000000

Symbol: HEAP
   Definitions
      At line 44 in file RTE\Device\LPC1768\startup_LPC17xx.s
   Uses
      None
Comment: HEAP unused
Heap_Mem 00000000

Symbol: Heap_Mem
   Definitions
      At line 46 in file RTE\Device\LPC1768\startup_LPC17xx.s
   Uses
      At line 401 in file RTE\Device\LPC1768\startup_LPC17xx.s
      At line 403 in file RTE\Device\LPC1768\startup_LPC17xx.s

__heap_base 00000000

Symbol: __heap_base
   Definitions
      At line 45 in file RTE\Device\LPC1768\startup_LPC17xx.s
   Uses
      None
Comment: __heap_base unused
__heap_limit 00000000

Symbol: __heap_limit
   Definitions
      At line 47 in file RTE\Device\LPC1768\startup_LPC17xx.s
   Uses
      None
Comment: __heap_limit unused
4 symbols



ARM Macro Assembler    Page 1 Alphabetic symbol ordering
Relocatable symbols

RESET 00000000

Symbol: RESET
   Definitions
      At line 56 in file RTE\Device\LPC1768\startup_LPC17xx.s
   Uses
      None
Comment: RESET unused
__Vectors 00000000

Symbol: __Vectors
   Definitions
      At line 59 in file RTE\Device\LPC1768\startup_LPC17xx.s
   Uses
      At line 57 in file RTE\Device\LPC1768\startup_LPC17xx.s
Comment: __Vectors used once
2 symbols



ARM Macro Assembler    Page 1 Alphabetic symbol ordering
Relocatable symbols

.ARM.__at_0x02FC 00000000

Symbol: .ARM.__at_0x02FC
   Definitions
      At line 115 in file RTE\Device\LPC1768\startup_LPC17xx.s
   Uses
      None
Comment: .ARM.__at_0x02FC unused
CRP_Key 00000000

Symbol: CRP_Key
   Definitions
      At line 116 in file RTE\Device\LPC1768\startup_LPC17xx.s
   Uses
      None
Comment: CRP_Key unused
2 symbols



ARM Macro Assembler    Page 1 Alphabetic symbol ordering
Relocatable symbols

.text 00000000

Symbol: .text
   Definitions
      At line 120 in file RTE\Device\LPC1768\startup_LPC17xx.s
   Uses
      None
Comment: .text unused
ADC_IRQHandler 000001E0

Symbol: ADC_IRQHandler
   Definitions
      At line 365 in file RTE\Device\LPC1768\startup_LPC17xx.s
   Uses
      At line 99 in file RTE\Device\LPC1768\startup_LPC17xx.s
      At line 329 in file RTE\Device\LPC1768\startup_LPC17xx.s

BOD_IRQHandler 000001E0

Symbol: BOD_IRQHandler
   Definitions
      At line 366 in file RTE\Device\LPC1768\startup_LPC17xx.s
   Uses
      At line 100 in file RTE\Device\LPC1768\startup_LPC17xx.s
      At line 330 in file RTE\Device\LPC1768\startup_LPC17xx.s

BusFault_Handler 000001D4

Symbol: BusFault_Handler
   Definitions
      At line 278 in file RTE\Device\LPC1768\startup_LPC17xx.s
   Uses
      At line 64 in file RTE\Device\LPC1768\startup_LPC17xx.s
      At line 279 in file RTE\Device\LPC1768\startup_LPC17xx.s

CANActivity_IRQHandler 000001E0

Symbol: CANActivity_IRQHandler
   Definitions
      At line 377 in file RTE\Device\LPC1768\startup_LPC17xx.s
   Uses
      At line 111 in file RTE\Device\LPC1768\startup_LPC17xx.s
      At line 341 in file RTE\Device\LPC1768\startup_LPC17xx.s

CAN_IRQHandler 000001E0

Symbol: CAN_IRQHandler
   Definitions
      At line 368 in file RTE\Device\LPC1768\startup_LPC17xx.s
   Uses
      At line 102 in file RTE\Device\LPC1768\startup_LPC17xx.s
      At line 332 in file RTE\Device\LPC1768\startup_LPC17xx.s

DMA_IRQHandler 000001E0

Symbol: DMA_IRQHandler
   Definitions
      At line 369 in file RTE\Device\LPC1768\startup_LPC17xx.s
   Uses



ARM Macro Assembler    Page 2 Alphabetic symbol ordering
Relocatable symbols

      At line 103 in file RTE\Device\LPC1768\startup_LPC17xx.s
      At line 333 in file RTE\Device\LPC1768\startup_LPC17xx.s

DebugMon_Handler 000001DA

Symbol: DebugMon_Handler
   Definitions
      At line 292 in file RTE\Device\LPC1768\startup_LPC17xx.s
   Uses
      At line 71 in file RTE\Device\LPC1768\startup_LPC17xx.s
      At line 293 in file RTE\Device\LPC1768\startup_LPC17xx.s

Default_Handler 000001E0

Symbol: Default_Handler
   Definitions
      At line 305 in file RTE\Device\LPC1768\startup_LPC17xx.s
   Uses
      None
Comment: Default_Handler unused
EINT0_IRQHandler 000001E0

Symbol: EINT0_IRQHandler
   Definitions
      At line 361 in file RTE\Device\LPC1768\startup_LPC17xx.s
   Uses
      At line 95 in file RTE\Device\LPC1768\startup_LPC17xx.s
      At line 325 in file RTE\Device\LPC1768\startup_LPC17xx.s

EINT1_IRQHandler 000001E0

Symbol: EINT1_IRQHandler
   Definitions
      At line 362 in file RTE\Device\LPC1768\startup_LPC17xx.s
   Uses
      At line 96 in file RTE\Device\LPC1768\startup_LPC17xx.s
      At line 326 in file RTE\Device\LPC1768\startup_LPC17xx.s

EINT2_IRQHandler 000001E0

Symbol: EINT2_IRQHandler
   Definitions
      At line 363 in file RTE\Device\LPC1768\startup_LPC17xx.s
   Uses
      At line 97 in file RTE\Device\LPC1768\startup_LPC17xx.s
      At line 327 in file RTE\Device\LPC1768\startup_LPC17xx.s

EINT3_IRQHandler 000001E0

Symbol: EINT3_IRQHandler
   Definitions
      At line 364 in file RTE\Device\LPC1768\startup_LPC17xx.s
   Uses
      At line 98 in file RTE\Device\LPC1768\startup_LPC17xx.s
      At line 328 in file RTE\Device\LPC1768\startup_LPC17xx.s

ENET_IRQHandler 000001E0

Symbol: ENET_IRQHandler



ARM Macro Assembler    Page 3 Alphabetic symbol ordering
Relocatable symbols

   Definitions
      At line 371 in file RTE\Device\LPC1768\startup_LPC17xx.s
   Uses
      At line 105 in file RTE\Device\LPC1768\startup_LPC17xx.s
      At line 335 in file RTE\Device\LPC1768\startup_LPC17xx.s

HardFault_Handler 000001D0

Symbol: HardFault_Handler
   Definitions
      At line 268 in file RTE\Device\LPC1768\startup_LPC17xx.s
   Uses
      At line 62 in file RTE\Device\LPC1768\startup_LPC17xx.s
      At line 269 in file RTE\Device\LPC1768\startup_LPC17xx.s

I2C0_IRQHandler 000001E0

Symbol: I2C0_IRQHandler
   Definitions
      At line 353 in file RTE\Device\LPC1768\startup_LPC17xx.s
   Uses
      At line 87 in file RTE\Device\LPC1768\startup_LPC17xx.s
      At line 317 in file RTE\Device\LPC1768\startup_LPC17xx.s

I2C1_IRQHandler 000001E0

Symbol: I2C1_IRQHandler
   Definitions
      At line 354 in file RTE\Device\LPC1768\startup_LPC17xx.s
   Uses
      At line 88 in file RTE\Device\LPC1768\startup_LPC17xx.s
      At line 318 in file RTE\Device\LPC1768\startup_LPC17xx.s

I2C2_IRQHandler 000001E0

Symbol: I2C2_IRQHandler
   Definitions
      At line 355 in file RTE\Device\LPC1768\startup_LPC17xx.s
   Uses
      At line 89 in file RTE\Device\LPC1768\startup_LPC17xx.s
      At line 319 in file RTE\Device\LPC1768\startup_LPC17xx.s

I2S_IRQHandler 000001E0

Symbol: I2S_IRQHandler
   Definitions
      At line 370 in file RTE\Device\LPC1768\startup_LPC17xx.s
   Uses
      At line 104 in file RTE\Device\LPC1768\startup_LPC17xx.s
      At line 334 in file RTE\Device\LPC1768\startup_LPC17xx.s

MCPWM_IRQHandler 000001E0

Symbol: MCPWM_IRQHandler
   Definitions
      At line 373 in file RTE\Device\LPC1768\startup_LPC17xx.s
   Uses
      At line 107 in file RTE\Device\LPC1768\startup_LPC17xx.s
      At line 337 in file RTE\Device\LPC1768\startup_LPC17xx.s



ARM Macro Assembler    Page 4 Alphabetic symbol ordering
Relocatable symbols


Matrix_A 00000000

Symbol: Matrix_A
   Definitions
      At line 154 in file RTE\Device\LPC1768\startup_LPC17xx.s
   Uses
      At line 177 in file RTE\Device\LPC1768\startup_LPC17xx.s
Comment: Matrix_A used once
Matrix_B 00000070

Symbol: Matrix_B
   Definitions
      At line 164 in file RTE\Device\LPC1768\startup_LPC17xx.s
   Uses
      At line 178 in file RTE\Device\LPC1768\startup_LPC17xx.s
Comment: Matrix_B used once
MemManage_Handler 000001D2

Symbol: MemManage_Handler
   Definitions
      At line 273 in file RTE\Device\LPC1768\startup_LPC17xx.s
   Uses
      At line 63 in file RTE\Device\LPC1768\startup_LPC17xx.s
      At line 274 in file RTE\Device\LPC1768\startup_LPC17xx.s

NMI_Handler 000001CE

Symbol: NMI_Handler
   Definitions
      At line 263 in file RTE\Device\LPC1768\startup_LPC17xx.s
   Uses
      At line 61 in file RTE\Device\LPC1768\startup_LPC17xx.s
      At line 264 in file RTE\Device\LPC1768\startup_LPC17xx.s

PLL0_IRQHandler 000001E0

Symbol: PLL0_IRQHandler
   Definitions
      At line 359 in file RTE\Device\LPC1768\startup_LPC17xx.s
   Uses
      At line 93 in file RTE\Device\LPC1768\startup_LPC17xx.s
      At line 323 in file RTE\Device\LPC1768\startup_LPC17xx.s

PLL1_IRQHandler 000001E0

Symbol: PLL1_IRQHandler
   Definitions
      At line 375 in file RTE\Device\LPC1768\startup_LPC17xx.s
   Uses
      At line 109 in file RTE\Device\LPC1768\startup_LPC17xx.s
      At line 339 in file RTE\Device\LPC1768\startup_LPC17xx.s

PWM1_IRQHandler 000001E0

Symbol: PWM1_IRQHandler
   Definitions
      At line 352 in file RTE\Device\LPC1768\startup_LPC17xx.s
   Uses



ARM Macro Assembler    Page 5 Alphabetic symbol ordering
Relocatable symbols

      At line 86 in file RTE\Device\LPC1768\startup_LPC17xx.s
      At line 316 in file RTE\Device\LPC1768\startup_LPC17xx.s

PendSV_Handler 000001DC

Symbol: PendSV_Handler
   Definitions
      At line 296 in file RTE\Device\LPC1768\startup_LPC17xx.s
   Uses
      At line 73 in file RTE\Device\LPC1768\startup_LPC17xx.s
      At line 297 in file RTE\Device\LPC1768\startup_LPC17xx.s

QEI_IRQHandler 000001E0

Symbol: QEI_IRQHandler
   Definitions
      At line 374 in file RTE\Device\LPC1768\startup_LPC17xx.s
   Uses
      At line 108 in file RTE\Device\LPC1768\startup_LPC17xx.s
      At line 338 in file RTE\Device\LPC1768\startup_LPC17xx.s

RIT_IRQHandler 000001E0

Symbol: RIT_IRQHandler
   Definitions
      At line 372 in file RTE\Device\LPC1768\startup_LPC17xx.s
   Uses
      At line 106 in file RTE\Device\LPC1768\startup_LPC17xx.s
      At line 336 in file RTE\Device\LPC1768\startup_LPC17xx.s

RTC_IRQHandler 000001E0

Symbol: RTC_IRQHandler
   Definitions
      At line 360 in file RTE\Device\LPC1768\startup_LPC17xx.s
   Uses
      At line 94 in file RTE\Device\LPC1768\startup_LPC17xx.s
      At line 324 in file RTE\Device\LPC1768\startup_LPC17xx.s

Reset_Handler 000000FC

Symbol: Reset_Handler
   Definitions
      At line 174 in file RTE\Device\LPC1768\startup_LPC17xx.s
   Uses
      At line 60 in file RTE\Device\LPC1768\startup_LPC17xx.s
      At line 175 in file RTE\Device\LPC1768\startup_LPC17xx.s

SPI_IRQHandler 000001E0

Symbol: SPI_IRQHandler
   Definitions
      At line 356 in file RTE\Device\LPC1768\startup_LPC17xx.s
   Uses
      At line 90 in file RTE\Device\LPC1768\startup_LPC17xx.s
      At line 320 in file RTE\Device\LPC1768\startup_LPC17xx.s

SSP0_IRQHandler 000001E0




ARM Macro Assembler    Page 6 Alphabetic symbol ordering
Relocatable symbols

Symbol: SSP0_IRQHandler
   Definitions
      At line 357 in file RTE\Device\LPC1768\startup_LPC17xx.s
   Uses
      At line 91 in file RTE\Device\LPC1768\startup_LPC17xx.s
      At line 321 in file RTE\Device\LPC1768\startup_LPC17xx.s

SSP1_IRQHandler 000001E0

Symbol: SSP1_IRQHandler
   Definitions
      At line 358 in file RTE\Device\LPC1768\startup_LPC17xx.s
   Uses
      At line 92 in file RTE\Device\LPC1768\startup_LPC17xx.s
      At line 322 in file RTE\Device\LPC1768\startup_LPC17xx.s

SVC_Handler 000001D8

Symbol: SVC_Handler
   Definitions
      At line 287 in file RTE\Device\LPC1768\startup_LPC17xx.s
   Uses
      At line 70 in file RTE\Device\LPC1768\startup_LPC17xx.s
      At line 288 in file RTE\Device\LPC1768\startup_LPC17xx.s

SysTick_Handler 000001DE

Symbol: SysTick_Handler
   Definitions
      At line 300 in file RTE\Device\LPC1768\startup_LPC17xx.s
   Uses
      At line 74 in file RTE\Device\LPC1768\startup_LPC17xx.s
      At line 301 in file RTE\Device\LPC1768\startup_LPC17xx.s

TIMER0_IRQHandler 000001E0

Symbol: TIMER0_IRQHandler
   Definitions
      At line 344 in file RTE\Device\LPC1768\startup_LPC17xx.s
   Uses
      At line 78 in file RTE\Device\LPC1768\startup_LPC17xx.s
      At line 308 in file RTE\Device\LPC1768\startup_LPC17xx.s

TIMER1_IRQHandler 000001E0

Symbol: TIMER1_IRQHandler
   Definitions
      At line 345 in file RTE\Device\LPC1768\startup_LPC17xx.s
   Uses
      At line 79 in file RTE\Device\LPC1768\startup_LPC17xx.s
      At line 309 in file RTE\Device\LPC1768\startup_LPC17xx.s

TIMER2_IRQHandler 000001E0

Symbol: TIMER2_IRQHandler
   Definitions
      At line 346 in file RTE\Device\LPC1768\startup_LPC17xx.s
   Uses
      At line 80 in file RTE\Device\LPC1768\startup_LPC17xx.s



ARM Macro Assembler    Page 7 Alphabetic symbol ordering
Relocatable symbols

      At line 310 in file RTE\Device\LPC1768\startup_LPC17xx.s

TIMER3_IRQHandler 000001E0

Symbol: TIMER3_IRQHandler
   Definitions
      At line 347 in file RTE\Device\LPC1768\startup_LPC17xx.s
   Uses
      At line 81 in file RTE\Device\LPC1768\startup_LPC17xx.s
      At line 311 in file RTE\Device\LPC1768\startup_LPC17xx.s

UART0_IRQHandler 000001E0

Symbol: UART0_IRQHandler
   Definitions
      At line 348 in file RTE\Device\LPC1768\startup_LPC17xx.s
   Uses
      At line 82 in file RTE\Device\LPC1768\startup_LPC17xx.s
      At line 312 in file RTE\Device\LPC1768\startup_LPC17xx.s

UART1_IRQHandler 000001E0

Symbol: UART1_IRQHandler
   Definitions
      At line 349 in file RTE\Device\LPC1768\startup_LPC17xx.s
   Uses
      At line 83 in file RTE\Device\LPC1768\startup_LPC17xx.s
      At line 313 in file RTE\Device\LPC1768\startup_LPC17xx.s

UART2_IRQHandler 000001E0

Symbol: UART2_IRQHandler
   Definitions
      At line 350 in file RTE\Device\LPC1768\startup_LPC17xx.s
   Uses
      At line 84 in file RTE\Device\LPC1768\startup_LPC17xx.s
      At line 314 in file RTE\Device\LPC1768\startup_LPC17xx.s

UART3_IRQHandler 000001E0

Symbol: UART3_IRQHandler
   Definitions
      At line 351 in file RTE\Device\LPC1768\startup_LPC17xx.s
   Uses
      At line 85 in file RTE\Device\LPC1768\startup_LPC17xx.s
      At line 315 in file RTE\Device\LPC1768\startup_LPC17xx.s

USBActivity_IRQHandler 000001E0

Symbol: USBActivity_IRQHandler
   Definitions
      At line 376 in file RTE\Device\LPC1768\startup_LPC17xx.s
   Uses
      At line 110 in file RTE\Device\LPC1768\startup_LPC17xx.s
      At line 340 in file RTE\Device\LPC1768\startup_LPC17xx.s

USB_IRQHandler 000001E0

Symbol: USB_IRQHandler



ARM Macro Assembler    Page 8 Alphabetic symbol ordering
Relocatable symbols

   Definitions
      At line 367 in file RTE\Device\LPC1768\startup_LPC17xx.s
   Uses
      At line 101 in file RTE\Device\LPC1768\startup_LPC17xx.s
      At line 331 in file RTE\Device\LPC1768\startup_LPC17xx.s

UsageFault_Handler 000001D6

Symbol: UsageFault_Handler
   Definitions
      At line 283 in file RTE\Device\LPC1768\startup_LPC17xx.s
   Uses
      At line 65 in file RTE\Device\LPC1768\startup_LPC17xx.s
      At line 284 in file RTE\Device\LPC1768\startup_LPC17xx.s

WDT_IRQHandler 000001E0

Symbol: WDT_IRQHandler
   Definitions
      At line 343 in file RTE\Device\LPC1768\startup_LPC17xx.s
   Uses
      At line 77 in file RTE\Device\LPC1768\startup_LPC17xx.s
      At line 307 in file RTE\Device\LPC1768\startup_LPC17xx.s

__user_initial_stackheap 000001E4

Symbol: __user_initial_stackheap
   Definitions
      At line 399 in file RTE\Device\LPC1768\startup_LPC17xx.s
   Uses
      At line 398 in file RTE\Device\LPC1768\startup_LPC17xx.s
Comment: __user_initial_stackheap used once
check_result 00000198

Symbol: check_result
   Definitions
      At line 238 in file RTE\Device\LPC1768\startup_LPC17xx.s
   Uses
      At line 222 in file RTE\Device\LPC1768\startup_LPC17xx.s
Comment: check_result used once
col_cycle 00000114

Symbol: col_cycle
   Definitions
      At line 189 in file RTE\Device\LPC1768\startup_LPC17xx.s
   Uses
      At line 180 in file RTE\Device\LPC1768\startup_LPC17xx.s
Comment: col_cycle used once
col_items 00000124

Symbol: col_items
   Definitions
      At line 194 in file RTE\Device\LPC1768\startup_LPC17xx.s
   Uses
      At line 198 in file RTE\Device\LPC1768\startup_LPC17xx.s
Comment: col_items used once
end_compare 000001CC

Symbol: end_compare



ARM Macro Assembler    Page 9 Alphabetic symbol ordering
Relocatable symbols

   Definitions
      At line 256 in file RTE\Device\LPC1768\startup_LPC17xx.s
   Uses
      At line 244 in file RTE\Device\LPC1768\startup_LPC17xx.s
      At line 249 in file RTE\Device\LPC1768\startup_LPC17xx.s
      At line 254 in file RTE\Device\LPC1768\startup_LPC17xx.s

mul_elements 00000180

Symbol: mul_elements
   Definitions
      At line 228 in file RTE\Device\LPC1768\startup_LPC17xx.s
   Uses
      At line 216 in file RTE\Device\LPC1768\startup_LPC17xx.s
Comment: mul_elements used once
neg_compare 000001A8

Symbol: neg_compare
   Definitions
      At line 245 in file RTE\Device\LPC1768\startup_LPC17xx.s
   Uses
      At line 241 in file RTE\Device\LPC1768\startup_LPC17xx.s
Comment: neg_compare used once
neg_overflow 000001C8

Symbol: neg_overflow
   Definitions
      At line 255 in file RTE\Device\LPC1768\startup_LPC17xx.s
   Uses
      At line 252 in file RTE\Device\LPC1768\startup_LPC17xx.s
Comment: neg_overflow used once
overflow 000001B8

Symbol: overflow
   Definitions
      At line 250 in file RTE\Device\LPC1768\startup_LPC17xx.s
   Uses
      At line 246 in file RTE\Device\LPC1768\startup_LPC17xx.s
Comment: overflow used once
pos_compare 0000019A

Symbol: pos_compare
   Definitions
      At line 240 in file RTE\Device\LPC1768\startup_LPC17xx.s
   Uses
      None
Comment: pos_compare unused
pos_overflow 000001C2

Symbol: pos_overflow
   Definitions
      At line 253 in file RTE\Device\LPC1768\startup_LPC17xx.s
   Uses
      None
Comment: pos_overflow unused
row_cycle 00000138

Symbol: row_cycle
   Definitions



ARM Macro Assembler    Page 10 Alphabetic symbol ordering
Relocatable symbols

      At line 202 in file RTE\Device\LPC1768\startup_LPC17xx.s
   Uses
      At line 194 in file RTE\Device\LPC1768\startup_LPC17xx.s
Comment: row_cycle used once
row_items 00000140

Symbol: row_items
   Definitions
      At line 205 in file RTE\Device\LPC1768\startup_LPC17xx.s
   Uses
      At line 209 in file RTE\Device\LPC1768\startup_LPC17xx.s
Comment: row_items used once
stop 00000112

Symbol: stop
   Definitions
      At line 186 in file RTE\Device\LPC1768\startup_LPC17xx.s
   Uses
      At line 186 in file RTE\Device\LPC1768\startup_LPC17xx.s
Comment: stop used once
sum_elements 00000154

Symbol: sum_elements
   Definitions
      At line 213 in file RTE\Device\LPC1768\startup_LPC17xx.s
   Uses
      At line 205 in file RTE\Device\LPC1768\startup_LPC17xx.s
Comment: sum_elements used once
sum_items 0000015C

Symbol: sum_items
   Definitions
      At line 216 in file RTE\Device\LPC1768\startup_LPC17xx.s
   Uses
      At line 221 in file RTE\Device\LPC1768\startup_LPC17xx.s
Comment: sum_items used once
65 symbols



ARM Macro Assembler    Page 1 Alphabetic symbol ordering
Relocatable symbols

Matrix_C 00000000

Symbol: Matrix_C
   Definitions
      At line 147 in file RTE\Device\LPC1768\startup_LPC17xx.s
   Uses
      At line 176 in file RTE\Device\LPC1768\startup_LPC17xx.s
Comment: Matrix_C used once
exercise 00000000

Symbol: exercise
   Definitions
      At line 146 in file RTE\Device\LPC1768\startup_LPC17xx.s
   Uses
      None
Comment: exercise unused
2 symbols



ARM Macro Assembler    Page 1 Alphabetic symbol ordering
Absolute symbols

Heap_Size 00000000

Symbol: Heap_Size
   Definitions
      At line 42 in file RTE\Device\LPC1768\startup_LPC17xx.s
   Uses
      At line 46 in file RTE\Device\LPC1768\startup_LPC17xx.s
      At line 403 in file RTE\Device\LPC1768\startup_LPC17xx.s

M 00000007

Symbol: M
   Definitions
      At line 124 in file RTE\Device\LPC1768\startup_LPC17xx.s
   Uses
      At line 127 in file RTE\Device\LPC1768\startup_LPC17xx.s
      At line 129 in file RTE\Device\LPC1768\startup_LPC17xx.s
      At line 130 in file RTE\Device\LPC1768\startup_LPC17xx.s
      At line 135 in file RTE\Device\LPC1768\startup_LPC17xx.s

MP 00000023

Symbol: MP
   Definitions
      At line 130 in file RTE\Device\LPC1768\startup_LPC17xx.s
   Uses
      At line 133 in file RTE\Device\LPC1768\startup_LPC17xx.s
Comment: MP used once
MP_word 0000008C

Symbol: MP_word
   Definitions
      At line 133 in file RTE\Device\LPC1768\startup_LPC17xx.s
   Uses
      None
Comment: MP_word unused
M_word 0000001C

Symbol: M_word
   Definitions
      At line 127 in file RTE\Device\LPC1768\startup_LPC17xx.s
   Uses
      At line 195 in file RTE\Device\LPC1768\startup_LPC17xx.s
Comment: M_word used once
N 00000004

Symbol: N
   Definitions
      At line 123 in file RTE\Device\LPC1768\startup_LPC17xx.s
   Uses
      At line 126 in file RTE\Device\LPC1768\startup_LPC17xx.s
      At line 129 in file RTE\Device\LPC1768\startup_LPC17xx.s
      At line 131 in file RTE\Device\LPC1768\startup_LPC17xx.s
      At line 136 in file RTE\Device\LPC1768\startup_LPC17xx.s

NM 0000001C

Symbol: NM
   Definitions



ARM Macro Assembler    Page 2 Alphabetic symbol ordering
Absolute symbols

      At line 129 in file RTE\Device\LPC1768\startup_LPC17xx.s
   Uses
      At line 132 in file RTE\Device\LPC1768\startup_LPC17xx.s
Comment: NM used once
NM_word 00000070

Symbol: NM_word
   Definitions
      At line 132 in file RTE\Device\LPC1768\startup_LPC17xx.s
   Uses
      At line 147 in file RTE\Device\LPC1768\startup_LPC17xx.s
Comment: NM_word used once
NP 00000014

Symbol: NP
   Definitions
      At line 131 in file RTE\Device\LPC1768\startup_LPC17xx.s
   Uses
      At line 134 in file RTE\Device\LPC1768\startup_LPC17xx.s
Comment: NP used once
NP_word 00000050

Symbol: NP_word
   Definitions
      At line 134 in file RTE\Device\LPC1768\startup_LPC17xx.s
   Uses
      None
Comment: NP_word unused
N_word 00000010

Symbol: N_word
   Definitions
      At line 126 in file RTE\Device\LPC1768\startup_LPC17xx.s
   Uses
      None
Comment: N_word unused
P 00000005

Symbol: P
   Definitions
      At line 125 in file RTE\Device\LPC1768\startup_LPC17xx.s
   Uses
      At line 128 in file RTE\Device\LPC1768\startup_LPC17xx.s
      At line 130 in file RTE\Device\LPC1768\startup_LPC17xx.s
      At line 131 in file RTE\Device\LPC1768\startup_LPC17xx.s
      At line 137 in file RTE\Device\LPC1768\startup_LPC17xx.s

P_word 00000014

Symbol: P_word
   Definitions
      At line 128 in file RTE\Device\LPC1768\startup_LPC17xx.s
   Uses
      At line 218 in file RTE\Device\LPC1768\startup_LPC17xx.s
Comment: P_word used once
Stack_Size 00000200

Symbol: Stack_Size
   Definitions



ARM Macro Assembler    Page 3 Alphabetic symbol ordering
Absolute symbols

      At line 31 in file RTE\Device\LPC1768\startup_LPC17xx.s
   Uses
      At line 34 in file RTE\Device\LPC1768\startup_LPC17xx.s
      At line 402 in file RTE\Device\LPC1768\startup_LPC17xx.s

col_iteration 00000005

Symbol: col_iteration
   Definitions
      At line 137 in file RTE\Device\LPC1768\startup_LPC17xx.s
   Uses
      At line 204 in file RTE\Device\LPC1768\startup_LPC17xx.s
Comment: col_iteration used once
row_iteration 00000004

Symbol: row_iteration
   Definitions
      At line 136 in file RTE\Device\LPC1768\startup_LPC17xx.s
   Uses
      At line 193 in file RTE\Device\LPC1768\startup_LPC17xx.s
Comment: row_iteration used once
sum_iteration 00000007

Symbol: sum_iteration
   Definitions
      At line 135 in file RTE\Device\LPC1768\startup_LPC17xx.s
   Uses
      At line 215 in file RTE\Device\LPC1768\startup_LPC17xx.s
Comment: sum_iteration used once
word 00000004

Symbol: word
   Definitions
      At line 122 in file RTE\Device\LPC1768\startup_LPC17xx.s
   Uses
      At line 126 in file RTE\Device\LPC1768\startup_LPC17xx.s
      At line 127 in file RTE\Device\LPC1768\startup_LPC17xx.s
      At line 128 in file RTE\Device\LPC1768\startup_LPC17xx.s
      At line 132 in file RTE\Device\LPC1768\startup_LPC17xx.s
      At line 133 in file RTE\Device\LPC1768\startup_LPC17xx.s
      At line 134 in file RTE\Device\LPC1768\startup_LPC17xx.s
      At line 206 in file RTE\Device\LPC1768\startup_LPC17xx.s
      At line 217 in file RTE\Device\LPC1768\startup_LPC17xx.s
      At line 224 in file RTE\Device\LPC1768\startup_LPC17xx.s

18 symbols



ARM Macro Assembler    Page 1 Alphabetic symbol ordering
External symbols

__use_two_region_memory 00000000

Symbol: __use_two_region_memory
   Definitions
      At line 397 in file RTE\Device\LPC1768\startup_LPC17xx.s
   Uses
      None
Comment: __use_two_region_memory unused
1 symbol
443 symbols in table
