


ARM Macro Assembler    Page 1 


    1 00000000         ;/******************************************************
                       ********************//**
    2 00000000         ; * @file     startup_LPC17xx.s
    3 00000000         ; * @brief    CMSIS Cortex-M3 Core Device Startup File f
                       or
    4 00000000         ; *           NXP LPC17xx Device Series
    5 00000000         ; * @version  V1.10
    6 00000000         ; * @date     06. April 2011
    7 00000000         ; *
    8 00000000         ; * @note
    9 00000000         ; * Copyright (C) 2009-2011 ARM Limited. All rights rese
                       rved.
   10 00000000         ; *
   11 00000000         ; * @par
   12 00000000         ; * ARM Limited (ARM) is supplying this software for use
                        with Cortex-M
   13 00000000         ; * processor based microcontrollers.  This file can be 
                       freely distributed
   14 00000000         ; * within development tools that are supporting such AR
                       M based processors.
   15 00000000         ; *
   16 00000000         ; * @par
   17 00000000         ; * THIS SOFTWARE IS PROVIDED "AS IS".  NO WARRANTIES, W
                       HETHER EXPRESS, IMPLIED
   18 00000000         ; * OR STATUTORY, INCLUDING, BUT NOT LIMITED TO, IMPLIED
                        WARRANTIES OF
   19 00000000         ; * MERCHANTABILITY AND FITNESS FOR A PARTICULAR PURPOSE
                        APPLY TO THIS SOFTWARE.
   20 00000000         ; * ARM SHALL NOT, IN ANY CIRCUMSTANCES, BE LIABLE FOR S
                       PECIAL, INCIDENTAL, OR
   21 00000000         ; * CONSEQUENTIAL DAMAGES, FOR ANY REASON WHATSOEVER.
   22 00000000         ; *
   23 00000000         ; ******************************************************
                       ************************/
   24 00000000         
   25 00000000         ; *------- <<< Use Configuration Wizard in Context Menu 
                       >>> ------------------
   26 00000000         
   27 00000000         ; <h> Stack Configuration
   28 00000000         ;   <o> Stack Size (in Bytes) <0x0-0xFFFFFFFF:8>
   29 00000000         ; </h>
   30 00000000         
   31 00000000 00000200 
                       Stack_Size
                               EQU              0x00000200
   32 00000000         
   33 00000000                 AREA             STACK, NOINIT, READWRITE, ALIGN
=3
   34 00000000         Stack_Mem
                               SPACE            Stack_Size
   35 00000200         __initial_sp
   36 00000200         
   37 00000200         
   38 00000200         ; <h> Heap Configuration
   39 00000200         ;   <o>  Heap Size (in Bytes) <0x0-0xFFFFFFFF:8>
   40 00000200         ; </h>
   41 00000200         
   42 00000200 00000000 
                       Heap_Size



ARM Macro Assembler    Page 2 


                               EQU              0x00000000
   43 00000200         
   44 00000200                 AREA             HEAP, NOINIT, READWRITE, ALIGN=
3
   45 00000000         __heap_base
   46 00000000         Heap_Mem
                               SPACE            Heap_Size
   47 00000000         __heap_limit
   48 00000000         
   49 00000000         
   50 00000000                 PRESERVE8
   51 00000000                 THUMB
   52 00000000         
   53 00000000         
   54 00000000         ; Vector Table Mapped to Address 0 at Reset
   55 00000000         
   56 00000000                 AREA             RESET, DATA, READONLY
   57 00000000                 EXPORT           __Vectors
   58 00000000         
   59 00000000 00000000 
                       __Vectors
                               DCD              __initial_sp ; Top of Stack
   60 00000004 00000000        DCD              Reset_Handler ; Reset Handler
   61 00000008 00000000        DCD              NMI_Handler ; NMI Handler
   62 0000000C 00000000        DCD              HardFault_Handler ; Hard Fault 
                                                            Handler
   63 00000010 00000000        DCD              MemManage_Handler 
                                                            ; MPU Fault Handler
                                                            
   64 00000014 00000000        DCD              BusFault_Handler 
                                                            ; Bus Fault Handler
                                                            
   65 00000018 00000000        DCD              UsageFault_Handler ; Usage Faul
                                                            t Handler
   66 0000001C 00000000        DCD              0           ; Reserved
   67 00000020 00000000        DCD              0           ; Reserved
   68 00000024 00000000        DCD              0           ; Reserved
   69 00000028 00000000        DCD              0           ; Reserved
   70 0000002C 00000000        DCD              SVC_Handler ; SVCall Handler
   71 00000030 00000000        DCD              DebugMon_Handler ; Debug Monito
                                                            r Handler
   72 00000034 00000000        DCD              0           ; Reserved
   73 00000038 00000000        DCD              PendSV_Handler ; PendSV Handler
                                                            
   74 0000003C 00000000        DCD              SysTick_Handler 
                                                            ; SysTick Handler
   75 00000040         
   76 00000040         ; External Interrupts
   77 00000040 00000000        DCD              WDT_IRQHandler ; 16: Watchdog T
                                                            imer
   78 00000044 00000000        DCD              TIMER0_IRQHandler ; 17: Timer0
   79 00000048 00000000        DCD              TIMER1_IRQHandler ; 18: Timer1
   80 0000004C 00000000        DCD              TIMER2_IRQHandler ; 19: Timer2
   81 00000050 00000000        DCD              TIMER3_IRQHandler ; 20: Timer3
   82 00000054 00000000        DCD              UART0_IRQHandler ; 21: UART0
   83 00000058 00000000        DCD              UART1_IRQHandler ; 22: UART1
   84 0000005C 00000000        DCD              UART2_IRQHandler ; 23: UART2
   85 00000060 00000000        DCD              UART3_IRQHandler ; 24: UART3
   86 00000064 00000000        DCD              PWM1_IRQHandler ; 25: PWM1



ARM Macro Assembler    Page 3 


   87 00000068 00000000        DCD              I2C0_IRQHandler ; 26: I2C0
   88 0000006C 00000000        DCD              I2C1_IRQHandler ; 27: I2C1
   89 00000070 00000000        DCD              I2C2_IRQHandler ; 28: I2C2
   90 00000074 00000000        DCD              SPI_IRQHandler ; 29: SPI
   91 00000078 00000000        DCD              SSP0_IRQHandler ; 30: SSP0
   92 0000007C 00000000        DCD              SSP1_IRQHandler ; 31: SSP1
   93 00000080 00000000        DCD              PLL0_IRQHandler ; 32: PLL0 Lock
                                                             (Main PLL)
   94 00000084 00000000        DCD              RTC_IRQHandler ; 33: Real Time 
                                                            Clock
   95 00000088 00000000        DCD              EINT0_IRQHandler ; 34: External
                                                             Interrupt 0
   96 0000008C 00000000        DCD              EINT1_IRQHandler ; 35: External
                                                             Interrupt 1
   97 00000090 00000000        DCD              EINT2_IRQHandler ; 36: External
                                                             Interrupt 2
   98 00000094 00000000        DCD              EINT3_IRQHandler ; 37: External
                                                             Interrupt 3
   99 00000098 00000000        DCD              ADC_IRQHandler 
                                                            ; 38: A/D Converter
                                                            
  100 0000009C 00000000        DCD              BOD_IRQHandler ; 39: Brown-Out 
                                                            Detect
  101 000000A0 00000000        DCD              USB_IRQHandler ; 40: USB
  102 000000A4 00000000        DCD              CAN_IRQHandler ; 41: CAN
  103 000000A8 00000000        DCD              DMA_IRQHandler ; 42: General Pu
                                                            rpose DMA
  104 000000AC 00000000        DCD              I2S_IRQHandler ; 43: I2S
  105 000000B0 00000000        DCD              ENET_IRQHandler ; 44: Ethernet
  106 000000B4 00000000        DCD              RIT_IRQHandler ; 45: Repetitive
                                                             Interrupt Timer
  107 000000B8 00000000        DCD              MCPWM_IRQHandler ; 46: Motor Co
                                                            ntrol PWM
  108 000000BC 00000000        DCD              QEI_IRQHandler ; 47: Quadrature
                                                             Encoder Interface
  109 000000C0 00000000        DCD              PLL1_IRQHandler ; 48: PLL1 Lock
                                                             (USB PLL)
  110 000000C4 00000000        DCD              USBActivity_IRQHandler ; 49: US
                                                            B Activity interrup
                                                            t to wakeup
  111 000000C8 00000000        DCD              CANActivity_IRQHandler ; 50: CA
                                                            N Activity interrup
                                                            t to wakeup
  112 000000CC         
  113 000000CC         
  114 000000CC         
  115 000000CC                 IF               :LNOT::DEF:NO_CRP
  116 000000CC                 AREA             |.ARM.__at_0x02FC|, CODE, READO
NLY
  117 00000000 FFFFFFFF 
                       CRP_Key DCD              0xFFFFFFFF
  118 00000004                 ENDIF
  119 00000004         
  120 00000004         
  121 00000004                 AREA             |.text|, CODE, READONLY
  122 00000000         
  123 00000000         
  124 00000000         ; Reset Handler
  125 00000000         



ARM Macro Assembler    Page 4 


  126 00000000         
  127 00000000         
  128 00000000         Reset_Handler
                               PROC
  129 00000000                 EXPORT           Reset_Handler             [WEAK
]
  130 00000000         
  131 00000000        1 
                       single_value
                               RN               1
  132 00000000        2 
                       double_value
                               RN               2
  133 00000000        3 
                       triple_value
                               RN               3
  134 00000000        4 
                       quadruple_value
                               RN               4
  135 00000000        5 
                       quintuple_value
                               RN               5
  136 00000000         
  137 00000000 F04F 010B       MOV              single_value, #11
  138 00000004 EB01 0201       ADD              double_value, single_value, sin
gle_value
  139 00000008 EB02 0301       ADD              triple_value, double_value, sin
gle_value
  140 0000000C EB03 0401       ADD              quadruple_value, triple_value, 
single_value
  141 00000010 EB04 0501       ADD              quintuple_value, quadruple_valu
e, single_value
  142 00000014         
  143 00000014 E7FE    stop    B                stop
  144 00000016                 ENDP
  145 00000016         
  146 00000016         
  147 00000016         ; Dummy Exception Handlers (infinite loops which can be 
                       modified)
  148 00000016         
  149 00000016         NMI_Handler
                               PROC
  150 00000016                 EXPORT           NMI_Handler               [WEAK
]
  151 00000016 E7FE            B                .
  152 00000018                 ENDP
  154 00000018         HardFault_Handler
                               PROC
  155 00000018                 EXPORT           HardFault_Handler         [WEAK
]
  156 00000018 E7FE            B                .
  157 0000001A                 ENDP
  159 0000001A         MemManage_Handler
                               PROC
  160 0000001A                 EXPORT           MemManage_Handler         [WEAK
]
  161 0000001A E7FE            B                .
  162 0000001C                 ENDP
  164 0000001C         BusFault_Handler



ARM Macro Assembler    Page 5 


                               PROC
  165 0000001C                 EXPORT           BusFault_Handler          [WEAK
]
  166 0000001C E7FE            B                .
  167 0000001E                 ENDP
  169 0000001E         UsageFault_Handler
                               PROC
  170 0000001E                 EXPORT           UsageFault_Handler        [WEAK
]
  171 0000001E E7FE            B                .
  172 00000020                 ENDP
  173 00000020         SVC_Handler
                               PROC
  174 00000020                 EXPORT           SVC_Handler               [WEAK
]
  175 00000020 E7FE            B                .
  176 00000022                 ENDP
  178 00000022         DebugMon_Handler
                               PROC
  179 00000022                 EXPORT           DebugMon_Handler          [WEAK
]
  180 00000022 E7FE            B                .
  181 00000024                 ENDP
  182 00000024         PendSV_Handler
                               PROC
  183 00000024                 EXPORT           PendSV_Handler            [WEAK
]
  184 00000024 E7FE            B                .
  185 00000026                 ENDP
  186 00000026         SysTick_Handler
                               PROC
  187 00000026                 EXPORT           SysTick_Handler           [WEAK
]
  188 00000026 E7FE            B                .
  189 00000028                 ENDP
  190 00000028         
  191 00000028         Default_Handler
                               PROC
  192 00000028         
  193 00000028                 EXPORT           WDT_IRQHandler            [WEAK
]
  194 00000028                 EXPORT           TIMER0_IRQHandler         [WEAK
]
  195 00000028                 EXPORT           TIMER1_IRQHandler         [WEAK
]
  196 00000028                 EXPORT           TIMER2_IRQHandler         [WEAK
]
  197 00000028                 EXPORT           TIMER3_IRQHandler         [WEAK
]
  198 00000028                 EXPORT           UART0_IRQHandler          [WEAK
]
  199 00000028                 EXPORT           UART1_IRQHandler          [WEAK
]
  200 00000028                 EXPORT           UART2_IRQHandler          [WEAK
]
  201 00000028                 EXPORT           UART3_IRQHandler          [WEAK
]
  202 00000028                 EXPORT           PWM1_IRQHandler           [WEAK
]



ARM Macro Assembler    Page 6 


  203 00000028                 EXPORT           I2C0_IRQHandler           [WEAK
]
  204 00000028                 EXPORT           I2C1_IRQHandler           [WEAK
]
  205 00000028                 EXPORT           I2C2_IRQHandler           [WEAK
]
  206 00000028                 EXPORT           SPI_IRQHandler            [WEAK
]
  207 00000028                 EXPORT           SSP0_IRQHandler           [WEAK
]
  208 00000028                 EXPORT           SSP1_IRQHandler           [WEAK
]
  209 00000028                 EXPORT           PLL0_IRQHandler           [WEAK
]
  210 00000028                 EXPORT           RTC_IRQHandler            [WEAK
]
  211 00000028                 EXPORT           EINT0_IRQHandler          [WEAK
]
  212 00000028                 EXPORT           EINT1_IRQHandler          [WEAK
]
  213 00000028                 EXPORT           EINT2_IRQHandler          [WEAK
]
  214 00000028                 EXPORT           EINT3_IRQHandler          [WEAK
]
  215 00000028                 EXPORT           ADC_IRQHandler            [WEAK
]
  216 00000028                 EXPORT           BOD_IRQHandler            [WEAK
]
  217 00000028                 EXPORT           USB_IRQHandler            [WEAK
]
  218 00000028                 EXPORT           CAN_IRQHandler            [WEAK
]
  219 00000028                 EXPORT           DMA_IRQHandler            [WEAK
]
  220 00000028                 EXPORT           I2S_IRQHandler            [WEAK
]
  221 00000028                 EXPORT           ENET_IRQHandler           [WEAK
]
  222 00000028                 EXPORT           RIT_IRQHandler            [WEAK
]
  223 00000028                 EXPORT           MCPWM_IRQHandler          [WEAK
]
  224 00000028                 EXPORT           QEI_IRQHandler            [WEAK
]
  225 00000028                 EXPORT           PLL1_IRQHandler           [WEAK
]
  226 00000028                 EXPORT           USBActivity_IRQHandler    [WEAK
]
  227 00000028                 EXPORT           CANActivity_IRQHandler    [WEAK
]
  228 00000028         
  229 00000028         WDT_IRQHandler
  230 00000028         TIMER0_IRQHandler
  231 00000028         TIMER1_IRQHandler
  232 00000028         TIMER2_IRQHandler
  233 00000028         TIMER3_IRQHandler
  234 00000028         UART0_IRQHandler
  235 00000028         UART1_IRQHandler
  236 00000028         UART2_IRQHandler



ARM Macro Assembler    Page 7 


  237 00000028         UART3_IRQHandler
  238 00000028         PWM1_IRQHandler
  239 00000028         I2C0_IRQHandler
  240 00000028         I2C1_IRQHandler
  241 00000028         I2C2_IRQHandler
  242 00000028         SPI_IRQHandler
  243 00000028         SSP0_IRQHandler
  244 00000028         SSP1_IRQHandler
  245 00000028         PLL0_IRQHandler
  246 00000028         RTC_IRQHandler
  247 00000028         EINT0_IRQHandler
  248 00000028         EINT1_IRQHandler
  249 00000028         EINT2_IRQHandler
  250 00000028         EINT3_IRQHandler
  251 00000028         ADC_IRQHandler
  252 00000028         BOD_IRQHandler
  253 00000028         USB_IRQHandler
  254 00000028         CAN_IRQHandler
  255 00000028         DMA_IRQHandler
  256 00000028         I2S_IRQHandler
  257 00000028         ENET_IRQHandler
  258 00000028         RIT_IRQHandler
  259 00000028         MCPWM_IRQHandler
  260 00000028         QEI_IRQHandler
  261 00000028         PLL1_IRQHandler
  262 00000028         USBActivity_IRQHandler
  263 00000028         CANActivity_IRQHandler
  264 00000028         
  265 00000028 E7FE            B                .
  266 0000002A         
  267 0000002A                 ENDP
  268 0000002A         
  269 0000002A         
  270 0000002A 00 00           ALIGN
  271 0000002C         
  272 0000002C         
  273 0000002C         ; User Initial Stack & Heap
  274 0000002C         
  275 0000002C                 IF               :DEF:__MICROLIB
  282 0000002C         
  283 0000002C                 IMPORT           __use_two_region_memory
  284 0000002C                 EXPORT           __user_initial_stackheap
  285 0000002C         __user_initial_stackheap
  286 0000002C         
  287 0000002C 4802            LDR              R0, =  Heap_Mem
  288 0000002E 4903            LDR              R1, =(Stack_Mem + Stack_Size)
  289 00000030 4A01            LDR              R2, = (Heap_Mem +  Heap_Size)
  290 00000032 4B03            LDR              R3, = Stack_Mem
  291 00000034 4770            BX               LR
  292 00000036         
  293 00000036 00 00           ALIGN
  294 00000038         
  295 00000038                 ENDIF
  296 00000038         
  297 00000038         
  298 00000038                 END
              00000000 
              00000200 
              00000000 



ARM Macro Assembler    Page 8 


Command Line: --debug --xref --diag_suppress=9931 --cpu=Cortex-M3 --apcs=interw
ork --depend=.\objects\startup_lpc17xx.d -o.\objects\startup_lpc17xx.o -I.\RTE\
Device\LPC1768 -I.\RTE\_Target_1 -IC:\Users\Riccardo\AppData\Local\Arm\Packs\AR
M\CMSIS\5.6.0\CMSIS\Core\Include -IC:\Users\Riccardo\AppData\Local\Arm\Packs\Ke
il\LPC1700_DFP\2.6.0\Device\Include --predefine="__EVAL SETA 1" --predefine="__
UVISION_VERSION SETA 529" --predefine="_RTE_ SETA 1" --predefine="LPC175x_6x SE
TA 1" --list=.\listings\startup_lpc17xx.lst RTE\Device\LPC1768\startup_LPC17xx.
s



ARM Macro Assembler    Page 1 Alphabetic symbol ordering
Relocatable symbols

STACK 00000000

Symbol: STACK
   Definitions
      At line 33 in file RTE\Device\LPC1768\startup_LPC17xx.s
   Uses
      None
Comment: STACK unused
Stack_Mem 00000000

Symbol: Stack_Mem
   Definitions
      At line 34 in file RTE\Device\LPC1768\startup_LPC17xx.s
   Uses
      At line 288 in file RTE\Device\LPC1768\startup_LPC17xx.s
      At line 290 in file RTE\Device\LPC1768\startup_LPC17xx.s

__initial_sp 00000200

Symbol: __initial_sp
   Definitions
      At line 35 in file RTE\Device\LPC1768\startup_LPC17xx.s
   Uses
      At line 59 in file RTE\Device\LPC1768\startup_LPC17xx.s
Comment: __initial_sp used once
3 symbols



ARM Macro Assembler    Page 1 Alphabetic symbol ordering
Relocatable symbols

HEAP 00000000

Symbol: HEAP
   Definitions
      At line 44 in file RTE\Device\LPC1768\startup_LPC17xx.s
   Uses
      None
Comment: HEAP unused
Heap_Mem 00000000

Symbol: Heap_Mem
   Definitions
      At line 46 in file RTE\Device\LPC1768\startup_LPC17xx.s
   Uses
      At line 287 in file RTE\Device\LPC1768\startup_LPC17xx.s
      At line 289 in file RTE\Device\LPC1768\startup_LPC17xx.s

__heap_base 00000000

Symbol: __heap_base
   Definitions
      At line 45 in file RTE\Device\LPC1768\startup_LPC17xx.s
   Uses
      None
Comment: __heap_base unused
__heap_limit 00000000

Symbol: __heap_limit
   Definitions
      At line 47 in file RTE\Device\LPC1768\startup_LPC17xx.s
   Uses
      None
Comment: __heap_limit unused
4 symbols



ARM Macro Assembler    Page 1 Alphabetic symbol ordering
Relocatable symbols

RESET 00000000

Symbol: RESET
   Definitions
      At line 56 in file RTE\Device\LPC1768\startup_LPC17xx.s
   Uses
      None
Comment: RESET unused
__Vectors 00000000

Symbol: __Vectors
   Definitions
      At line 59 in file RTE\Device\LPC1768\startup_LPC17xx.s
   Uses
      At line 57 in file RTE\Device\LPC1768\startup_LPC17xx.s
Comment: __Vectors used once
2 symbols



ARM Macro Assembler    Page 1 Alphabetic symbol ordering
Relocatable symbols

.ARM.__at_0x02FC 00000000

Symbol: .ARM.__at_0x02FC
   Definitions
      At line 116 in file RTE\Device\LPC1768\startup_LPC17xx.s
   Uses
      None
Comment: .ARM.__at_0x02FC unused
CRP_Key 00000000

Symbol: CRP_Key
   Definitions
      At line 117 in file RTE\Device\LPC1768\startup_LPC17xx.s
   Uses
      None
Comment: CRP_Key unused
2 symbols



ARM Macro Assembler    Page 1 Alphabetic symbol ordering
Relocatable symbols

.text 00000000

Symbol: .text
   Definitions
      At line 121 in file RTE\Device\LPC1768\startup_LPC17xx.s
   Uses
      None
Comment: .text unused
ADC_IRQHandler 00000028

Symbol: ADC_IRQHandler
   Definitions
      At line 251 in file RTE\Device\LPC1768\startup_LPC17xx.s
   Uses
      At line 99 in file RTE\Device\LPC1768\startup_LPC17xx.s
      At line 215 in file RTE\Device\LPC1768\startup_LPC17xx.s

BOD_IRQHandler 00000028

Symbol: BOD_IRQHandler
   Definitions
      At line 252 in file RTE\Device\LPC1768\startup_LPC17xx.s
   Uses
      At line 100 in file RTE\Device\LPC1768\startup_LPC17xx.s
      At line 216 in file RTE\Device\LPC1768\startup_LPC17xx.s

BusFault_Handler 0000001C

Symbol: BusFault_Handler
   Definitions
      At line 164 in file RTE\Device\LPC1768\startup_LPC17xx.s
   Uses
      At line 64 in file RTE\Device\LPC1768\startup_LPC17xx.s
      At line 165 in file RTE\Device\LPC1768\startup_LPC17xx.s

CANActivity_IRQHandler 00000028

Symbol: CANActivity_IRQHandler
   Definitions
      At line 263 in file RTE\Device\LPC1768\startup_LPC17xx.s
   Uses
      At line 111 in file RTE\Device\LPC1768\startup_LPC17xx.s
      At line 227 in file RTE\Device\LPC1768\startup_LPC17xx.s

CAN_IRQHandler 00000028

Symbol: CAN_IRQHandler
   Definitions
      At line 254 in file RTE\Device\LPC1768\startup_LPC17xx.s
   Uses
      At line 102 in file RTE\Device\LPC1768\startup_LPC17xx.s
      At line 218 in file RTE\Device\LPC1768\startup_LPC17xx.s

DMA_IRQHandler 00000028

Symbol: DMA_IRQHandler
   Definitions
      At line 255 in file RTE\Device\LPC1768\startup_LPC17xx.s
   Uses



ARM Macro Assembler    Page 2 Alphabetic symbol ordering
Relocatable symbols

      At line 103 in file RTE\Device\LPC1768\startup_LPC17xx.s
      At line 219 in file RTE\Device\LPC1768\startup_LPC17xx.s

DebugMon_Handler 00000022

Symbol: DebugMon_Handler
   Definitions
      At line 178 in file RTE\Device\LPC1768\startup_LPC17xx.s
   Uses
      At line 71 in file RTE\Device\LPC1768\startup_LPC17xx.s
      At line 179 in file RTE\Device\LPC1768\startup_LPC17xx.s

Default_Handler 00000028

Symbol: Default_Handler
   Definitions
      At line 191 in file RTE\Device\LPC1768\startup_LPC17xx.s
   Uses
      None
Comment: Default_Handler unused
EINT0_IRQHandler 00000028

Symbol: EINT0_IRQHandler
   Definitions
      At line 247 in file RTE\Device\LPC1768\startup_LPC17xx.s
   Uses
      At line 95 in file RTE\Device\LPC1768\startup_LPC17xx.s
      At line 211 in file RTE\Device\LPC1768\startup_LPC17xx.s

EINT1_IRQHandler 00000028

Symbol: EINT1_IRQHandler
   Definitions
      At line 248 in file RTE\Device\LPC1768\startup_LPC17xx.s
   Uses
      At line 96 in file RTE\Device\LPC1768\startup_LPC17xx.s
      At line 212 in file RTE\Device\LPC1768\startup_LPC17xx.s

EINT2_IRQHandler 00000028

Symbol: EINT2_IRQHandler
   Definitions
      At line 249 in file RTE\Device\LPC1768\startup_LPC17xx.s
   Uses
      At line 97 in file RTE\Device\LPC1768\startup_LPC17xx.s
      At line 213 in file RTE\Device\LPC1768\startup_LPC17xx.s

EINT3_IRQHandler 00000028

Symbol: EINT3_IRQHandler
   Definitions
      At line 250 in file RTE\Device\LPC1768\startup_LPC17xx.s
   Uses
      At line 98 in file RTE\Device\LPC1768\startup_LPC17xx.s
      At line 214 in file RTE\Device\LPC1768\startup_LPC17xx.s

ENET_IRQHandler 00000028

Symbol: ENET_IRQHandler



ARM Macro Assembler    Page 3 Alphabetic symbol ordering
Relocatable symbols

   Definitions
      At line 257 in file RTE\Device\LPC1768\startup_LPC17xx.s
   Uses
      At line 105 in file RTE\Device\LPC1768\startup_LPC17xx.s
      At line 221 in file RTE\Device\LPC1768\startup_LPC17xx.s

HardFault_Handler 00000018

Symbol: HardFault_Handler
   Definitions
      At line 154 in file RTE\Device\LPC1768\startup_LPC17xx.s
   Uses
      At line 62 in file RTE\Device\LPC1768\startup_LPC17xx.s
      At line 155 in file RTE\Device\LPC1768\startup_LPC17xx.s

I2C0_IRQHandler 00000028

Symbol: I2C0_IRQHandler
   Definitions
      At line 239 in file RTE\Device\LPC1768\startup_LPC17xx.s
   Uses
      At line 87 in file RTE\Device\LPC1768\startup_LPC17xx.s
      At line 203 in file RTE\Device\LPC1768\startup_LPC17xx.s

I2C1_IRQHandler 00000028

Symbol: I2C1_IRQHandler
   Definitions
      At line 240 in file RTE\Device\LPC1768\startup_LPC17xx.s
   Uses
      At line 88 in file RTE\Device\LPC1768\startup_LPC17xx.s
      At line 204 in file RTE\Device\LPC1768\startup_LPC17xx.s

I2C2_IRQHandler 00000028

Symbol: I2C2_IRQHandler
   Definitions
      At line 241 in file RTE\Device\LPC1768\startup_LPC17xx.s
   Uses
      At line 89 in file RTE\Device\LPC1768\startup_LPC17xx.s
      At line 205 in file RTE\Device\LPC1768\startup_LPC17xx.s

I2S_IRQHandler 00000028

Symbol: I2S_IRQHandler
   Definitions
      At line 256 in file RTE\Device\LPC1768\startup_LPC17xx.s
   Uses
      At line 104 in file RTE\Device\LPC1768\startup_LPC17xx.s
      At line 220 in file RTE\Device\LPC1768\startup_LPC17xx.s

MCPWM_IRQHandler 00000028

Symbol: MCPWM_IRQHandler
   Definitions
      At line 259 in file RTE\Device\LPC1768\startup_LPC17xx.s
   Uses
      At line 107 in file RTE\Device\LPC1768\startup_LPC17xx.s
      At line 223 in file RTE\Device\LPC1768\startup_LPC17xx.s



ARM Macro Assembler    Page 4 Alphabetic symbol ordering
Relocatable symbols


MemManage_Handler 0000001A

Symbol: MemManage_Handler
   Definitions
      At line 159 in file RTE\Device\LPC1768\startup_LPC17xx.s
   Uses
      At line 63 in file RTE\Device\LPC1768\startup_LPC17xx.s
      At line 160 in file RTE\Device\LPC1768\startup_LPC17xx.s

NMI_Handler 00000016

Symbol: NMI_Handler
   Definitions
      At line 149 in file RTE\Device\LPC1768\startup_LPC17xx.s
   Uses
      At line 61 in file RTE\Device\LPC1768\startup_LPC17xx.s
      At line 150 in file RTE\Device\LPC1768\startup_LPC17xx.s

PLL0_IRQHandler 00000028

Symbol: PLL0_IRQHandler
   Definitions
      At line 245 in file RTE\Device\LPC1768\startup_LPC17xx.s
   Uses
      At line 93 in file RTE\Device\LPC1768\startup_LPC17xx.s
      At line 209 in file RTE\Device\LPC1768\startup_LPC17xx.s

PLL1_IRQHandler 00000028

Symbol: PLL1_IRQHandler
   Definitions
      At line 261 in file RTE\Device\LPC1768\startup_LPC17xx.s
   Uses
      At line 109 in file RTE\Device\LPC1768\startup_LPC17xx.s
      At line 225 in file RTE\Device\LPC1768\startup_LPC17xx.s

PWM1_IRQHandler 00000028

Symbol: PWM1_IRQHandler
   Definitions
      At line 238 in file RTE\Device\LPC1768\startup_LPC17xx.s
   Uses
      At line 86 in file RTE\Device\LPC1768\startup_LPC17xx.s
      At line 202 in file RTE\Device\LPC1768\startup_LPC17xx.s

PendSV_Handler 00000024

Symbol: PendSV_Handler
   Definitions
      At line 182 in file RTE\Device\LPC1768\startup_LPC17xx.s
   Uses
      At line 73 in file RTE\Device\LPC1768\startup_LPC17xx.s
      At line 183 in file RTE\Device\LPC1768\startup_LPC17xx.s

QEI_IRQHandler 00000028

Symbol: QEI_IRQHandler
   Definitions



ARM Macro Assembler    Page 5 Alphabetic symbol ordering
Relocatable symbols

      At line 260 in file RTE\Device\LPC1768\startup_LPC17xx.s
   Uses
      At line 108 in file RTE\Device\LPC1768\startup_LPC17xx.s
      At line 224 in file RTE\Device\LPC1768\startup_LPC17xx.s

RIT_IRQHandler 00000028

Symbol: RIT_IRQHandler
   Definitions
      At line 258 in file RTE\Device\LPC1768\startup_LPC17xx.s
   Uses
      At line 106 in file RTE\Device\LPC1768\startup_LPC17xx.s
      At line 222 in file RTE\Device\LPC1768\startup_LPC17xx.s

RTC_IRQHandler 00000028

Symbol: RTC_IRQHandler
   Definitions
      At line 246 in file RTE\Device\LPC1768\startup_LPC17xx.s
   Uses
      At line 94 in file RTE\Device\LPC1768\startup_LPC17xx.s
      At line 210 in file RTE\Device\LPC1768\startup_LPC17xx.s

Reset_Handler 00000000

Symbol: Reset_Handler
   Definitions
      At line 128 in file RTE\Device\LPC1768\startup_LPC17xx.s
   Uses
      At line 60 in file RTE\Device\LPC1768\startup_LPC17xx.s
      At line 129 in file RTE\Device\LPC1768\startup_LPC17xx.s

SPI_IRQHandler 00000028

Symbol: SPI_IRQHandler
   Definitions
      At line 242 in file RTE\Device\LPC1768\startup_LPC17xx.s
   Uses
      At line 90 in file RTE\Device\LPC1768\startup_LPC17xx.s
      At line 206 in file RTE\Device\LPC1768\startup_LPC17xx.s

SSP0_IRQHandler 00000028

Symbol: SSP0_IRQHandler
   Definitions
      At line 243 in file RTE\Device\LPC1768\startup_LPC17xx.s
   Uses
      At line 91 in file RTE\Device\LPC1768\startup_LPC17xx.s
      At line 207 in file RTE\Device\LPC1768\startup_LPC17xx.s

SSP1_IRQHandler 00000028

Symbol: SSP1_IRQHandler
   Definitions
      At line 244 in file RTE\Device\LPC1768\startup_LPC17xx.s
   Uses
      At line 92 in file RTE\Device\LPC1768\startup_LPC17xx.s
      At line 208 in file RTE\Device\LPC1768\startup_LPC17xx.s




ARM Macro Assembler    Page 6 Alphabetic symbol ordering
Relocatable symbols

SVC_Handler 00000020

Symbol: SVC_Handler
   Definitions
      At line 173 in file RTE\Device\LPC1768\startup_LPC17xx.s
   Uses
      At line 70 in file RTE\Device\LPC1768\startup_LPC17xx.s
      At line 174 in file RTE\Device\LPC1768\startup_LPC17xx.s

SysTick_Handler 00000026

Symbol: SysTick_Handler
   Definitions
      At line 186 in file RTE\Device\LPC1768\startup_LPC17xx.s
   Uses
      At line 74 in file RTE\Device\LPC1768\startup_LPC17xx.s
      At line 187 in file RTE\Device\LPC1768\startup_LPC17xx.s

TIMER0_IRQHandler 00000028

Symbol: TIMER0_IRQHandler
   Definitions
      At line 230 in file RTE\Device\LPC1768\startup_LPC17xx.s
   Uses
      At line 78 in file RTE\Device\LPC1768\startup_LPC17xx.s
      At line 194 in file RTE\Device\LPC1768\startup_LPC17xx.s

TIMER1_IRQHandler 00000028

Symbol: TIMER1_IRQHandler
   Definitions
      At line 231 in file RTE\Device\LPC1768\startup_LPC17xx.s
   Uses
      At line 79 in file RTE\Device\LPC1768\startup_LPC17xx.s
      At line 195 in file RTE\Device\LPC1768\startup_LPC17xx.s

TIMER2_IRQHandler 00000028

Symbol: TIMER2_IRQHandler
   Definitions
      At line 232 in file RTE\Device\LPC1768\startup_LPC17xx.s
   Uses
      At line 80 in file RTE\Device\LPC1768\startup_LPC17xx.s
      At line 196 in file RTE\Device\LPC1768\startup_LPC17xx.s

TIMER3_IRQHandler 00000028

Symbol: TIMER3_IRQHandler
   Definitions
      At line 233 in file RTE\Device\LPC1768\startup_LPC17xx.s
   Uses
      At line 81 in file RTE\Device\LPC1768\startup_LPC17xx.s
      At line 197 in file RTE\Device\LPC1768\startup_LPC17xx.s

UART0_IRQHandler 00000028

Symbol: UART0_IRQHandler
   Definitions
      At line 234 in file RTE\Device\LPC1768\startup_LPC17xx.s



ARM Macro Assembler    Page 7 Alphabetic symbol ordering
Relocatable symbols

   Uses
      At line 82 in file RTE\Device\LPC1768\startup_LPC17xx.s
      At line 198 in file RTE\Device\LPC1768\startup_LPC17xx.s

UART1_IRQHandler 00000028

Symbol: UART1_IRQHandler
   Definitions
      At line 235 in file RTE\Device\LPC1768\startup_LPC17xx.s
   Uses
      At line 83 in file RTE\Device\LPC1768\startup_LPC17xx.s
      At line 199 in file RTE\Device\LPC1768\startup_LPC17xx.s

UART2_IRQHandler 00000028

Symbol: UART2_IRQHandler
   Definitions
      At line 236 in file RTE\Device\LPC1768\startup_LPC17xx.s
   Uses
      At line 84 in file RTE\Device\LPC1768\startup_LPC17xx.s
      At line 200 in file RTE\Device\LPC1768\startup_LPC17xx.s

UART3_IRQHandler 00000028

Symbol: UART3_IRQHandler
   Definitions
      At line 237 in file RTE\Device\LPC1768\startup_LPC17xx.s
   Uses
      At line 85 in file RTE\Device\LPC1768\startup_LPC17xx.s
      At line 201 in file RTE\Device\LPC1768\startup_LPC17xx.s

USBActivity_IRQHandler 00000028

Symbol: USBActivity_IRQHandler
   Definitions
      At line 262 in file RTE\Device\LPC1768\startup_LPC17xx.s
   Uses
      At line 110 in file RTE\Device\LPC1768\startup_LPC17xx.s
      At line 226 in file RTE\Device\LPC1768\startup_LPC17xx.s

USB_IRQHandler 00000028

Symbol: USB_IRQHandler
   Definitions
      At line 253 in file RTE\Device\LPC1768\startup_LPC17xx.s
   Uses
      At line 101 in file RTE\Device\LPC1768\startup_LPC17xx.s
      At line 217 in file RTE\Device\LPC1768\startup_LPC17xx.s

UsageFault_Handler 0000001E

Symbol: UsageFault_Handler
   Definitions
      At line 169 in file RTE\Device\LPC1768\startup_LPC17xx.s
   Uses
      At line 65 in file RTE\Device\LPC1768\startup_LPC17xx.s
      At line 170 in file RTE\Device\LPC1768\startup_LPC17xx.s

WDT_IRQHandler 00000028



ARM Macro Assembler    Page 8 Alphabetic symbol ordering
Relocatable symbols


Symbol: WDT_IRQHandler
   Definitions
      At line 229 in file RTE\Device\LPC1768\startup_LPC17xx.s
   Uses
      At line 77 in file RTE\Device\LPC1768\startup_LPC17xx.s
      At line 193 in file RTE\Device\LPC1768\startup_LPC17xx.s

__user_initial_stackheap 0000002C

Symbol: __user_initial_stackheap
   Definitions
      At line 285 in file RTE\Device\LPC1768\startup_LPC17xx.s
   Uses
      At line 284 in file RTE\Device\LPC1768\startup_LPC17xx.s
Comment: __user_initial_stackheap used once
stop 00000014

Symbol: stop
   Definitions
      At line 143 in file RTE\Device\LPC1768\startup_LPC17xx.s
   Uses
      At line 143 in file RTE\Device\LPC1768\startup_LPC17xx.s
Comment: stop used once
49 symbols



ARM Macro Assembler    Page 1 Alphabetic symbol ordering
Absolute symbols

Heap_Size 00000000

Symbol: Heap_Size
   Definitions
      At line 42 in file RTE\Device\LPC1768\startup_LPC17xx.s
   Uses
      At line 46 in file RTE\Device\LPC1768\startup_LPC17xx.s
      At line 289 in file RTE\Device\LPC1768\startup_LPC17xx.s

Stack_Size 00000200

Symbol: Stack_Size
   Definitions
      At line 31 in file RTE\Device\LPC1768\startup_LPC17xx.s
   Uses
      At line 34 in file RTE\Device\LPC1768\startup_LPC17xx.s
      At line 288 in file RTE\Device\LPC1768\startup_LPC17xx.s

2 symbols



ARM Macro Assembler    Page 1 Alphabetic symbol ordering
External symbols

__use_two_region_memory 00000000

Symbol: __use_two_region_memory
   Definitions
      At line 283 in file RTE\Device\LPC1768\startup_LPC17xx.s
   Uses
      None
Comment: __use_two_region_memory unused
1 symbol
408 symbols in table
