


ARM Macro Assembler    Page 1 


    1 00000000         ;/******************************************************
                       ********************//**
    2 00000000         ; * @file     startup_LPC17xx.s
    3 00000000         ; * @brief    CMSIS Cortex-M3 Core Device Startup File f
                       or
    4 00000000         ; *           NXP LPC17xx Device Series
    5 00000000         ; * @version  V1.10
    6 00000000         ; * @date     06. April 2011
    7 00000000         ; *
    8 00000000         ; * @note
    9 00000000         ; * Copyright (C) 2009-2011 ARM Limited. All rights rese
                       rved.
   10 00000000         ; *
   11 00000000         ; * @par
   12 00000000         ; * ARM Limited (ARM) is supplying this software for use
                        with Cortex-M
   13 00000000         ; * processor based microcontrollers.  This file can be 
                       freely distributed
   14 00000000         ; * within development tools that are supporting such AR
                       M based processors.
   15 00000000         ; *
   16 00000000         ; * @par
   17 00000000         ; * THIS SOFTWARE IS PROVIDED "AS IS".  NO WARRANTIES, W
                       HETHER EXPRESS, IMPLIED
   18 00000000         ; * OR STATUTORY, INCLUDING, BUT NOT LIMITED TO, IMPLIED
                        WARRANTIES OF
   19 00000000         ; * MERCHANTABILITY AND FITNESS FOR A PARTICULAR PURPOSE
                        APPLY TO THIS SOFTWARE.
   20 00000000         ; * ARM SHALL NOT, IN ANY CIRCUMSTANCES, BE LIABLE FOR S
                       PECIAL, INCIDENTAL, OR
   21 00000000         ; * CONSEQUENTIAL DAMAGES, FOR ANY REASON WHATSOEVER.
   22 00000000         ; *
   23 00000000         ; ******************************************************
                       ************************/
   24 00000000         
   25 00000000         ; *------- <<< Use Configuration Wizard in Context Menu 
                       >>> ------------------
   26 00000000         
   27 00000000         ; <h> Stack Configuration
   28 00000000         ;   <o> Stack Size (in Bytes) <0x0-0xFFFFFFFF:8>
   29 00000000         ; </h>
   30 00000000         
   31 00000000 00000200 
                       Stack_Size
                               EQU              0x00000200
   32 00000000         
   33 00000000                 AREA             STACK, NOINIT, READWRITE, ALIGN
=3
   34 00000000         Stack_Mem
                               SPACE            Stack_Size
   35 00000200         __initial_sp
   36 00000200         
   37 00000200         
   38 00000200         ; <h> Heap Configuration
   39 00000200         ;   <o>  Heap Size (in Bytes) <0x0-0xFFFFFFFF:8>
   40 00000200         ; </h>
   41 00000200         
   42 00000200 00000000 
                       Heap_Size



ARM Macro Assembler    Page 2 


                               EQU              0x00000000
   43 00000200         
   44 00000200                 AREA             HEAP, NOINIT, READWRITE, ALIGN=
3
   45 00000000         __heap_base
   46 00000000         Heap_Mem
                               SPACE            Heap_Size
   47 00000000         __heap_limit
   48 00000000         
   49 00000000         
   50 00000000                 PRESERVE8
   51 00000000                 THUMB
   52 00000000         
   53 00000000         
   54 00000000         ; Vector Table Mapped to Address 0 at Reset
   55 00000000         
   56 00000000                 AREA             RESET, DATA, READONLY
   57 00000000                 EXPORT           __Vectors
   58 00000000         
   59 00000000 00000000 
                       __Vectors
                               DCD              __initial_sp ; Top of Stack
   60 00000004 00000000        DCD              Reset_Handler ; Reset Handler
   61 00000008 00000000        DCD              NMI_Handler ; NMI Handler
   62 0000000C 00000000        DCD              HardFault_Handler ; Hard Fault 
                                                            Handler
   63 00000010 00000000        DCD              MemManage_Handler 
                                                            ; MPU Fault Handler
                                                            
   64 00000014 00000000        DCD              BusFault_Handler 
                                                            ; Bus Fault Handler
                                                            
   65 00000018 00000000        DCD              UsageFault_Handler ; Usage Faul
                                                            t Handler
   66 0000001C 00000000        DCD              0           ; Reserved
   67 00000020 00000000        DCD              0           ; Reserved
   68 00000024 00000000        DCD              0           ; Reserved
   69 00000028 00000000        DCD              0           ; Reserved
   70 0000002C 00000000        DCD              SVC_Handler ; SVCall Handler
   71 00000030 00000000        DCD              DebugMon_Handler ; Debug Monito
                                                            r Handler
   72 00000034 00000000        DCD              0           ; Reserved
   73 00000038 00000000        DCD              PendSV_Handler ; PendSV Handler
                                                            
   74 0000003C 00000000        DCD              SysTick_Handler 
                                                            ; SysTick Handler
   75 00000040         
   76 00000040         ; External Interrupts
   77 00000040 00000000        DCD              WDT_IRQHandler ; 16: Watchdog T
                                                            imer
   78 00000044 00000000        DCD              TIMER0_IRQHandler ; 17: Timer0
   79 00000048 00000000        DCD              TIMER1_IRQHandler ; 18: Timer1
   80 0000004C 00000000        DCD              TIMER2_IRQHandler ; 19: Timer2
   81 00000050 00000000        DCD              TIMER3_IRQHandler ; 20: Timer3
   82 00000054 00000000        DCD              UART0_IRQHandler ; 21: UART0
   83 00000058 00000000        DCD              UART1_IRQHandler ; 22: UART1
   84 0000005C 00000000        DCD              UART2_IRQHandler ; 23: UART2
   85 00000060 00000000        DCD              UART3_IRQHandler ; 24: UART3
   86 00000064 00000000        DCD              PWM1_IRQHandler ; 25: PWM1



ARM Macro Assembler    Page 3 


   87 00000068 00000000        DCD              I2C0_IRQHandler ; 26: I2C0
   88 0000006C 00000000        DCD              I2C1_IRQHandler ; 27: I2C1
   89 00000070 00000000        DCD              I2C2_IRQHandler ; 28: I2C2
   90 00000074 00000000        DCD              SPI_IRQHandler ; 29: SPI
   91 00000078 00000000        DCD              SSP0_IRQHandler ; 30: SSP0
   92 0000007C 00000000        DCD              SSP1_IRQHandler ; 31: SSP1
   93 00000080 00000000        DCD              PLL0_IRQHandler ; 32: PLL0 Lock
                                                             (Main PLL)
   94 00000084 00000000        DCD              RTC_IRQHandler ; 33: Real Time 
                                                            Clock
   95 00000088 00000000        DCD              EINT0_IRQHandler ; 34: External
                                                             Interrupt 0
   96 0000008C 00000000        DCD              EINT1_IRQHandler ; 35: External
                                                             Interrupt 1
   97 00000090 00000000        DCD              EINT2_IRQHandler ; 36: External
                                                             Interrupt 2
   98 00000094 00000000        DCD              EINT3_IRQHandler ; 37: External
                                                             Interrupt 3
   99 00000098 00000000        DCD              ADC_IRQHandler 
                                                            ; 38: A/D Converter
                                                            
  100 0000009C 00000000        DCD              BOD_IRQHandler ; 39: Brown-Out 
                                                            Detect
  101 000000A0 00000000        DCD              USB_IRQHandler ; 40: USB
  102 000000A4 00000000        DCD              CAN_IRQHandler ; 41: CAN
  103 000000A8 00000000        DCD              DMA_IRQHandler ; 42: General Pu
                                                            rpose DMA
  104 000000AC 00000000        DCD              I2S_IRQHandler ; 43: I2S
  105 000000B0 00000000        DCD              ENET_IRQHandler ; 44: Ethernet
  106 000000B4 00000000        DCD              RIT_IRQHandler ; 45: Repetitive
                                                             Interrupt Timer
  107 000000B8 00000000        DCD              MCPWM_IRQHandler ; 46: Motor Co
                                                            ntrol PWM
  108 000000BC 00000000        DCD              QEI_IRQHandler ; 47: Quadrature
                                                             Encoder Interface
  109 000000C0 00000000        DCD              PLL1_IRQHandler ; 48: PLL1 Lock
                                                             (USB PLL)
  110 000000C4 00000000        DCD              USBActivity_IRQHandler ; 49: US
                                                            B Activity interrup
                                                            t to wakeup
  111 000000C8 00000000        DCD              CANActivity_IRQHandler ; 50: CA
                                                            N Activity interrup
                                                            t to wakeup
  112 000000CC         
  113 000000CC         
  114 000000CC                 IF               :LNOT::DEF:NO_CRP
  115 000000CC                 AREA             |.ARM.__at_0x02FC|, CODE, READO
NLY
  116 00000000 FFFFFFFF 
                       CRP_Key DCD              0xFFFFFFFF
  117 00000004                 ENDIF
  118 00000004         
  119 00000004         
  120 00000004                 AREA             VALUES, CODE, READONLY
  121 00000000         
  122 00000000         ;u_value   EQU  15     ; not coprime
  123 00000000         ;v_value   EQU  5
  124 00000000         
  125 00000000 00000009 



ARM Macro Assembler    Page 4 


                       u_value EQU              9           ; coprime
  126 00000000 00000014 
                       v_value EQU              20
  127 00000000         
  128 00000000        0 
                       u       RN               0
  129 00000000        1 
                       v       RN               1
  130 00000000         
  131 00000000                 AREA             |.text|, CODE, READONLY
  132 00000000         
  133 00000000         
  134 00000000         ; Reset Handler
  135 00000000         
  136 00000000         Reset_Handler
                               PROC
  137 00000000                 EXPORT           Reset_Handler             [WEAK
]
  138 00000000         
  139 00000000 F04F 0009       MOV              u, #u_value
  140 00000004 F04F 0114       MOV              v, #v_value
  141 00000008 F7FF FFFE       BL               coprime
  142 0000000C         
  143 0000000C BF00            NOP
  144 0000000E BF00            NOP
  145 00000010 BF00            NOP
  146 00000012         
  147 00000012 E7FE    stop    B                stop
  148 00000014                 ENDP
  149 00000014         
  150 00000014         coprime PROC
  151 00000014 B500            PUSH             {LR}
  152 00000016         
  153 00000016 2900    check_0 CMP              v, #0       ; end condition
  154 00000018 D01C            BEQ              check_4
  155 0000001A         
  156 0000001A F000 0401 
                       check_1 AND              r4, u, #1   ; save last bit of 
                                                            u
  157 0000001E F001 0501       AND              r5, v, #1   ; save last bit of 
                                                            v
  158 00000022 EA44 0605       ORR              r6, r4, r5  ; OR of the last bi
                                                            ts
  159 00000026 2E00            CMP              r6, #0      ; check if u and v 
                                                            are both even
  160 00000028 D016            BEQ              n_coprime   ; branch if both ev
                                                            en
  161 0000002A         
  162 0000002A F001 0501 
                       check_2 AND              r5, v, #1   ; save last bit of 
                                                            v
  163 0000002E 2D01            CMP              r5, #1      ; check if u is eve
                                                            n
  164 00000030 D002            BEQ              check_3     ; branch to the nex
                                                            t check
  165 00000032 EA4F 0151       LSR              v, v, #1    ; divide if even
  166 00000036 E7F8            B                check_2     ; unconditional bra
                                                            nch
  167 00000038         



ARM Macro Assembler    Page 5 


  168 00000038 4288    check_3 CMP              u, v        ; check if u > v
  169 0000003A DC04            BGT              swap        ; branch to swap re
                                                            gisters if u > v
  170 0000003C EBA1 0100       SUB              v, v, u     ; otherwise v = v -
                                                             u
  171 00000040 2900            CMP              v, #0       ; end condition
  172 00000042 D007            BEQ              check_4
  173 00000044 E7F1            B                check_2     ; unconditional bra
                                                            nch
  174 00000046         
  175 00000046 EA80 0001 
                       swap    EOR              u, u, v     ; triple XOR swap r
                                                            egisters
  176 0000004A EA80 0101       EOR              v, u, v
  177 0000004E EA80 0001       EOR              u, u, v
  178 00000052 E7F1            B                check_3     ; unconditional bra
                                                            nch
  179 00000054         
  180 00000054 2801    check_4 CMP              u, #1       ; check if u and v 
                                                            are coprime
  181 00000056 D002            BEQ              y_coprime
  182 00000058         
  183 00000058 F04F 0000 
                       n_coprime
                               MOV              r0, #0      ; not coprime
  184 0000005C E001            B                end_coprime
  185 0000005E         
  186 0000005E F04F 0001 
                       y_coprime
                               MOV              r0, #1      ; coprime
  187 00000062         
  188 00000062 BD00    end_coprime
                               POP              {PC}        ; return
  189 00000064                 ENDP
  190 00000064         
  191 00000064         ; Dummy Exception Handlers (infinite loops which can be 
                       modified)
  192 00000064         
  193 00000064         NMI_Handler
                               PROC
  194 00000064                 EXPORT           NMI_Handler               [WEAK
]
  195 00000064 E7FE            B                .
  196 00000066                 ENDP
  198 00000066         HardFault_Handler
                               PROC
  199 00000066                 EXPORT           HardFault_Handler         [WEAK
]
  200 00000066 E7FE            B                .
  201 00000068                 ENDP
  203 00000068         MemManage_Handler
                               PROC
  204 00000068                 EXPORT           MemManage_Handler         [WEAK
]
  205 00000068 E7FE            B                .
  206 0000006A                 ENDP
  208 0000006A         BusFault_Handler
                               PROC
  209 0000006A                 EXPORT           BusFault_Handler          [WEAK



ARM Macro Assembler    Page 6 


]
  210 0000006A E7FE            B                .
  211 0000006C                 ENDP
  213 0000006C         UsageFault_Handler
                               PROC
  214 0000006C                 EXPORT           UsageFault_Handler        [WEAK
]
  215 0000006C E7FE            B                .
  216 0000006E                 ENDP
  217 0000006E         SVC_Handler
                               PROC
  218 0000006E                 EXPORT           SVC_Handler               [WEAK
]
  219 0000006E E7FE            B                .
  220 00000070                 ENDP
  222 00000070         DebugMon_Handler
                               PROC
  223 00000070                 EXPORT           DebugMon_Handler          [WEAK
]
  224 00000070 E7FE            B                .
  225 00000072                 ENDP
  226 00000072         PendSV_Handler
                               PROC
  227 00000072                 EXPORT           PendSV_Handler            [WEAK
]
  228 00000072 E7FE            B                .
  229 00000074                 ENDP
  230 00000074         SysTick_Handler
                               PROC
  231 00000074                 EXPORT           SysTick_Handler           [WEAK
]
  232 00000074 E7FE            B                .
  233 00000076                 ENDP
  234 00000076         
  235 00000076         Default_Handler
                               PROC
  236 00000076         
  237 00000076                 EXPORT           WDT_IRQHandler            [WEAK
]
  238 00000076                 EXPORT           TIMER0_IRQHandler         [WEAK
]
  239 00000076                 EXPORT           TIMER1_IRQHandler         [WEAK
]
  240 00000076                 EXPORT           TIMER2_IRQHandler         [WEAK
]
  241 00000076                 EXPORT           TIMER3_IRQHandler         [WEAK
]
  242 00000076                 EXPORT           UART0_IRQHandler          [WEAK
]
  243 00000076                 EXPORT           UART1_IRQHandler          [WEAK
]
  244 00000076                 EXPORT           UART2_IRQHandler          [WEAK
]
  245 00000076                 EXPORT           UART3_IRQHandler          [WEAK
]
  246 00000076                 EXPORT           PWM1_IRQHandler           [WEAK
]
  247 00000076                 EXPORT           I2C0_IRQHandler           [WEAK
]



ARM Macro Assembler    Page 7 


  248 00000076                 EXPORT           I2C1_IRQHandler           [WEAK
]
  249 00000076                 EXPORT           I2C2_IRQHandler           [WEAK
]
  250 00000076                 EXPORT           SPI_IRQHandler            [WEAK
]
  251 00000076                 EXPORT           SSP0_IRQHandler           [WEAK
]
  252 00000076                 EXPORT           SSP1_IRQHandler           [WEAK
]
  253 00000076                 EXPORT           PLL0_IRQHandler           [WEAK
]
  254 00000076                 EXPORT           RTC_IRQHandler            [WEAK
]
  255 00000076                 EXPORT           EINT0_IRQHandler          [WEAK
]
  256 00000076                 EXPORT           EINT1_IRQHandler          [WEAK
]
  257 00000076                 EXPORT           EINT2_IRQHandler          [WEAK
]
  258 00000076                 EXPORT           EINT3_IRQHandler          [WEAK
]
  259 00000076                 EXPORT           ADC_IRQHandler            [WEAK
]
  260 00000076                 EXPORT           BOD_IRQHandler            [WEAK
]
  261 00000076                 EXPORT           USB_IRQHandler            [WEAK
]
  262 00000076                 EXPORT           CAN_IRQHandler            [WEAK
]
  263 00000076                 EXPORT           DMA_IRQHandler            [WEAK
]
  264 00000076                 EXPORT           I2S_IRQHandler            [WEAK
]
  265 00000076                 EXPORT           ENET_IRQHandler           [WEAK
]
  266 00000076                 EXPORT           RIT_IRQHandler            [WEAK
]
  267 00000076                 EXPORT           MCPWM_IRQHandler          [WEAK
]
  268 00000076                 EXPORT           QEI_IRQHandler            [WEAK
]
  269 00000076                 EXPORT           PLL1_IRQHandler           [WEAK
]
  270 00000076                 EXPORT           USBActivity_IRQHandler    [WEAK
]
  271 00000076                 EXPORT           CANActivity_IRQHandler    [WEAK
]
  272 00000076         
  273 00000076         WDT_IRQHandler
  274 00000076         TIMER0_IRQHandler
  275 00000076         TIMER1_IRQHandler
  276 00000076         TIMER2_IRQHandler
  277 00000076         TIMER3_IRQHandler
  278 00000076         UART0_IRQHandler
  279 00000076         UART1_IRQHandler
  280 00000076         UART2_IRQHandler
  281 00000076         UART3_IRQHandler
  282 00000076         PWM1_IRQHandler



ARM Macro Assembler    Page 8 


  283 00000076         I2C0_IRQHandler
  284 00000076         I2C1_IRQHandler
  285 00000076         I2C2_IRQHandler
  286 00000076         SPI_IRQHandler
  287 00000076         SSP0_IRQHandler
  288 00000076         SSP1_IRQHandler
  289 00000076         PLL0_IRQHandler
  290 00000076         RTC_IRQHandler
  291 00000076         EINT0_IRQHandler
  292 00000076         EINT1_IRQHandler
  293 00000076         EINT2_IRQHandler
  294 00000076         EINT3_IRQHandler
  295 00000076         ADC_IRQHandler
  296 00000076         BOD_IRQHandler
  297 00000076         USB_IRQHandler
  298 00000076         CAN_IRQHandler
  299 00000076         DMA_IRQHandler
  300 00000076         I2S_IRQHandler
  301 00000076         ENET_IRQHandler
  302 00000076         RIT_IRQHandler
  303 00000076         MCPWM_IRQHandler
  304 00000076         QEI_IRQHandler
  305 00000076         PLL1_IRQHandler
  306 00000076         USBActivity_IRQHandler
  307 00000076         CANActivity_IRQHandler
  308 00000076         
  309 00000076 E7FE            B                .
  310 00000078         
  311 00000078                 ENDP
  312 00000078         
  313 00000078         
  314 00000078                 ALIGN
  315 00000078         
  316 00000078         
  317 00000078         ; User Initial Stack & Heap
  318 00000078         
  319 00000078                 IF               :DEF:__MICROLIB
  326 00000078         
  327 00000078                 IMPORT           __use_two_region_memory
  328 00000078                 EXPORT           __user_initial_stackheap
  329 00000078         __user_initial_stackheap
  330 00000078         
  331 00000078 4802            LDR              R0, =  Heap_Mem
  332 0000007A 4903            LDR              R1, =(Stack_Mem + Stack_Size)
  333 0000007C 4A01            LDR              R2, = (Heap_Mem +  Heap_Size)
  334 0000007E 4B03            LDR              R3, = Stack_Mem
  335 00000080 4770            BX               LR
  336 00000082         
  337 00000082 00 00           ALIGN
  338 00000084         
  339 00000084                 ENDIF
  340 00000084         
  341 00000084         
  342 00000084                 END
              00000000 
              00000200 
              00000000 
Command Line: --debug --xref --diag_suppress=9931 --cpu=Cortex-M3 --apcs=interw
ork --depend=.\objects\startup_lpc17xx.d -o.\objects\startup_lpc17xx.o -I.\RTE\



ARM Macro Assembler    Page 9 


Device\LPC1768 -I.\RTE\_Target_1 -IC:\Users\rcucc\AppData\Local\Arm\Packs\ARM\C
MSIS\5.6.0\CMSIS\Core\Include -IC:\Users\rcucc\AppData\Local\Arm\Packs\Keil\LPC
1700_DFP\2.6.0\Device\Include --predefine="__EVAL SETA 1" --predefine="__UVISIO
N_VERSION SETA 529" --predefine="_RTE_ SETA 1" --predefine="LPC175x_6x SETA 1" 
--list=.\listings\startup_lpc17xx.lst RTE\Device\LPC1768\startup_LPC17xx.s



ARM Macro Assembler    Page 1 Alphabetic symbol ordering
Relocatable symbols

STACK 00000000

Symbol: STACK
   Definitions
      At line 33 in file RTE\Device\LPC1768\startup_LPC17xx.s
   Uses
      None
Comment: STACK unused
Stack_Mem 00000000

Symbol: Stack_Mem
   Definitions
      At line 34 in file RTE\Device\LPC1768\startup_LPC17xx.s
   Uses
      At line 332 in file RTE\Device\LPC1768\startup_LPC17xx.s
      At line 334 in file RTE\Device\LPC1768\startup_LPC17xx.s

__initial_sp 00000200

Symbol: __initial_sp
   Definitions
      At line 35 in file RTE\Device\LPC1768\startup_LPC17xx.s
   Uses
      At line 59 in file RTE\Device\LPC1768\startup_LPC17xx.s
Comment: __initial_sp used once
3 symbols



ARM Macro Assembler    Page 1 Alphabetic symbol ordering
Relocatable symbols

HEAP 00000000

Symbol: HEAP
   Definitions
      At line 44 in file RTE\Device\LPC1768\startup_LPC17xx.s
   Uses
      None
Comment: HEAP unused
Heap_Mem 00000000

Symbol: Heap_Mem
   Definitions
      At line 46 in file RTE\Device\LPC1768\startup_LPC17xx.s
   Uses
      At line 331 in file RTE\Device\LPC1768\startup_LPC17xx.s
      At line 333 in file RTE\Device\LPC1768\startup_LPC17xx.s

__heap_base 00000000

Symbol: __heap_base
   Definitions
      At line 45 in file RTE\Device\LPC1768\startup_LPC17xx.s
   Uses
      None
Comment: __heap_base unused
__heap_limit 00000000

Symbol: __heap_limit
   Definitions
      At line 47 in file RTE\Device\LPC1768\startup_LPC17xx.s
   Uses
      None
Comment: __heap_limit unused
4 symbols



ARM Macro Assembler    Page 1 Alphabetic symbol ordering
Relocatable symbols

RESET 00000000

Symbol: RESET
   Definitions
      At line 56 in file RTE\Device\LPC1768\startup_LPC17xx.s
   Uses
      None
Comment: RESET unused
__Vectors 00000000

Symbol: __Vectors
   Definitions
      At line 59 in file RTE\Device\LPC1768\startup_LPC17xx.s
   Uses
      At line 57 in file RTE\Device\LPC1768\startup_LPC17xx.s
Comment: __Vectors used once
2 symbols



ARM Macro Assembler    Page 1 Alphabetic symbol ordering
Relocatable symbols

.ARM.__at_0x02FC 00000000

Symbol: .ARM.__at_0x02FC
   Definitions
      At line 115 in file RTE\Device\LPC1768\startup_LPC17xx.s
   Uses
      None
Comment: .ARM.__at_0x02FC unused
CRP_Key 00000000

Symbol: CRP_Key
   Definitions
      At line 116 in file RTE\Device\LPC1768\startup_LPC17xx.s
   Uses
      None
Comment: CRP_Key unused
2 symbols



ARM Macro Assembler    Page 1 Alphabetic symbol ordering
Relocatable symbols

VALUES 00000000

Symbol: VALUES
   Definitions
      At line 120 in file RTE\Device\LPC1768\startup_LPC17xx.s
   Uses
      None
Comment: VALUES unused
1 symbol



ARM Macro Assembler    Page 1 Alphabetic symbol ordering
Relocatable symbols

.text 00000000

Symbol: .text
   Definitions
      At line 131 in file RTE\Device\LPC1768\startup_LPC17xx.s
   Uses
      None
Comment: .text unused
ADC_IRQHandler 00000076

Symbol: ADC_IRQHandler
   Definitions
      At line 295 in file RTE\Device\LPC1768\startup_LPC17xx.s
   Uses
      At line 99 in file RTE\Device\LPC1768\startup_LPC17xx.s
      At line 259 in file RTE\Device\LPC1768\startup_LPC17xx.s

BOD_IRQHandler 00000076

Symbol: BOD_IRQHandler
   Definitions
      At line 296 in file RTE\Device\LPC1768\startup_LPC17xx.s
   Uses
      At line 100 in file RTE\Device\LPC1768\startup_LPC17xx.s
      At line 260 in file RTE\Device\LPC1768\startup_LPC17xx.s

BusFault_Handler 0000006A

Symbol: BusFault_Handler
   Definitions
      At line 208 in file RTE\Device\LPC1768\startup_LPC17xx.s
   Uses
      At line 64 in file RTE\Device\LPC1768\startup_LPC17xx.s
      At line 209 in file RTE\Device\LPC1768\startup_LPC17xx.s

CANActivity_IRQHandler 00000076

Symbol: CANActivity_IRQHandler
   Definitions
      At line 307 in file RTE\Device\LPC1768\startup_LPC17xx.s
   Uses
      At line 111 in file RTE\Device\LPC1768\startup_LPC17xx.s
      At line 271 in file RTE\Device\LPC1768\startup_LPC17xx.s

CAN_IRQHandler 00000076

Symbol: CAN_IRQHandler
   Definitions
      At line 298 in file RTE\Device\LPC1768\startup_LPC17xx.s
   Uses
      At line 102 in file RTE\Device\LPC1768\startup_LPC17xx.s
      At line 262 in file RTE\Device\LPC1768\startup_LPC17xx.s

DMA_IRQHandler 00000076

Symbol: DMA_IRQHandler
   Definitions
      At line 299 in file RTE\Device\LPC1768\startup_LPC17xx.s
   Uses



ARM Macro Assembler    Page 2 Alphabetic symbol ordering
Relocatable symbols

      At line 103 in file RTE\Device\LPC1768\startup_LPC17xx.s
      At line 263 in file RTE\Device\LPC1768\startup_LPC17xx.s

DebugMon_Handler 00000070

Symbol: DebugMon_Handler
   Definitions
      At line 222 in file RTE\Device\LPC1768\startup_LPC17xx.s
   Uses
      At line 71 in file RTE\Device\LPC1768\startup_LPC17xx.s
      At line 223 in file RTE\Device\LPC1768\startup_LPC17xx.s

Default_Handler 00000076

Symbol: Default_Handler
   Definitions
      At line 235 in file RTE\Device\LPC1768\startup_LPC17xx.s
   Uses
      None
Comment: Default_Handler unused
EINT0_IRQHandler 00000076

Symbol: EINT0_IRQHandler
   Definitions
      At line 291 in file RTE\Device\LPC1768\startup_LPC17xx.s
   Uses
      At line 95 in file RTE\Device\LPC1768\startup_LPC17xx.s
      At line 255 in file RTE\Device\LPC1768\startup_LPC17xx.s

EINT1_IRQHandler 00000076

Symbol: EINT1_IRQHandler
   Definitions
      At line 292 in file RTE\Device\LPC1768\startup_LPC17xx.s
   Uses
      At line 96 in file RTE\Device\LPC1768\startup_LPC17xx.s
      At line 256 in file RTE\Device\LPC1768\startup_LPC17xx.s

EINT2_IRQHandler 00000076

Symbol: EINT2_IRQHandler
   Definitions
      At line 293 in file RTE\Device\LPC1768\startup_LPC17xx.s
   Uses
      At line 97 in file RTE\Device\LPC1768\startup_LPC17xx.s
      At line 257 in file RTE\Device\LPC1768\startup_LPC17xx.s

EINT3_IRQHandler 00000076

Symbol: EINT3_IRQHandler
   Definitions
      At line 294 in file RTE\Device\LPC1768\startup_LPC17xx.s
   Uses
      At line 98 in file RTE\Device\LPC1768\startup_LPC17xx.s
      At line 258 in file RTE\Device\LPC1768\startup_LPC17xx.s

ENET_IRQHandler 00000076

Symbol: ENET_IRQHandler



ARM Macro Assembler    Page 3 Alphabetic symbol ordering
Relocatable symbols

   Definitions
      At line 301 in file RTE\Device\LPC1768\startup_LPC17xx.s
   Uses
      At line 105 in file RTE\Device\LPC1768\startup_LPC17xx.s
      At line 265 in file RTE\Device\LPC1768\startup_LPC17xx.s

HardFault_Handler 00000066

Symbol: HardFault_Handler
   Definitions
      At line 198 in file RTE\Device\LPC1768\startup_LPC17xx.s
   Uses
      At line 62 in file RTE\Device\LPC1768\startup_LPC17xx.s
      At line 199 in file RTE\Device\LPC1768\startup_LPC17xx.s

I2C0_IRQHandler 00000076

Symbol: I2C0_IRQHandler
   Definitions
      At line 283 in file RTE\Device\LPC1768\startup_LPC17xx.s
   Uses
      At line 87 in file RTE\Device\LPC1768\startup_LPC17xx.s
      At line 247 in file RTE\Device\LPC1768\startup_LPC17xx.s

I2C1_IRQHandler 00000076

Symbol: I2C1_IRQHandler
   Definitions
      At line 284 in file RTE\Device\LPC1768\startup_LPC17xx.s
   Uses
      At line 88 in file RTE\Device\LPC1768\startup_LPC17xx.s
      At line 248 in file RTE\Device\LPC1768\startup_LPC17xx.s

I2C2_IRQHandler 00000076

Symbol: I2C2_IRQHandler
   Definitions
      At line 285 in file RTE\Device\LPC1768\startup_LPC17xx.s
   Uses
      At line 89 in file RTE\Device\LPC1768\startup_LPC17xx.s
      At line 249 in file RTE\Device\LPC1768\startup_LPC17xx.s

I2S_IRQHandler 00000076

Symbol: I2S_IRQHandler
   Definitions
      At line 300 in file RTE\Device\LPC1768\startup_LPC17xx.s
   Uses
      At line 104 in file RTE\Device\LPC1768\startup_LPC17xx.s
      At line 264 in file RTE\Device\LPC1768\startup_LPC17xx.s

MCPWM_IRQHandler 00000076

Symbol: MCPWM_IRQHandler
   Definitions
      At line 303 in file RTE\Device\LPC1768\startup_LPC17xx.s
   Uses
      At line 107 in file RTE\Device\LPC1768\startup_LPC17xx.s
      At line 267 in file RTE\Device\LPC1768\startup_LPC17xx.s



ARM Macro Assembler    Page 4 Alphabetic symbol ordering
Relocatable symbols


MemManage_Handler 00000068

Symbol: MemManage_Handler
   Definitions
      At line 203 in file RTE\Device\LPC1768\startup_LPC17xx.s
   Uses
      At line 63 in file RTE\Device\LPC1768\startup_LPC17xx.s
      At line 204 in file RTE\Device\LPC1768\startup_LPC17xx.s

NMI_Handler 00000064

Symbol: NMI_Handler
   Definitions
      At line 193 in file RTE\Device\LPC1768\startup_LPC17xx.s
   Uses
      At line 61 in file RTE\Device\LPC1768\startup_LPC17xx.s
      At line 194 in file RTE\Device\LPC1768\startup_LPC17xx.s

PLL0_IRQHandler 00000076

Symbol: PLL0_IRQHandler
   Definitions
      At line 289 in file RTE\Device\LPC1768\startup_LPC17xx.s
   Uses
      At line 93 in file RTE\Device\LPC1768\startup_LPC17xx.s
      At line 253 in file RTE\Device\LPC1768\startup_LPC17xx.s

PLL1_IRQHandler 00000076

Symbol: PLL1_IRQHandler
   Definitions
      At line 305 in file RTE\Device\LPC1768\startup_LPC17xx.s
   Uses
      At line 109 in file RTE\Device\LPC1768\startup_LPC17xx.s
      At line 269 in file RTE\Device\LPC1768\startup_LPC17xx.s

PWM1_IRQHandler 00000076

Symbol: PWM1_IRQHandler
   Definitions
      At line 282 in file RTE\Device\LPC1768\startup_LPC17xx.s
   Uses
      At line 86 in file RTE\Device\LPC1768\startup_LPC17xx.s
      At line 246 in file RTE\Device\LPC1768\startup_LPC17xx.s

PendSV_Handler 00000072

Symbol: PendSV_Handler
   Definitions
      At line 226 in file RTE\Device\LPC1768\startup_LPC17xx.s
   Uses
      At line 73 in file RTE\Device\LPC1768\startup_LPC17xx.s
      At line 227 in file RTE\Device\LPC1768\startup_LPC17xx.s

QEI_IRQHandler 00000076

Symbol: QEI_IRQHandler
   Definitions



ARM Macro Assembler    Page 5 Alphabetic symbol ordering
Relocatable symbols

      At line 304 in file RTE\Device\LPC1768\startup_LPC17xx.s
   Uses
      At line 108 in file RTE\Device\LPC1768\startup_LPC17xx.s
      At line 268 in file RTE\Device\LPC1768\startup_LPC17xx.s

RIT_IRQHandler 00000076

Symbol: RIT_IRQHandler
   Definitions
      At line 302 in file RTE\Device\LPC1768\startup_LPC17xx.s
   Uses
      At line 106 in file RTE\Device\LPC1768\startup_LPC17xx.s
      At line 266 in file RTE\Device\LPC1768\startup_LPC17xx.s

RTC_IRQHandler 00000076

Symbol: RTC_IRQHandler
   Definitions
      At line 290 in file RTE\Device\LPC1768\startup_LPC17xx.s
   Uses
      At line 94 in file RTE\Device\LPC1768\startup_LPC17xx.s
      At line 254 in file RTE\Device\LPC1768\startup_LPC17xx.s

Reset_Handler 00000000

Symbol: Reset_Handler
   Definitions
      At line 136 in file RTE\Device\LPC1768\startup_LPC17xx.s
   Uses
      At line 60 in file RTE\Device\LPC1768\startup_LPC17xx.s
      At line 137 in file RTE\Device\LPC1768\startup_LPC17xx.s

SPI_IRQHandler 00000076

Symbol: SPI_IRQHandler
   Definitions
      At line 286 in file RTE\Device\LPC1768\startup_LPC17xx.s
   Uses
      At line 90 in file RTE\Device\LPC1768\startup_LPC17xx.s
      At line 250 in file RTE\Device\LPC1768\startup_LPC17xx.s

SSP0_IRQHandler 00000076

Symbol: SSP0_IRQHandler
   Definitions
      At line 287 in file RTE\Device\LPC1768\startup_LPC17xx.s
   Uses
      At line 91 in file RTE\Device\LPC1768\startup_LPC17xx.s
      At line 251 in file RTE\Device\LPC1768\startup_LPC17xx.s

SSP1_IRQHandler 00000076

Symbol: SSP1_IRQHandler
   Definitions
      At line 288 in file RTE\Device\LPC1768\startup_LPC17xx.s
   Uses
      At line 92 in file RTE\Device\LPC1768\startup_LPC17xx.s
      At line 252 in file RTE\Device\LPC1768\startup_LPC17xx.s




ARM Macro Assembler    Page 6 Alphabetic symbol ordering
Relocatable symbols

SVC_Handler 0000006E

Symbol: SVC_Handler
   Definitions
      At line 217 in file RTE\Device\LPC1768\startup_LPC17xx.s
   Uses
      At line 70 in file RTE\Device\LPC1768\startup_LPC17xx.s
      At line 218 in file RTE\Device\LPC1768\startup_LPC17xx.s

SysTick_Handler 00000074

Symbol: SysTick_Handler
   Definitions
      At line 230 in file RTE\Device\LPC1768\startup_LPC17xx.s
   Uses
      At line 74 in file RTE\Device\LPC1768\startup_LPC17xx.s
      At line 231 in file RTE\Device\LPC1768\startup_LPC17xx.s

TIMER0_IRQHandler 00000076

Symbol: TIMER0_IRQHandler
   Definitions
      At line 274 in file RTE\Device\LPC1768\startup_LPC17xx.s
   Uses
      At line 78 in file RTE\Device\LPC1768\startup_LPC17xx.s
      At line 238 in file RTE\Device\LPC1768\startup_LPC17xx.s

TIMER1_IRQHandler 00000076

Symbol: TIMER1_IRQHandler
   Definitions
      At line 275 in file RTE\Device\LPC1768\startup_LPC17xx.s
   Uses
      At line 79 in file RTE\Device\LPC1768\startup_LPC17xx.s
      At line 239 in file RTE\Device\LPC1768\startup_LPC17xx.s

TIMER2_IRQHandler 00000076

Symbol: TIMER2_IRQHandler
   Definitions
      At line 276 in file RTE\Device\LPC1768\startup_LPC17xx.s
   Uses
      At line 80 in file RTE\Device\LPC1768\startup_LPC17xx.s
      At line 240 in file RTE\Device\LPC1768\startup_LPC17xx.s

TIMER3_IRQHandler 00000076

Symbol: TIMER3_IRQHandler
   Definitions
      At line 277 in file RTE\Device\LPC1768\startup_LPC17xx.s
   Uses
      At line 81 in file RTE\Device\LPC1768\startup_LPC17xx.s
      At line 241 in file RTE\Device\LPC1768\startup_LPC17xx.s

UART0_IRQHandler 00000076

Symbol: UART0_IRQHandler
   Definitions
      At line 278 in file RTE\Device\LPC1768\startup_LPC17xx.s



ARM Macro Assembler    Page 7 Alphabetic symbol ordering
Relocatable symbols

   Uses
      At line 82 in file RTE\Device\LPC1768\startup_LPC17xx.s
      At line 242 in file RTE\Device\LPC1768\startup_LPC17xx.s

UART1_IRQHandler 00000076

Symbol: UART1_IRQHandler
   Definitions
      At line 279 in file RTE\Device\LPC1768\startup_LPC17xx.s
   Uses
      At line 83 in file RTE\Device\LPC1768\startup_LPC17xx.s
      At line 243 in file RTE\Device\LPC1768\startup_LPC17xx.s

UART2_IRQHandler 00000076

Symbol: UART2_IRQHandler
   Definitions
      At line 280 in file RTE\Device\LPC1768\startup_LPC17xx.s
   Uses
      At line 84 in file RTE\Device\LPC1768\startup_LPC17xx.s
      At line 244 in file RTE\Device\LPC1768\startup_LPC17xx.s

UART3_IRQHandler 00000076

Symbol: UART3_IRQHandler
   Definitions
      At line 281 in file RTE\Device\LPC1768\startup_LPC17xx.s
   Uses
      At line 85 in file RTE\Device\LPC1768\startup_LPC17xx.s
      At line 245 in file RTE\Device\LPC1768\startup_LPC17xx.s

USBActivity_IRQHandler 00000076

Symbol: USBActivity_IRQHandler
   Definitions
      At line 306 in file RTE\Device\LPC1768\startup_LPC17xx.s
   Uses
      At line 110 in file RTE\Device\LPC1768\startup_LPC17xx.s
      At line 270 in file RTE\Device\LPC1768\startup_LPC17xx.s

USB_IRQHandler 00000076

Symbol: USB_IRQHandler
   Definitions
      At line 297 in file RTE\Device\LPC1768\startup_LPC17xx.s
   Uses
      At line 101 in file RTE\Device\LPC1768\startup_LPC17xx.s
      At line 261 in file RTE\Device\LPC1768\startup_LPC17xx.s

UsageFault_Handler 0000006C

Symbol: UsageFault_Handler
   Definitions
      At line 213 in file RTE\Device\LPC1768\startup_LPC17xx.s
   Uses
      At line 65 in file RTE\Device\LPC1768\startup_LPC17xx.s
      At line 214 in file RTE\Device\LPC1768\startup_LPC17xx.s

WDT_IRQHandler 00000076



ARM Macro Assembler    Page 8 Alphabetic symbol ordering
Relocatable symbols


Symbol: WDT_IRQHandler
   Definitions
      At line 273 in file RTE\Device\LPC1768\startup_LPC17xx.s
   Uses
      At line 77 in file RTE\Device\LPC1768\startup_LPC17xx.s
      At line 237 in file RTE\Device\LPC1768\startup_LPC17xx.s

__user_initial_stackheap 00000078

Symbol: __user_initial_stackheap
   Definitions
      At line 329 in file RTE\Device\LPC1768\startup_LPC17xx.s
   Uses
      At line 328 in file RTE\Device\LPC1768\startup_LPC17xx.s
Comment: __user_initial_stackheap used once
check_0 00000016

Symbol: check_0
   Definitions
      At line 153 in file RTE\Device\LPC1768\startup_LPC17xx.s
   Uses
      None
Comment: check_0 unused
check_1 0000001A

Symbol: check_1
   Definitions
      At line 156 in file RTE\Device\LPC1768\startup_LPC17xx.s
   Uses
      None
Comment: check_1 unused
check_2 0000002A

Symbol: check_2
   Definitions
      At line 162 in file RTE\Device\LPC1768\startup_LPC17xx.s
   Uses
      At line 166 in file RTE\Device\LPC1768\startup_LPC17xx.s
      At line 173 in file RTE\Device\LPC1768\startup_LPC17xx.s

check_3 00000038

Symbol: check_3
   Definitions
      At line 168 in file RTE\Device\LPC1768\startup_LPC17xx.s
   Uses
      At line 164 in file RTE\Device\LPC1768\startup_LPC17xx.s
      At line 178 in file RTE\Device\LPC1768\startup_LPC17xx.s

check_4 00000054

Symbol: check_4
   Definitions
      At line 180 in file RTE\Device\LPC1768\startup_LPC17xx.s
   Uses
      At line 154 in file RTE\Device\LPC1768\startup_LPC17xx.s
      At line 172 in file RTE\Device\LPC1768\startup_LPC17xx.s




ARM Macro Assembler    Page 9 Alphabetic symbol ordering
Relocatable symbols

coprime 00000014

Symbol: coprime
   Definitions
      At line 150 in file RTE\Device\LPC1768\startup_LPC17xx.s
   Uses
      At line 141 in file RTE\Device\LPC1768\startup_LPC17xx.s
Comment: coprime used once
end_coprime 00000062

Symbol: end_coprime
   Definitions
      At line 188 in file RTE\Device\LPC1768\startup_LPC17xx.s
   Uses
      At line 184 in file RTE\Device\LPC1768\startup_LPC17xx.s
Comment: end_coprime used once
n_coprime 00000058

Symbol: n_coprime
   Definitions
      At line 183 in file RTE\Device\LPC1768\startup_LPC17xx.s
   Uses
      At line 160 in file RTE\Device\LPC1768\startup_LPC17xx.s
Comment: n_coprime used once
stop 00000012

Symbol: stop
   Definitions
      At line 147 in file RTE\Device\LPC1768\startup_LPC17xx.s
   Uses
      At line 147 in file RTE\Device\LPC1768\startup_LPC17xx.s
Comment: stop used once
swap 00000046

Symbol: swap
   Definitions
      At line 175 in file RTE\Device\LPC1768\startup_LPC17xx.s
   Uses
      At line 169 in file RTE\Device\LPC1768\startup_LPC17xx.s
Comment: swap used once
y_coprime 0000005E

Symbol: y_coprime
   Definitions
      At line 186 in file RTE\Device\LPC1768\startup_LPC17xx.s
   Uses
      At line 181 in file RTE\Device\LPC1768\startup_LPC17xx.s
Comment: y_coprime used once
59 symbols



ARM Macro Assembler    Page 1 Alphabetic symbol ordering
Absolute symbols

Heap_Size 00000000

Symbol: Heap_Size
   Definitions
      At line 42 in file RTE\Device\LPC1768\startup_LPC17xx.s
   Uses
      At line 46 in file RTE\Device\LPC1768\startup_LPC17xx.s
      At line 333 in file RTE\Device\LPC1768\startup_LPC17xx.s

Stack_Size 00000200

Symbol: Stack_Size
   Definitions
      At line 31 in file RTE\Device\LPC1768\startup_LPC17xx.s
   Uses
      At line 34 in file RTE\Device\LPC1768\startup_LPC17xx.s
      At line 332 in file RTE\Device\LPC1768\startup_LPC17xx.s

u_value 00000009

Symbol: u_value
   Definitions
      At line 125 in file RTE\Device\LPC1768\startup_LPC17xx.s
   Uses
      At line 139 in file RTE\Device\LPC1768\startup_LPC17xx.s
Comment: u_value used once
v_value 00000014

Symbol: v_value
   Definitions
      At line 126 in file RTE\Device\LPC1768\startup_LPC17xx.s
   Uses
      At line 140 in file RTE\Device\LPC1768\startup_LPC17xx.s
Comment: v_value used once
4 symbols



ARM Macro Assembler    Page 1 Alphabetic symbol ordering
External symbols

__use_two_region_memory 00000000

Symbol: __use_two_region_memory
   Definitions
      At line 327 in file RTE\Device\LPC1768\startup_LPC17xx.s
   Uses
      None
Comment: __use_two_region_memory unused
1 symbol
418 symbols in table
