


ARM Macro Assembler    Page 1 


    1 00000000         ;/******************************************************
                       ********************//**
    2 00000000         ; * @file     startup_LPC17xx.s
    3 00000000         ; * @brief    CMSIS Cortex-M3 Core Device Startup File f
                       or
    4 00000000         ; *           NXP LPC17xx Device Series
    5 00000000         ; * @version  V1.10
    6 00000000         ; * @date     06. April 2011
    7 00000000         ; *
    8 00000000         ; * @note
    9 00000000         ; * Copyright (C) 2009-2011 ARM Limited. All rights rese
                       rved.
   10 00000000         ; *
   11 00000000         ; * @par
   12 00000000         ; * ARM Limited (ARM) is supplying this software for use
                        with Cortex-M
   13 00000000         ; * processor based microcontrollers.  This file can be 
                       freely distributed
   14 00000000         ; * within development tools that are supporting such AR
                       M based processors.
   15 00000000         ; *
   16 00000000         ; * @par
   17 00000000         ; * THIS SOFTWARE IS PROVIDED "AS IS".  NO WARRANTIES, W
                       HETHER EXPRESS, IMPLIED
   18 00000000         ; * OR STATUTORY, INCLUDING, BUT NOT LIMITED TO, IMPLIED
                        WARRANTIES OF
   19 00000000         ; * MERCHANTABILITY AND FITNESS FOR A PARTICULAR PURPOSE
                        APPLY TO THIS SOFTWARE.
   20 00000000         ; * ARM SHALL NOT, IN ANY CIRCUMSTANCES, BE LIABLE FOR S
                       PECIAL, INCIDENTAL, OR
   21 00000000         ; * CONSEQUENTIAL DAMAGES, FOR ANY REASON WHATSOEVER.
   22 00000000         ; *
   23 00000000         ; ******************************************************
                       ************************/
   24 00000000         
   25 00000000         ; *------- <<< Use Configuration Wizard in Context Menu 
                       >>> ------------------
   26 00000000         
   27 00000000         ; <h> Stack Configuration
   28 00000000         ;   <o> Stack Size (in Bytes) <0x0-0xFFFFFFFF:8>
   29 00000000         ; </h>
   30 00000000         
   31 00000000 00000200 
                       Stack_Size
                               EQU              0x00000200
   32 00000000         
   33 00000000                 AREA             STACK, NOINIT, READWRITE, ALIGN
=3
   34 00000000         Stack_Mem
                               SPACE            Stack_Size
   35 00000200         __initial_sp
   36 00000200         
   37 00000200         
   38 00000200         ; <h> Heap Configuration
   39 00000200         ;   <o>  Heap Size (in Bytes) <0x0-0xFFFFFFFF:8>
   40 00000200         ; </h>
   41 00000200         
   42 00000200 00000000 
                       Heap_Size



ARM Macro Assembler    Page 2 


                               EQU              0x00000000
   43 00000200         
   44 00000200                 AREA             HEAP, NOINIT, READWRITE, ALIGN=
3
   45 00000000         __heap_base
   46 00000000         Heap_Mem
                               SPACE            Heap_Size
   47 00000000         __heap_limit
   48 00000000         
   49 00000000         
   50 00000000                 PRESERVE8
   51 00000000                 THUMB
   52 00000000         
   53 00000000         
   54 00000000         ; Vector Table Mapped to Address 0 at Reset
   55 00000000         
   56 00000000                 AREA             RESET, DATA, READONLY
   57 00000000                 EXPORT           __Vectors
   58 00000000         
   59 00000000 00000000 
                       __Vectors
                               DCD              __initial_sp ; Top of Stack
   60 00000004 00000000        DCD              Reset_Handler ; Reset Handler
   61 00000008 00000000        DCD              NMI_Handler ; NMI Handler
   62 0000000C 00000000        DCD              HardFault_Handler ; Hard Fault 
                                                            Handler
   63 00000010 00000000        DCD              MemManage_Handler 
                                                            ; MPU Fault Handler
                                                            
   64 00000014 00000000        DCD              BusFault_Handler 
                                                            ; Bus Fault Handler
                                                            
   65 00000018 00000000        DCD              UsageFault_Handler ; Usage Faul
                                                            t Handler
   66 0000001C 00000000        DCD              0           ; Reserved
   67 00000020 00000000        DCD              0           ; Reserved
   68 00000024 00000000        DCD              0           ; Reserved
   69 00000028 00000000        DCD              0           ; Reserved
   70 0000002C 00000000        DCD              SVC_Handler ; SVCall Handler
   71 00000030 00000000        DCD              DebugMon_Handler ; Debug Monito
                                                            r Handler
   72 00000034 00000000        DCD              0           ; Reserved
   73 00000038 00000000        DCD              PendSV_Handler ; PendSV Handler
                                                            
   74 0000003C 00000000        DCD              SysTick_Handler 
                                                            ; SysTick Handler
   75 00000040         
   76 00000040         ; External Interrupts
   77 00000040 00000000        DCD              WDT_IRQHandler ; 16: Watchdog T
                                                            imer
   78 00000044 00000000        DCD              TIMER0_IRQHandler ; 17: Timer0
   79 00000048 00000000        DCD              TIMER1_IRQHandler ; 18: Timer1
   80 0000004C 00000000        DCD              TIMER2_IRQHandler ; 19: Timer2
   81 00000050 00000000        DCD              TIMER3_IRQHandler ; 20: Timer3
   82 00000054 00000000        DCD              UART0_IRQHandler ; 21: UART0
   83 00000058 00000000        DCD              UART1_IRQHandler ; 22: UART1
   84 0000005C 00000000        DCD              UART2_IRQHandler ; 23: UART2
   85 00000060 00000000        DCD              UART3_IRQHandler ; 24: UART3
   86 00000064 00000000        DCD              PWM1_IRQHandler ; 25: PWM1



ARM Macro Assembler    Page 3 


   87 00000068 00000000        DCD              I2C0_IRQHandler ; 26: I2C0
   88 0000006C 00000000        DCD              I2C1_IRQHandler ; 27: I2C1
   89 00000070 00000000        DCD              I2C2_IRQHandler ; 28: I2C2
   90 00000074 00000000        DCD              SPI_IRQHandler ; 29: SPI
   91 00000078 00000000        DCD              SSP0_IRQHandler ; 30: SSP0
   92 0000007C 00000000        DCD              SSP1_IRQHandler ; 31: SSP1
   93 00000080 00000000        DCD              PLL0_IRQHandler ; 32: PLL0 Lock
                                                             (Main PLL)
   94 00000084 00000000        DCD              RTC_IRQHandler ; 33: Real Time 
                                                            Clock
   95 00000088 00000000        DCD              EINT0_IRQHandler ; 34: External
                                                             Interrupt 0
   96 0000008C 00000000        DCD              EINT1_IRQHandler ; 35: External
                                                             Interrupt 1
   97 00000090 00000000        DCD              EINT2_IRQHandler ; 36: External
                                                             Interrupt 2
   98 00000094 00000000        DCD              EINT3_IRQHandler ; 37: External
                                                             Interrupt 3
   99 00000098 00000000        DCD              ADC_IRQHandler 
                                                            ; 38: A/D Converter
                                                            
  100 0000009C 00000000        DCD              BOD_IRQHandler ; 39: Brown-Out 
                                                            Detect
  101 000000A0 00000000        DCD              USB_IRQHandler ; 40: USB
  102 000000A4 00000000        DCD              CAN_IRQHandler ; 41: CAN
  103 000000A8 00000000        DCD              DMA_IRQHandler ; 42: General Pu
                                                            rpose DMA
  104 000000AC 00000000        DCD              I2S_IRQHandler ; 43: I2S
  105 000000B0 00000000        DCD              ENET_IRQHandler ; 44: Ethernet
  106 000000B4 00000000        DCD              RIT_IRQHandler ; 45: Repetitive
                                                             Interrupt Timer
  107 000000B8 00000000        DCD              MCPWM_IRQHandler ; 46: Motor Co
                                                            ntrol PWM
  108 000000BC 00000000        DCD              QEI_IRQHandler ; 47: Quadrature
                                                             Encoder Interface
  109 000000C0 00000000        DCD              PLL1_IRQHandler ; 48: PLL1 Lock
                                                             (USB PLL)
  110 000000C4 00000000        DCD              USBActivity_IRQHandler ; 49: US
                                                            B Activity interrup
                                                            t to wakeup
  111 000000C8 00000000        DCD              CANActivity_IRQHandler ; 50: CA
                                                            N Activity interrup
                                                            t to wakeup
  112 000000CC         
  113 000000CC         
  114 000000CC                 IF               :LNOT::DEF:NO_CRP
  115 000000CC                 AREA             |.ARM.__at_0x02FC|, CODE, READO
NLY
  116 00000000 FFFFFFFF 
                       CRP_Key DCD              0xFFFFFFFF
  117 00000004                 ENDIF
  118 00000004         
  119 00000004         
  120 00000004                 AREA             |.text|, CODE, READONLY
  121 00000000         
  122 00000000         
  123 00000000         ; Reset Handler
  124 00000000         
  125 00000000         Reset_Handler



ARM Macro Assembler    Page 4 


                               PROC
  126 00000000                 EXPORT           Reset_Handler             [WEAK
]
  127 00000000         
  128 00000000                 EXTERN           intHypotenuse
  129 00000000 F04F 0002       MOV              r0, #2      ; first parameter
  130 00000004 F04F 0103       MOV              r1, #3      ; second parameter
  131 00000008 F7FF FFFE       BL               intHypotenuse
  132 0000000C         
  133 0000000C E7FE    stop    B                stop
  134 0000000E                 ENDP
  135 0000000E         
  136 0000000E         
  137 0000000E         ; Dummy Exception Handlers (infinite loops which can be 
                       modified)
  138 0000000E         
  139 0000000E         NMI_Handler
                               PROC
  140 0000000E                 EXPORT           NMI_Handler               [WEAK
]
  141 0000000E E7FE            B                .
  142 00000010                 ENDP
  144 00000010         HardFault_Handler
                               PROC
  145 00000010                 EXPORT           HardFault_Handler         [WEAK
]
  146 00000010 E7FE            B                .
  147 00000012                 ENDP
  149 00000012         MemManage_Handler
                               PROC
  150 00000012                 EXPORT           MemManage_Handler         [WEAK
]
  151 00000012 E7FE            B                .
  152 00000014                 ENDP
  154 00000014         BusFault_Handler
                               PROC
  155 00000014                 EXPORT           BusFault_Handler          [WEAK
]
  156 00000014 E7FE            B                .
  157 00000016                 ENDP
  159 00000016         UsageFault_Handler
                               PROC
  160 00000016                 EXPORT           UsageFault_Handler        [WEAK
]
  161 00000016 E7FE            B                .
  162 00000018                 ENDP
  163 00000018         SVC_Handler
                               PROC
  164 00000018                 EXPORT           SVC_Handler               [WEAK
]
  165 00000018 E7FE            B                .
  166 0000001A                 ENDP
  168 0000001A         DebugMon_Handler
                               PROC
  169 0000001A                 EXPORT           DebugMon_Handler          [WEAK
]
  170 0000001A E7FE            B                .
  171 0000001C                 ENDP
  172 0000001C         PendSV_Handler



ARM Macro Assembler    Page 5 


                               PROC
  173 0000001C                 EXPORT           PendSV_Handler            [WEAK
]
  174 0000001C E7FE            B                .
  175 0000001E                 ENDP
  176 0000001E         SysTick_Handler
                               PROC
  177 0000001E                 EXPORT           SysTick_Handler           [WEAK
]
  178 0000001E E7FE            B                .
  179 00000020                 ENDP
  180 00000020         
  181 00000020         Default_Handler
                               PROC
  182 00000020         
  183 00000020                 EXPORT           WDT_IRQHandler            [WEAK
]
  184 00000020                 EXPORT           TIMER0_IRQHandler         [WEAK
]
  185 00000020                 EXPORT           TIMER1_IRQHandler         [WEAK
]
  186 00000020                 EXPORT           TIMER2_IRQHandler         [WEAK
]
  187 00000020                 EXPORT           TIMER3_IRQHandler         [WEAK
]
  188 00000020                 EXPORT           UART0_IRQHandler          [WEAK
]
  189 00000020                 EXPORT           UART1_IRQHandler          [WEAK
]
  190 00000020                 EXPORT           UART2_IRQHandler          [WEAK
]
  191 00000020                 EXPORT           UART3_IRQHandler          [WEAK
]
  192 00000020                 EXPORT           PWM1_IRQHandler           [WEAK
]
  193 00000020                 EXPORT           I2C0_IRQHandler           [WEAK
]
  194 00000020                 EXPORT           I2C1_IRQHandler           [WEAK
]
  195 00000020                 EXPORT           I2C2_IRQHandler           [WEAK
]
  196 00000020                 EXPORT           SPI_IRQHandler            [WEAK
]
  197 00000020                 EXPORT           SSP0_IRQHandler           [WEAK
]
  198 00000020                 EXPORT           SSP1_IRQHandler           [WEAK
]
  199 00000020                 EXPORT           PLL0_IRQHandler           [WEAK
]
  200 00000020                 EXPORT           RTC_IRQHandler            [WEAK
]
  201 00000020                 EXPORT           EINT0_IRQHandler          [WEAK
]
  202 00000020                 EXPORT           EINT1_IRQHandler          [WEAK
]
  203 00000020                 EXPORT           EINT2_IRQHandler          [WEAK
]
  204 00000020                 EXPORT           EINT3_IRQHandler          [WEAK
]



ARM Macro Assembler    Page 6 


  205 00000020                 EXPORT           ADC_IRQHandler            [WEAK
]
  206 00000020                 EXPORT           BOD_IRQHandler            [WEAK
]
  207 00000020                 EXPORT           USB_IRQHandler            [WEAK
]
  208 00000020                 EXPORT           CAN_IRQHandler            [WEAK
]
  209 00000020                 EXPORT           DMA_IRQHandler            [WEAK
]
  210 00000020                 EXPORT           I2S_IRQHandler            [WEAK
]
  211 00000020                 EXPORT           ENET_IRQHandler           [WEAK
]
  212 00000020                 EXPORT           RIT_IRQHandler            [WEAK
]
  213 00000020                 EXPORT           MCPWM_IRQHandler          [WEAK
]
  214 00000020                 EXPORT           QEI_IRQHandler            [WEAK
]
  215 00000020                 EXPORT           PLL1_IRQHandler           [WEAK
]
  216 00000020                 EXPORT           USBActivity_IRQHandler    [WEAK
]
  217 00000020                 EXPORT           CANActivity_IRQHandler    [WEAK
]
  218 00000020         
  219 00000020         WDT_IRQHandler
  220 00000020         TIMER0_IRQHandler
  221 00000020         TIMER1_IRQHandler
  222 00000020         TIMER2_IRQHandler
  223 00000020         TIMER3_IRQHandler
  224 00000020         UART0_IRQHandler
  225 00000020         UART1_IRQHandler
  226 00000020         UART2_IRQHandler
  227 00000020         UART3_IRQHandler
  228 00000020         PWM1_IRQHandler
  229 00000020         I2C0_IRQHandler
  230 00000020         I2C1_IRQHandler
  231 00000020         I2C2_IRQHandler
  232 00000020         SPI_IRQHandler
  233 00000020         SSP0_IRQHandler
  234 00000020         SSP1_IRQHandler
  235 00000020         PLL0_IRQHandler
  236 00000020         RTC_IRQHandler
  237 00000020         EINT0_IRQHandler
  238 00000020         EINT1_IRQHandler
  239 00000020         EINT2_IRQHandler
  240 00000020         EINT3_IRQHandler
  241 00000020         ADC_IRQHandler
  242 00000020         BOD_IRQHandler
  243 00000020         USB_IRQHandler
  244 00000020         CAN_IRQHandler
  245 00000020         DMA_IRQHandler
  246 00000020         I2S_IRQHandler
  247 00000020         ENET_IRQHandler
  248 00000020         RIT_IRQHandler
  249 00000020         MCPWM_IRQHandler
  250 00000020         QEI_IRQHandler



ARM Macro Assembler    Page 7 


  251 00000020         PLL1_IRQHandler
  252 00000020         USBActivity_IRQHandler
  253 00000020         CANActivity_IRQHandler
  254 00000020         
  255 00000020 E7FE            B                .
  256 00000022         
  257 00000022                 ENDP
  258 00000022         
  259 00000022         
  260 00000022 00 00           ALIGN
  261 00000024         
  262 00000024         
  263 00000024         ; User Initial Stack & Heap
  264 00000024         
  265 00000024                 IF               :DEF:__MICROLIB
  272 00000024         
  273 00000024                 IMPORT           __use_two_region_memory
  274 00000024                 EXPORT           __user_initial_stackheap
  275 00000024         __user_initial_stackheap
  276 00000024         
  277 00000024 4802            LDR              R0, =  Heap_Mem
  278 00000026 4903            LDR              R1, =(Stack_Mem + Stack_Size)
  279 00000028 4A01            LDR              R2, = (Heap_Mem +  Heap_Size)
  280 0000002A 4B03            LDR              R3, = Stack_Mem
  281 0000002C 4770            BX               LR
  282 0000002E         
  283 0000002E 00 00           ALIGN
  284 00000030         
  285 00000030                 ENDIF
  286 00000030         
  287 00000030         
  288 00000030                 END
              00000000 
              00000200 
              00000000 
Command Line: --debug --xref --diag_suppress=9931 --cpu=Cortex-M3 --apcs=interw
ork --depend=.\objects\startup_lpc17xx.d -o.\objects\startup_lpc17xx.o -I.\RTE\
Device\LPC1768 -I.\RTE\_Target_1 -IC:\Users\Riccardo\AppData\Local\Arm\Packs\AR
M\CMSIS\5.6.0\CMSIS\Core\Include -IC:\Users\Riccardo\AppData\Local\Arm\Packs\Ke
il\LPC1700_DFP\2.6.0\Device\Include --predefine="__EVAL SETA 1" --predefine="__
UVISION_VERSION SETA 529" --predefine="_RTE_ SETA 1" --predefine="LPC175x_6x SE
TA 1" --list=.\listings\startup_lpc17xx.lst RTE\Device\LPC1768\startup_LPC17xx.
s



ARM Macro Assembler    Page 1 Alphabetic symbol ordering
Relocatable symbols

STACK 00000000

Symbol: STACK
   Definitions
      At line 33 in file RTE\Device\LPC1768\startup_LPC17xx.s
   Uses
      None
Comment: STACK unused
Stack_Mem 00000000

Symbol: Stack_Mem
   Definitions
      At line 34 in file RTE\Device\LPC1768\startup_LPC17xx.s
   Uses
      At line 278 in file RTE\Device\LPC1768\startup_LPC17xx.s
      At line 280 in file RTE\Device\LPC1768\startup_LPC17xx.s

__initial_sp 00000200

Symbol: __initial_sp
   Definitions
      At line 35 in file RTE\Device\LPC1768\startup_LPC17xx.s
   Uses
      At line 59 in file RTE\Device\LPC1768\startup_LPC17xx.s
Comment: __initial_sp used once
3 symbols



ARM Macro Assembler    Page 1 Alphabetic symbol ordering
Relocatable symbols

HEAP 00000000

Symbol: HEAP
   Definitions
      At line 44 in file RTE\Device\LPC1768\startup_LPC17xx.s
   Uses
      None
Comment: HEAP unused
Heap_Mem 00000000

Symbol: Heap_Mem
   Definitions
      At line 46 in file RTE\Device\LPC1768\startup_LPC17xx.s
   Uses
      At line 277 in file RTE\Device\LPC1768\startup_LPC17xx.s
      At line 279 in file RTE\Device\LPC1768\startup_LPC17xx.s

__heap_base 00000000

Symbol: __heap_base
   Definitions
      At line 45 in file RTE\Device\LPC1768\startup_LPC17xx.s
   Uses
      None
Comment: __heap_base unused
__heap_limit 00000000

Symbol: __heap_limit
   Definitions
      At line 47 in file RTE\Device\LPC1768\startup_LPC17xx.s
   Uses
      None
Comment: __heap_limit unused
4 symbols



ARM Macro Assembler    Page 1 Alphabetic symbol ordering
Relocatable symbols

RESET 00000000

Symbol: RESET
   Definitions
      At line 56 in file RTE\Device\LPC1768\startup_LPC17xx.s
   Uses
      None
Comment: RESET unused
__Vectors 00000000

Symbol: __Vectors
   Definitions
      At line 59 in file RTE\Device\LPC1768\startup_LPC17xx.s
   Uses
      At line 57 in file RTE\Device\LPC1768\startup_LPC17xx.s
Comment: __Vectors used once
2 symbols



ARM Macro Assembler    Page 1 Alphabetic symbol ordering
Relocatable symbols

.ARM.__at_0x02FC 00000000

Symbol: .ARM.__at_0x02FC
   Definitions
      At line 115 in file RTE\Device\LPC1768\startup_LPC17xx.s
   Uses
      None
Comment: .ARM.__at_0x02FC unused
CRP_Key 00000000

Symbol: CRP_Key
   Definitions
      At line 116 in file RTE\Device\LPC1768\startup_LPC17xx.s
   Uses
      None
Comment: CRP_Key unused
2 symbols



ARM Macro Assembler    Page 1 Alphabetic symbol ordering
Relocatable symbols

.text 00000000

Symbol: .text
   Definitions
      At line 120 in file RTE\Device\LPC1768\startup_LPC17xx.s
   Uses
      None
Comment: .text unused
ADC_IRQHandler 00000020

Symbol: ADC_IRQHandler
   Definitions
      At line 241 in file RTE\Device\LPC1768\startup_LPC17xx.s
   Uses
      At line 99 in file RTE\Device\LPC1768\startup_LPC17xx.s
      At line 205 in file RTE\Device\LPC1768\startup_LPC17xx.s

BOD_IRQHandler 00000020

Symbol: BOD_IRQHandler
   Definitions
      At line 242 in file RTE\Device\LPC1768\startup_LPC17xx.s
   Uses
      At line 100 in file RTE\Device\LPC1768\startup_LPC17xx.s
      At line 206 in file RTE\Device\LPC1768\startup_LPC17xx.s

BusFault_Handler 00000014

Symbol: BusFault_Handler
   Definitions
      At line 154 in file RTE\Device\LPC1768\startup_LPC17xx.s
   Uses
      At line 64 in file RTE\Device\LPC1768\startup_LPC17xx.s
      At line 155 in file RTE\Device\LPC1768\startup_LPC17xx.s

CANActivity_IRQHandler 00000020

Symbol: CANActivity_IRQHandler
   Definitions
      At line 253 in file RTE\Device\LPC1768\startup_LPC17xx.s
   Uses
      At line 111 in file RTE\Device\LPC1768\startup_LPC17xx.s
      At line 217 in file RTE\Device\LPC1768\startup_LPC17xx.s

CAN_IRQHandler 00000020

Symbol: CAN_IRQHandler
   Definitions
      At line 244 in file RTE\Device\LPC1768\startup_LPC17xx.s
   Uses
      At line 102 in file RTE\Device\LPC1768\startup_LPC17xx.s
      At line 208 in file RTE\Device\LPC1768\startup_LPC17xx.s

DMA_IRQHandler 00000020

Symbol: DMA_IRQHandler
   Definitions
      At line 245 in file RTE\Device\LPC1768\startup_LPC17xx.s
   Uses



ARM Macro Assembler    Page 2 Alphabetic symbol ordering
Relocatable symbols

      At line 103 in file RTE\Device\LPC1768\startup_LPC17xx.s
      At line 209 in file RTE\Device\LPC1768\startup_LPC17xx.s

DebugMon_Handler 0000001A

Symbol: DebugMon_Handler
   Definitions
      At line 168 in file RTE\Device\LPC1768\startup_LPC17xx.s
   Uses
      At line 71 in file RTE\Device\LPC1768\startup_LPC17xx.s
      At line 169 in file RTE\Device\LPC1768\startup_LPC17xx.s

Default_Handler 00000020

Symbol: Default_Handler
   Definitions
      At line 181 in file RTE\Device\LPC1768\startup_LPC17xx.s
   Uses
      None
Comment: Default_Handler unused
EINT0_IRQHandler 00000020

Symbol: EINT0_IRQHandler
   Definitions
      At line 237 in file RTE\Device\LPC1768\startup_LPC17xx.s
   Uses
      At line 95 in file RTE\Device\LPC1768\startup_LPC17xx.s
      At line 201 in file RTE\Device\LPC1768\startup_LPC17xx.s

EINT1_IRQHandler 00000020

Symbol: EINT1_IRQHandler
   Definitions
      At line 238 in file RTE\Device\LPC1768\startup_LPC17xx.s
   Uses
      At line 96 in file RTE\Device\LPC1768\startup_LPC17xx.s
      At line 202 in file RTE\Device\LPC1768\startup_LPC17xx.s

EINT2_IRQHandler 00000020

Symbol: EINT2_IRQHandler
   Definitions
      At line 239 in file RTE\Device\LPC1768\startup_LPC17xx.s
   Uses
      At line 97 in file RTE\Device\LPC1768\startup_LPC17xx.s
      At line 203 in file RTE\Device\LPC1768\startup_LPC17xx.s

EINT3_IRQHandler 00000020

Symbol: EINT3_IRQHandler
   Definitions
      At line 240 in file RTE\Device\LPC1768\startup_LPC17xx.s
   Uses
      At line 98 in file RTE\Device\LPC1768\startup_LPC17xx.s
      At line 204 in file RTE\Device\LPC1768\startup_LPC17xx.s

ENET_IRQHandler 00000020

Symbol: ENET_IRQHandler



ARM Macro Assembler    Page 3 Alphabetic symbol ordering
Relocatable symbols

   Definitions
      At line 247 in file RTE\Device\LPC1768\startup_LPC17xx.s
   Uses
      At line 105 in file RTE\Device\LPC1768\startup_LPC17xx.s
      At line 211 in file RTE\Device\LPC1768\startup_LPC17xx.s

HardFault_Handler 00000010

Symbol: HardFault_Handler
   Definitions
      At line 144 in file RTE\Device\LPC1768\startup_LPC17xx.s
   Uses
      At line 62 in file RTE\Device\LPC1768\startup_LPC17xx.s
      At line 145 in file RTE\Device\LPC1768\startup_LPC17xx.s

I2C0_IRQHandler 00000020

Symbol: I2C0_IRQHandler
   Definitions
      At line 229 in file RTE\Device\LPC1768\startup_LPC17xx.s
   Uses
      At line 87 in file RTE\Device\LPC1768\startup_LPC17xx.s
      At line 193 in file RTE\Device\LPC1768\startup_LPC17xx.s

I2C1_IRQHandler 00000020

Symbol: I2C1_IRQHandler
   Definitions
      At line 230 in file RTE\Device\LPC1768\startup_LPC17xx.s
   Uses
      At line 88 in file RTE\Device\LPC1768\startup_LPC17xx.s
      At line 194 in file RTE\Device\LPC1768\startup_LPC17xx.s

I2C2_IRQHandler 00000020

Symbol: I2C2_IRQHandler
   Definitions
      At line 231 in file RTE\Device\LPC1768\startup_LPC17xx.s
   Uses
      At line 89 in file RTE\Device\LPC1768\startup_LPC17xx.s
      At line 195 in file RTE\Device\LPC1768\startup_LPC17xx.s

I2S_IRQHandler 00000020

Symbol: I2S_IRQHandler
   Definitions
      At line 246 in file RTE\Device\LPC1768\startup_LPC17xx.s
   Uses
      At line 104 in file RTE\Device\LPC1768\startup_LPC17xx.s
      At line 210 in file RTE\Device\LPC1768\startup_LPC17xx.s

MCPWM_IRQHandler 00000020

Symbol: MCPWM_IRQHandler
   Definitions
      At line 249 in file RTE\Device\LPC1768\startup_LPC17xx.s
   Uses
      At line 107 in file RTE\Device\LPC1768\startup_LPC17xx.s
      At line 213 in file RTE\Device\LPC1768\startup_LPC17xx.s



ARM Macro Assembler    Page 4 Alphabetic symbol ordering
Relocatable symbols


MemManage_Handler 00000012

Symbol: MemManage_Handler
   Definitions
      At line 149 in file RTE\Device\LPC1768\startup_LPC17xx.s
   Uses
      At line 63 in file RTE\Device\LPC1768\startup_LPC17xx.s
      At line 150 in file RTE\Device\LPC1768\startup_LPC17xx.s

NMI_Handler 0000000E

Symbol: NMI_Handler
   Definitions
      At line 139 in file RTE\Device\LPC1768\startup_LPC17xx.s
   Uses
      At line 61 in file RTE\Device\LPC1768\startup_LPC17xx.s
      At line 140 in file RTE\Device\LPC1768\startup_LPC17xx.s

PLL0_IRQHandler 00000020

Symbol: PLL0_IRQHandler
   Definitions
      At line 235 in file RTE\Device\LPC1768\startup_LPC17xx.s
   Uses
      At line 93 in file RTE\Device\LPC1768\startup_LPC17xx.s
      At line 199 in file RTE\Device\LPC1768\startup_LPC17xx.s

PLL1_IRQHandler 00000020

Symbol: PLL1_IRQHandler
   Definitions
      At line 251 in file RTE\Device\LPC1768\startup_LPC17xx.s
   Uses
      At line 109 in file RTE\Device\LPC1768\startup_LPC17xx.s
      At line 215 in file RTE\Device\LPC1768\startup_LPC17xx.s

PWM1_IRQHandler 00000020

Symbol: PWM1_IRQHandler
   Definitions
      At line 228 in file RTE\Device\LPC1768\startup_LPC17xx.s
   Uses
      At line 86 in file RTE\Device\LPC1768\startup_LPC17xx.s
      At line 192 in file RTE\Device\LPC1768\startup_LPC17xx.s

PendSV_Handler 0000001C

Symbol: PendSV_Handler
   Definitions
      At line 172 in file RTE\Device\LPC1768\startup_LPC17xx.s
   Uses
      At line 73 in file RTE\Device\LPC1768\startup_LPC17xx.s
      At line 173 in file RTE\Device\LPC1768\startup_LPC17xx.s

QEI_IRQHandler 00000020

Symbol: QEI_IRQHandler
   Definitions



ARM Macro Assembler    Page 5 Alphabetic symbol ordering
Relocatable symbols

      At line 250 in file RTE\Device\LPC1768\startup_LPC17xx.s
   Uses
      At line 108 in file RTE\Device\LPC1768\startup_LPC17xx.s
      At line 214 in file RTE\Device\LPC1768\startup_LPC17xx.s

RIT_IRQHandler 00000020

Symbol: RIT_IRQHandler
   Definitions
      At line 248 in file RTE\Device\LPC1768\startup_LPC17xx.s
   Uses
      At line 106 in file RTE\Device\LPC1768\startup_LPC17xx.s
      At line 212 in file RTE\Device\LPC1768\startup_LPC17xx.s

RTC_IRQHandler 00000020

Symbol: RTC_IRQHandler
   Definitions
      At line 236 in file RTE\Device\LPC1768\startup_LPC17xx.s
   Uses
      At line 94 in file RTE\Device\LPC1768\startup_LPC17xx.s
      At line 200 in file RTE\Device\LPC1768\startup_LPC17xx.s

Reset_Handler 00000000

Symbol: Reset_Handler
   Definitions
      At line 125 in file RTE\Device\LPC1768\startup_LPC17xx.s
   Uses
      At line 60 in file RTE\Device\LPC1768\startup_LPC17xx.s
      At line 126 in file RTE\Device\LPC1768\startup_LPC17xx.s

SPI_IRQHandler 00000020

Symbol: SPI_IRQHandler
   Definitions
      At line 232 in file RTE\Device\LPC1768\startup_LPC17xx.s
   Uses
      At line 90 in file RTE\Device\LPC1768\startup_LPC17xx.s
      At line 196 in file RTE\Device\LPC1768\startup_LPC17xx.s

SSP0_IRQHandler 00000020

Symbol: SSP0_IRQHandler
   Definitions
      At line 233 in file RTE\Device\LPC1768\startup_LPC17xx.s
   Uses
      At line 91 in file RTE\Device\LPC1768\startup_LPC17xx.s
      At line 197 in file RTE\Device\LPC1768\startup_LPC17xx.s

SSP1_IRQHandler 00000020

Symbol: SSP1_IRQHandler
   Definitions
      At line 234 in file RTE\Device\LPC1768\startup_LPC17xx.s
   Uses
      At line 92 in file RTE\Device\LPC1768\startup_LPC17xx.s
      At line 198 in file RTE\Device\LPC1768\startup_LPC17xx.s




ARM Macro Assembler    Page 6 Alphabetic symbol ordering
Relocatable symbols

SVC_Handler 00000018

Symbol: SVC_Handler
   Definitions
      At line 163 in file RTE\Device\LPC1768\startup_LPC17xx.s
   Uses
      At line 70 in file RTE\Device\LPC1768\startup_LPC17xx.s
      At line 164 in file RTE\Device\LPC1768\startup_LPC17xx.s

SysTick_Handler 0000001E

Symbol: SysTick_Handler
   Definitions
      At line 176 in file RTE\Device\LPC1768\startup_LPC17xx.s
   Uses
      At line 74 in file RTE\Device\LPC1768\startup_LPC17xx.s
      At line 177 in file RTE\Device\LPC1768\startup_LPC17xx.s

TIMER0_IRQHandler 00000020

Symbol: TIMER0_IRQHandler
   Definitions
      At line 220 in file RTE\Device\LPC1768\startup_LPC17xx.s
   Uses
      At line 78 in file RTE\Device\LPC1768\startup_LPC17xx.s
      At line 184 in file RTE\Device\LPC1768\startup_LPC17xx.s

TIMER1_IRQHandler 00000020

Symbol: TIMER1_IRQHandler
   Definitions
      At line 221 in file RTE\Device\LPC1768\startup_LPC17xx.s
   Uses
      At line 79 in file RTE\Device\LPC1768\startup_LPC17xx.s
      At line 185 in file RTE\Device\LPC1768\startup_LPC17xx.s

TIMER2_IRQHandler 00000020

Symbol: TIMER2_IRQHandler
   Definitions
      At line 222 in file RTE\Device\LPC1768\startup_LPC17xx.s
   Uses
      At line 80 in file RTE\Device\LPC1768\startup_LPC17xx.s
      At line 186 in file RTE\Device\LPC1768\startup_LPC17xx.s

TIMER3_IRQHandler 00000020

Symbol: TIMER3_IRQHandler
   Definitions
      At line 223 in file RTE\Device\LPC1768\startup_LPC17xx.s
   Uses
      At line 81 in file RTE\Device\LPC1768\startup_LPC17xx.s
      At line 187 in file RTE\Device\LPC1768\startup_LPC17xx.s

UART0_IRQHandler 00000020

Symbol: UART0_IRQHandler
   Definitions
      At line 224 in file RTE\Device\LPC1768\startup_LPC17xx.s



ARM Macro Assembler    Page 7 Alphabetic symbol ordering
Relocatable symbols

   Uses
      At line 82 in file RTE\Device\LPC1768\startup_LPC17xx.s
      At line 188 in file RTE\Device\LPC1768\startup_LPC17xx.s

UART1_IRQHandler 00000020

Symbol: UART1_IRQHandler
   Definitions
      At line 225 in file RTE\Device\LPC1768\startup_LPC17xx.s
   Uses
      At line 83 in file RTE\Device\LPC1768\startup_LPC17xx.s
      At line 189 in file RTE\Device\LPC1768\startup_LPC17xx.s

UART2_IRQHandler 00000020

Symbol: UART2_IRQHandler
   Definitions
      At line 226 in file RTE\Device\LPC1768\startup_LPC17xx.s
   Uses
      At line 84 in file RTE\Device\LPC1768\startup_LPC17xx.s
      At line 190 in file RTE\Device\LPC1768\startup_LPC17xx.s

UART3_IRQHandler 00000020

Symbol: UART3_IRQHandler
   Definitions
      At line 227 in file RTE\Device\LPC1768\startup_LPC17xx.s
   Uses
      At line 85 in file RTE\Device\LPC1768\startup_LPC17xx.s
      At line 191 in file RTE\Device\LPC1768\startup_LPC17xx.s

USBActivity_IRQHandler 00000020

Symbol: USBActivity_IRQHandler
   Definitions
      At line 252 in file RTE\Device\LPC1768\startup_LPC17xx.s
   Uses
      At line 110 in file RTE\Device\LPC1768\startup_LPC17xx.s
      At line 216 in file RTE\Device\LPC1768\startup_LPC17xx.s

USB_IRQHandler 00000020

Symbol: USB_IRQHandler
   Definitions
      At line 243 in file RTE\Device\LPC1768\startup_LPC17xx.s
   Uses
      At line 101 in file RTE\Device\LPC1768\startup_LPC17xx.s
      At line 207 in file RTE\Device\LPC1768\startup_LPC17xx.s

UsageFault_Handler 00000016

Symbol: UsageFault_Handler
   Definitions
      At line 159 in file RTE\Device\LPC1768\startup_LPC17xx.s
   Uses
      At line 65 in file RTE\Device\LPC1768\startup_LPC17xx.s
      At line 160 in file RTE\Device\LPC1768\startup_LPC17xx.s

WDT_IRQHandler 00000020



ARM Macro Assembler    Page 8 Alphabetic symbol ordering
Relocatable symbols


Symbol: WDT_IRQHandler
   Definitions
      At line 219 in file RTE\Device\LPC1768\startup_LPC17xx.s
   Uses
      At line 77 in file RTE\Device\LPC1768\startup_LPC17xx.s
      At line 183 in file RTE\Device\LPC1768\startup_LPC17xx.s

__user_initial_stackheap 00000024

Symbol: __user_initial_stackheap
   Definitions
      At line 275 in file RTE\Device\LPC1768\startup_LPC17xx.s
   Uses
      At line 274 in file RTE\Device\LPC1768\startup_LPC17xx.s
Comment: __user_initial_stackheap used once
stop 0000000C

Symbol: stop
   Definitions
      At line 133 in file RTE\Device\LPC1768\startup_LPC17xx.s
   Uses
      At line 133 in file RTE\Device\LPC1768\startup_LPC17xx.s
Comment: stop used once
49 symbols



ARM Macro Assembler    Page 1 Alphabetic symbol ordering
Absolute symbols

Heap_Size 00000000

Symbol: Heap_Size
   Definitions
      At line 42 in file RTE\Device\LPC1768\startup_LPC17xx.s
   Uses
      At line 46 in file RTE\Device\LPC1768\startup_LPC17xx.s
      At line 279 in file RTE\Device\LPC1768\startup_LPC17xx.s

Stack_Size 00000200

Symbol: Stack_Size
   Definitions
      At line 31 in file RTE\Device\LPC1768\startup_LPC17xx.s
   Uses
      At line 34 in file RTE\Device\LPC1768\startup_LPC17xx.s
      At line 278 in file RTE\Device\LPC1768\startup_LPC17xx.s

2 symbols



ARM Macro Assembler    Page 1 Alphabetic symbol ordering
External symbols

__use_two_region_memory 00000000

Symbol: __use_two_region_memory
   Definitions
      At line 273 in file RTE\Device\LPC1768\startup_LPC17xx.s
   Uses
      None
Comment: __use_two_region_memory unused
intHypotenuse 00000000

Symbol: intHypotenuse
   Definitions
      At line 128 in file RTE\Device\LPC1768\startup_LPC17xx.s
   Uses
      At line 131 in file RTE\Device\LPC1768\startup_LPC17xx.s
Comment: intHypotenuse used once
2 symbols
404 symbols in table
