


ARM Macro Assembler    Page 1 


    1 00000000         ;/******************************************************
                       ********************//**
    2 00000000         ; * @file     startup_LPC17xx.s
    3 00000000         ; * @brief    CMSIS Cortex-M3 Core Device Startup File f
                       or
    4 00000000         ; *           NXP LPC17xx Device Series
    5 00000000         ; * @version  V1.10
    6 00000000         ; * @date     06. April 2011
    7 00000000         ; *
    8 00000000         ; * @note
    9 00000000         ; * Copyright (C) 2009-2011 ARM Limited. All rights rese
                       rved.
   10 00000000         ; *
   11 00000000         ; * @par
   12 00000000         ; * ARM Limited (ARM) is supplying this software for use
                        with Cortex-M
   13 00000000         ; * processor based microcontrollers.  This file can be 
                       freely distributed
   14 00000000         ; * within development tools that are supporting such AR
                       M based processors.
   15 00000000         ; *
   16 00000000         ; * @par
   17 00000000         ; * THIS SOFTWARE IS PROVIDED "AS IS".  NO WARRANTIES, W
                       HETHER EXPRESS, IMPLIED
   18 00000000         ; * OR STATUTORY, INCLUDING, BUT NOT LIMITED TO, IMPLIED
                        WARRANTIES OF
   19 00000000         ; * MERCHANTABILITY AND FITNESS FOR A PARTICULAR PURPOSE
                        APPLY TO THIS SOFTWARE.
   20 00000000         ; * ARM SHALL NOT, IN ANY CIRCUMSTANCES, BE LIABLE FOR S
                       PECIAL, INCIDENTAL, OR
   21 00000000         ; * CONSEQUENTIAL DAMAGES, FOR ANY REASON WHATSOEVER.
   22 00000000         ; *
   23 00000000         ; ******************************************************
                       ************************/
   24 00000000         
   25 00000000         ; *------- <<< Use Configuration Wizard in Context Menu 
                       >>> ------------------
   26 00000000         
   27 00000000         ; <h> Stack Configuration
   28 00000000         ;   <o> Stack Size (in Bytes) <0x0-0xFFFFFFFF:8>
   29 00000000         ; </h>
   30 00000000         
   31 00000000 00000200 
                       Stack_Size
                               EQU              0x00000200
   32 00000000         
   33 00000000                 AREA             STACK, NOINIT, READWRITE, ALIGN
=3
   34 00000000         Stack_Mem
                               SPACE            Stack_Size
   35 00000200         __initial_sp
   36 00000200         
   37 00000200         
   38 00000200         ; <h> Heap Configuration
   39 00000200         ;   <o>  Heap Size (in Bytes) <0x0-0xFFFFFFFF:8>
   40 00000200         ; </h>
   41 00000200         
   42 00000200 00000000 
                       Heap_Size



ARM Macro Assembler    Page 2 


                               EQU              0x00000000
   43 00000200         
   44 00000200                 AREA             HEAP, NOINIT, READWRITE, ALIGN=
3
   45 00000000         __heap_base
   46 00000000         Heap_Mem
                               SPACE            Heap_Size
   47 00000000         __heap_limit
   48 00000000         
   49 00000000         
   50 00000000                 PRESERVE8
   51 00000000                 THUMB
   52 00000000         
   53 00000000         
   54 00000000         ; Vector Table Mapped to Address 0 at Reset
   55 00000000         
   56 00000000                 AREA             RESET, DATA, READONLY
   57 00000000                 EXPORT           __Vectors
   58 00000000         
   59 00000000 00000000 
                       __Vectors
                               DCD              __initial_sp ; Top of Stack
   60 00000004 00000000        DCD              Reset_Handler ; Reset Handler
   61 00000008 00000000        DCD              NMI_Handler ; NMI Handler
   62 0000000C 00000000        DCD              HardFault_Handler ; Hard Fault 
                                                            Handler
   63 00000010 00000000        DCD              MemManage_Handler 
                                                            ; MPU Fault Handler
                                                            
   64 00000014 00000000        DCD              BusFault_Handler 
                                                            ; Bus Fault Handler
                                                            
   65 00000018 00000000        DCD              UsageFault_Handler ; Usage Faul
                                                            t Handler
   66 0000001C 00000000        DCD              0           ; Reserved
   67 00000020 00000000        DCD              0           ; Reserved
   68 00000024 00000000        DCD              0           ; Reserved
   69 00000028 00000000        DCD              0           ; Reserved
   70 0000002C 00000000        DCD              SVC_Handler ; SVCall Handler
   71 00000030 00000000        DCD              DebugMon_Handler ; Debug Monito
                                                            r Handler
   72 00000034 00000000        DCD              0           ; Reserved
   73 00000038 00000000        DCD              PendSV_Handler ; PendSV Handler
                                                            
   74 0000003C 00000000        DCD              SysTick_Handler 
                                                            ; SysTick Handler
   75 00000040         
   76 00000040         ; External Interrupts
   77 00000040 00000000        DCD              WDT_IRQHandler ; 16: Watchdog T
                                                            imer
   78 00000044 00000000        DCD              TIMER0_IRQHandler ; 17: Timer0
   79 00000048 00000000        DCD              TIMER1_IRQHandler ; 18: Timer1
   80 0000004C 00000000        DCD              TIMER2_IRQHandler ; 19: Timer2
   81 00000050 00000000        DCD              TIMER3_IRQHandler ; 20: Timer3
   82 00000054 00000000        DCD              UART0_IRQHandler ; 21: UART0
   83 00000058 00000000        DCD              UART1_IRQHandler ; 22: UART1
   84 0000005C 00000000        DCD              UART2_IRQHandler ; 23: UART2
   85 00000060 00000000        DCD              UART3_IRQHandler ; 24: UART3
   86 00000064 00000000        DCD              PWM1_IRQHandler ; 25: PWM1



ARM Macro Assembler    Page 3 


   87 00000068 00000000        DCD              I2C0_IRQHandler ; 26: I2C0
   88 0000006C 00000000        DCD              I2C1_IRQHandler ; 27: I2C1
   89 00000070 00000000        DCD              I2C2_IRQHandler ; 28: I2C2
   90 00000074 00000000        DCD              SPI_IRQHandler ; 29: SPI
   91 00000078 00000000        DCD              SSP0_IRQHandler ; 30: SSP0
   92 0000007C 00000000        DCD              SSP1_IRQHandler ; 31: SSP1
   93 00000080 00000000        DCD              PLL0_IRQHandler ; 32: PLL0 Lock
                                                             (Main PLL)
   94 00000084 00000000        DCD              RTC_IRQHandler ; 33: Real Time 
                                                            Clock
   95 00000088 00000000        DCD              EINT0_IRQHandler ; 34: External
                                                             Interrupt 0
   96 0000008C 00000000        DCD              EINT1_IRQHandler ; 35: External
                                                             Interrupt 1
   97 00000090 00000000        DCD              EINT2_IRQHandler ; 36: External
                                                             Interrupt 2
   98 00000094 00000000        DCD              EINT3_IRQHandler ; 37: External
                                                             Interrupt 3
   99 00000098 00000000        DCD              ADC_IRQHandler 
                                                            ; 38: A/D Converter
                                                            
  100 0000009C 00000000        DCD              BOD_IRQHandler ; 39: Brown-Out 
                                                            Detect
  101 000000A0 00000000        DCD              USB_IRQHandler ; 40: USB
  102 000000A4 00000000        DCD              CAN_IRQHandler ; 41: CAN
  103 000000A8 00000000        DCD              DMA_IRQHandler ; 42: General Pu
                                                            rpose DMA
  104 000000AC 00000000        DCD              I2S_IRQHandler ; 43: I2S
  105 000000B0 00000000        DCD              ENET_IRQHandler ; 44: Ethernet
  106 000000B4 00000000        DCD              RIT_IRQHandler ; 45: Repetitive
                                                             Interrupt Timer
  107 000000B8 00000000        DCD              MCPWM_IRQHandler ; 46: Motor Co
                                                            ntrol PWM
  108 000000BC 00000000        DCD              QEI_IRQHandler ; 47: Quadrature
                                                             Encoder Interface
  109 000000C0 00000000        DCD              PLL1_IRQHandler ; 48: PLL1 Lock
                                                             (USB PLL)
  110 000000C4 00000000        DCD              USBActivity_IRQHandler ; 49: US
                                                            B Activity interrup
                                                            t to wakeup
  111 000000C8 00000000        DCD              CANActivity_IRQHandler ; 50: CA
                                                            N Activity interrup
                                                            t to wakeup
  112 000000CC         
  113 000000CC         
  114 000000CC                 IF               :LNOT::DEF:NO_CRP
  115 000000CC                 AREA             |.ARM.__at_0x02FC|, CODE, READO
NLY
  116 00000000 FFFFFFFF 
                       CRP_Key DCD              0xFFFFFFFF
  117 00000004                 ENDIF
  118 00000004         
  119 00000004         
  120 00000004                 AREA             |.text|, CODE, READONLY
  121 00000000         
  122 00000000         
  123 00000000         ; Reset Handler
  124 00000000         
  125 00000000         Reset_Handler



ARM Macro Assembler    Page 4 


                               PROC
  126 00000000                 EXPORT           Reset_Handler             [WEAK
]
  127 00000000         
  128 00000000         ;MOV r0, #0x7A30458D  ; starting value
  129 00000000 F244 508D       MOV              r0, #0x458D ; MOV + MOVT to mov
                                                            e 32 bit immediate
  130 00000004 F6C7 2030       MOVT             r0, #0x7A30
  131 00000008         
  132 00000008         ;MOV r1, #0xC3159EAA  ; starting value
  133 00000008 F649 61AA       MOV              r1, #0x9EAA ; MOV + MOVT to mov
                                                            e 32 bit immediate
  134 0000000C F2CC 3115       MOVT             r1, #0xC315
  135 00000010         
  136 00000010         ;MOV r4, #0x491B591D  ; comparison value
  137 00000010 F645 141D       MOV              r4, #0x591D ; MOV + MOVT to mov
                                                            e 32 bit immediate
  138 00000014 F6C4 141B       MOVT             r4, #0x491B
  139 00000018         
  140 00000018 F000 0BFF       AND              r11, r0, #0x000000FF ; extract 
                                                            the lower halfword 
                                                            (lower) from the fi
                                                            rst value
  141 0000001C F400 4A7F       AND              r10, r0, #0x0000FF00 ; extract 
                                                            the lower halfword 
                                                            (higher) from the f
                                                            irst value
  142 00000020 EA4B 0B0A       ORR              r11, r11, r10 ; merge lower hal
                                                            fword
  143 00000024 F40B 4A00       AND              r10, r11, #0x00008000 ; extract
                                                             the sign bit from 
                                                            the first lower hal
                                                            fword
  144 00000028 F5BA 4F00       CMP              r10, #0x00008000 ; compare
  145 0000002C D103            BNE              low_half_first ; branch if posi
                                                            tive
  146 0000002E F44B 0B7F       ORR              r11, r11, #0x00FF0000 ; extend 
                                                            sign (lower) if neg
                                                            ative
  147 00000032 F04B 4B7F       ORR              r11, r11, #0xFF000000 ; extend 
                                                            sign (higher) if ne
                                                            gative
  148 00000036         low_half_first
  149 00000036         
  150 00000036 F001 0CFF       AND              r12, r1, #0x000000FF ; extract 
                                                            the lower halfword 
                                                            (lower) from the se
                                                            cond value
  151 0000003A F401 4A7F       AND              r10, r1, #0x0000FF00 ; extract 
                                                            the lower halfword 
                                                            (higher) from the s
                                                            econd value
  152 0000003E EA4C 0C0A       ORR              r12, r12, r10 ; merge lower hal
                                                            fword
  153 00000042 F40C 4A00       AND              r10, r12, #0x00008000 ; extract
                                                             the sign bit from 
                                                            the second lower ha
                                                            lfword
  154 00000046 F5BA 4F00       CMP              r10, #0x00008000 ; compare



ARM Macro Assembler    Page 5 


  155 0000004A D103            BNE              low_half_second
  156 0000004C F44C 0C7F       ORR              r12, r12, #0x00FF0000 ; extend 
                                                            sign (lower) if neg
                                                            ative
  157 00000050 F04C 4C7F       ORR              r12, r12, #0xFF000000 ; extend 
                                                            sign (higher) if ne
                                                            gative
  158 00000054         low_half_second
  159 00000054         
  160 00000054 FB0B F20C       MUL              r2, r11, r12 ; moltiplication o
                                                            f lower halfwords
  161 00000058         
  162 00000058 F400 0B7F       AND              r11, r0, #0x00FF0000 ; extract 
                                                            the higher halfword
                                                             (lower) from the f
                                                            irst value
  163 0000005C F000 4A7F       AND              r10, r0, #0xFF000000 ; extract 
                                                            the higher halfword
                                                             (higher) from the 
                                                            first value
  164 00000060 EA4B 0B0A       ORR              r11, r11, r10 ; merge higher ha
                                                            lfword
  165 00000064 EA4F 4B2B       ASR              r11, r11, #16 ; arithmetic shif
                                                            t right by 16 bit
  166 00000068         
  167 00000068 F401 0C7F       AND              r12, r1, #0x00FF0000 ; extract 
                                                            the higher halfword
                                                             (lower) from the s
                                                            econd value
  168 0000006C F001 4A7F       AND              r10, r1, #0xFF000000 ; extract 
                                                            the higher halfword
                                                             (higher) from the 
                                                            second value
  169 00000070 EA4C 0C0A       ORR              r12, r12, r10 ; merge higher ha
                                                            lfword
  170 00000074 EA4F 4C2C       ASR              r12, r12, #16 ; arithmetic shif
                                                            t right by 16 bit  
                                                             
  171 00000078         
  172 00000078 FB0B F30C       MUL              r3, r11, r12 ; moltiplication o
                                                            f higher halfwords
  173 0000007C         
  174 0000007C EB02 0603       ADD              r6, r2, r3  ; SMUAD
  175 00000080 EBA2 0703       SUB              r7, r2, r3  ; SMUSD
  176 00000084         
  177 00000084 E7FE    stop    B                stop
  178 00000086                 ENDP
  179 00000086         
  180 00000086         
  181 00000086         ; Dummy Exception Handlers (infinite loops which can be 
                       modified)
  182 00000086         
  183 00000086         NMI_Handler
                               PROC
  184 00000086                 EXPORT           NMI_Handler               [WEAK
]
  185 00000086 E7FE            B                .
  186 00000088                 ENDP
  188 00000088         HardFault_Handler



ARM Macro Assembler    Page 6 


                               PROC
  189 00000088                 EXPORT           HardFault_Handler         [WEAK
]
  190 00000088 E7FE            B                .
  191 0000008A                 ENDP
  193 0000008A         MemManage_Handler
                               PROC
  194 0000008A                 EXPORT           MemManage_Handler         [WEAK
]
  195 0000008A E7FE            B                .
  196 0000008C                 ENDP
  198 0000008C         BusFault_Handler
                               PROC
  199 0000008C                 EXPORT           BusFault_Handler          [WEAK
]
  200 0000008C E7FE            B                .
  201 0000008E                 ENDP
  203 0000008E         UsageFault_Handler
                               PROC
  204 0000008E                 EXPORT           UsageFault_Handler        [WEAK
]
  205 0000008E E7FE            B                .
  206 00000090                 ENDP
  207 00000090         SVC_Handler
                               PROC
  208 00000090                 EXPORT           SVC_Handler               [WEAK
]
  209 00000090 E7FE            B                .
  210 00000092                 ENDP
  212 00000092         DebugMon_Handler
                               PROC
  213 00000092                 EXPORT           DebugMon_Handler          [WEAK
]
  214 00000092 E7FE            B                .
  215 00000094                 ENDP
  216 00000094         PendSV_Handler
                               PROC
  217 00000094                 EXPORT           PendSV_Handler            [WEAK
]
  218 00000094 E7FE            B                .
  219 00000096                 ENDP
  220 00000096         SysTick_Handler
                               PROC
  221 00000096                 EXPORT           SysTick_Handler           [WEAK
]
  222 00000096 E7FE            B                .
  223 00000098                 ENDP
  224 00000098         
  225 00000098         Default_Handler
                               PROC
  226 00000098         
  227 00000098                 EXPORT           WDT_IRQHandler            [WEAK
]
  228 00000098                 EXPORT           TIMER0_IRQHandler         [WEAK
]
  229 00000098                 EXPORT           TIMER1_IRQHandler         [WEAK
]
  230 00000098                 EXPORT           TIMER2_IRQHandler         [WEAK
]



ARM Macro Assembler    Page 7 


  231 00000098                 EXPORT           TIMER3_IRQHandler         [WEAK
]
  232 00000098                 EXPORT           UART0_IRQHandler          [WEAK
]
  233 00000098                 EXPORT           UART1_IRQHandler          [WEAK
]
  234 00000098                 EXPORT           UART2_IRQHandler          [WEAK
]
  235 00000098                 EXPORT           UART3_IRQHandler          [WEAK
]
  236 00000098                 EXPORT           PWM1_IRQHandler           [WEAK
]
  237 00000098                 EXPORT           I2C0_IRQHandler           [WEAK
]
  238 00000098                 EXPORT           I2C1_IRQHandler           [WEAK
]
  239 00000098                 EXPORT           I2C2_IRQHandler           [WEAK
]
  240 00000098                 EXPORT           SPI_IRQHandler            [WEAK
]
  241 00000098                 EXPORT           SSP0_IRQHandler           [WEAK
]
  242 00000098                 EXPORT           SSP1_IRQHandler           [WEAK
]
  243 00000098                 EXPORT           PLL0_IRQHandler           [WEAK
]
  244 00000098                 EXPORT           RTC_IRQHandler            [WEAK
]
  245 00000098                 EXPORT           EINT0_IRQHandler          [WEAK
]
  246 00000098                 EXPORT           EINT1_IRQHandler          [WEAK
]
  247 00000098                 EXPORT           EINT2_IRQHandler          [WEAK
]
  248 00000098                 EXPORT           EINT3_IRQHandler          [WEAK
]
  249 00000098                 EXPORT           ADC_IRQHandler            [WEAK
]
  250 00000098                 EXPORT           BOD_IRQHandler            [WEAK
]
  251 00000098                 EXPORT           USB_IRQHandler            [WEAK
]
  252 00000098                 EXPORT           CAN_IRQHandler            [WEAK
]
  253 00000098                 EXPORT           DMA_IRQHandler            [WEAK
]
  254 00000098                 EXPORT           I2S_IRQHandler            [WEAK
]
  255 00000098                 EXPORT           ENET_IRQHandler           [WEAK
]
  256 00000098                 EXPORT           RIT_IRQHandler            [WEAK
]
  257 00000098                 EXPORT           MCPWM_IRQHandler          [WEAK
]
  258 00000098                 EXPORT           QEI_IRQHandler            [WEAK
]
  259 00000098                 EXPORT           PLL1_IRQHandler           [WEAK
]
  260 00000098                 EXPORT           USBActivity_IRQHandler    [WEAK



ARM Macro Assembler    Page 8 


]
  261 00000098                 EXPORT           CANActivity_IRQHandler    [WEAK
]
  262 00000098         
  263 00000098         WDT_IRQHandler
  264 00000098         TIMER0_IRQHandler
  265 00000098         TIMER1_IRQHandler
  266 00000098         TIMER2_IRQHandler
  267 00000098         TIMER3_IRQHandler
  268 00000098         UART0_IRQHandler
  269 00000098         UART1_IRQHandler
  270 00000098         UART2_IRQHandler
  271 00000098         UART3_IRQHandler
  272 00000098         PWM1_IRQHandler
  273 00000098         I2C0_IRQHandler
  274 00000098         I2C1_IRQHandler
  275 00000098         I2C2_IRQHandler
  276 00000098         SPI_IRQHandler
  277 00000098         SSP0_IRQHandler
  278 00000098         SSP1_IRQHandler
  279 00000098         PLL0_IRQHandler
  280 00000098         RTC_IRQHandler
  281 00000098         EINT0_IRQHandler
  282 00000098         EINT1_IRQHandler
  283 00000098         EINT2_IRQHandler
  284 00000098         EINT3_IRQHandler
  285 00000098         ADC_IRQHandler
  286 00000098         BOD_IRQHandler
  287 00000098         USB_IRQHandler
  288 00000098         CAN_IRQHandler
  289 00000098         DMA_IRQHandler
  290 00000098         I2S_IRQHandler
  291 00000098         ENET_IRQHandler
  292 00000098         RIT_IRQHandler
  293 00000098         MCPWM_IRQHandler
  294 00000098         QEI_IRQHandler
  295 00000098         PLL1_IRQHandler
  296 00000098         USBActivity_IRQHandler
  297 00000098         CANActivity_IRQHandler
  298 00000098         
  299 00000098 E7FE            B                .
  300 0000009A         
  301 0000009A                 ENDP
  302 0000009A         
  303 0000009A         
  304 0000009A 00 00           ALIGN
  305 0000009C         
  306 0000009C         
  307 0000009C         ; User Initial Stack & Heap
  308 0000009C         
  309 0000009C                 IF               :DEF:__MICROLIB
  316 0000009C         
  317 0000009C                 IMPORT           __use_two_region_memory
  318 0000009C                 EXPORT           __user_initial_stackheap
  319 0000009C         __user_initial_stackheap
  320 0000009C         
  321 0000009C 4802            LDR              R0, =  Heap_Mem
  322 0000009E 4903            LDR              R1, =(Stack_Mem + Stack_Size)
  323 000000A0 4A01            LDR              R2, = (Heap_Mem +  Heap_Size)



ARM Macro Assembler    Page 9 


  324 000000A2 4B03            LDR              R3, = Stack_Mem
  325 000000A4 4770            BX               LR
  326 000000A6         
  327 000000A6 00 00           ALIGN
  328 000000A8         
  329 000000A8                 ENDIF
  330 000000A8         
  331 000000A8         
  332 000000A8                 END
              00000000 
              00000200 
              00000000 
Command Line: --debug --xref --diag_suppress=9931 --cpu=Cortex-M3 --apcs=interw
ork --depend=.\objects\startup_lpc17xx.d -o.\objects\startup_lpc17xx.o -I.\RTE\
Device\LPC1768 -I.\RTE\_Target_1 -IC:\Users\Riccardo\AppData\Local\Arm\Packs\AR
M\CMSIS\5.6.0\CMSIS\Core\Include -IC:\Users\Riccardo\AppData\Local\Arm\Packs\Ke
il\LPC1700_DFP\2.6.0\Device\Include --predefine="__EVAL SETA 1" --predefine="__
UVISION_VERSION SETA 529" --predefine="_RTE_ SETA 1" --predefine="LPC175x_6x SE
TA 1" --list=.\listings\startup_lpc17xx.lst RTE\Device\LPC1768\startup_LPC17xx.
s



ARM Macro Assembler    Page 1 Alphabetic symbol ordering
Relocatable symbols

STACK 00000000

Symbol: STACK
   Definitions
      At line 33 in file RTE\Device\LPC1768\startup_LPC17xx.s
   Uses
      None
Comment: STACK unused
Stack_Mem 00000000

Symbol: Stack_Mem
   Definitions
      At line 34 in file RTE\Device\LPC1768\startup_LPC17xx.s
   Uses
      At line 322 in file RTE\Device\LPC1768\startup_LPC17xx.s
      At line 324 in file RTE\Device\LPC1768\startup_LPC17xx.s

__initial_sp 00000200

Symbol: __initial_sp
   Definitions
      At line 35 in file RTE\Device\LPC1768\startup_LPC17xx.s
   Uses
      At line 59 in file RTE\Device\LPC1768\startup_LPC17xx.s
Comment: __initial_sp used once
3 symbols



ARM Macro Assembler    Page 1 Alphabetic symbol ordering
Relocatable symbols

HEAP 00000000

Symbol: HEAP
   Definitions
      At line 44 in file RTE\Device\LPC1768\startup_LPC17xx.s
   Uses
      None
Comment: HEAP unused
Heap_Mem 00000000

Symbol: Heap_Mem
   Definitions
      At line 46 in file RTE\Device\LPC1768\startup_LPC17xx.s
   Uses
      At line 321 in file RTE\Device\LPC1768\startup_LPC17xx.s
      At line 323 in file RTE\Device\LPC1768\startup_LPC17xx.s

__heap_base 00000000

Symbol: __heap_base
   Definitions
      At line 45 in file RTE\Device\LPC1768\startup_LPC17xx.s
   Uses
      None
Comment: __heap_base unused
__heap_limit 00000000

Symbol: __heap_limit
   Definitions
      At line 47 in file RTE\Device\LPC1768\startup_LPC17xx.s
   Uses
      None
Comment: __heap_limit unused
4 symbols



ARM Macro Assembler    Page 1 Alphabetic symbol ordering
Relocatable symbols

RESET 00000000

Symbol: RESET
   Definitions
      At line 56 in file RTE\Device\LPC1768\startup_LPC17xx.s
   Uses
      None
Comment: RESET unused
__Vectors 00000000

Symbol: __Vectors
   Definitions
      At line 59 in file RTE\Device\LPC1768\startup_LPC17xx.s
   Uses
      At line 57 in file RTE\Device\LPC1768\startup_LPC17xx.s
Comment: __Vectors used once
2 symbols



ARM Macro Assembler    Page 1 Alphabetic symbol ordering
Relocatable symbols

.ARM.__at_0x02FC 00000000

Symbol: .ARM.__at_0x02FC
   Definitions
      At line 115 in file RTE\Device\LPC1768\startup_LPC17xx.s
   Uses
      None
Comment: .ARM.__at_0x02FC unused
CRP_Key 00000000

Symbol: CRP_Key
   Definitions
      At line 116 in file RTE\Device\LPC1768\startup_LPC17xx.s
   Uses
      None
Comment: CRP_Key unused
2 symbols



ARM Macro Assembler    Page 1 Alphabetic symbol ordering
Relocatable symbols

.text 00000000

Symbol: .text
   Definitions
      At line 120 in file RTE\Device\LPC1768\startup_LPC17xx.s
   Uses
      None
Comment: .text unused
ADC_IRQHandler 00000098

Symbol: ADC_IRQHandler
   Definitions
      At line 285 in file RTE\Device\LPC1768\startup_LPC17xx.s
   Uses
      At line 99 in file RTE\Device\LPC1768\startup_LPC17xx.s
      At line 249 in file RTE\Device\LPC1768\startup_LPC17xx.s

BOD_IRQHandler 00000098

Symbol: BOD_IRQHandler
   Definitions
      At line 286 in file RTE\Device\LPC1768\startup_LPC17xx.s
   Uses
      At line 100 in file RTE\Device\LPC1768\startup_LPC17xx.s
      At line 250 in file RTE\Device\LPC1768\startup_LPC17xx.s

BusFault_Handler 0000008C

Symbol: BusFault_Handler
   Definitions
      At line 198 in file RTE\Device\LPC1768\startup_LPC17xx.s
   Uses
      At line 64 in file RTE\Device\LPC1768\startup_LPC17xx.s
      At line 199 in file RTE\Device\LPC1768\startup_LPC17xx.s

CANActivity_IRQHandler 00000098

Symbol: CANActivity_IRQHandler
   Definitions
      At line 297 in file RTE\Device\LPC1768\startup_LPC17xx.s
   Uses
      At line 111 in file RTE\Device\LPC1768\startup_LPC17xx.s
      At line 261 in file RTE\Device\LPC1768\startup_LPC17xx.s

CAN_IRQHandler 00000098

Symbol: CAN_IRQHandler
   Definitions
      At line 288 in file RTE\Device\LPC1768\startup_LPC17xx.s
   Uses
      At line 102 in file RTE\Device\LPC1768\startup_LPC17xx.s
      At line 252 in file RTE\Device\LPC1768\startup_LPC17xx.s

DMA_IRQHandler 00000098

Symbol: DMA_IRQHandler
   Definitions
      At line 289 in file RTE\Device\LPC1768\startup_LPC17xx.s
   Uses



ARM Macro Assembler    Page 2 Alphabetic symbol ordering
Relocatable symbols

      At line 103 in file RTE\Device\LPC1768\startup_LPC17xx.s
      At line 253 in file RTE\Device\LPC1768\startup_LPC17xx.s

DebugMon_Handler 00000092

Symbol: DebugMon_Handler
   Definitions
      At line 212 in file RTE\Device\LPC1768\startup_LPC17xx.s
   Uses
      At line 71 in file RTE\Device\LPC1768\startup_LPC17xx.s
      At line 213 in file RTE\Device\LPC1768\startup_LPC17xx.s

Default_Handler 00000098

Symbol: Default_Handler
   Definitions
      At line 225 in file RTE\Device\LPC1768\startup_LPC17xx.s
   Uses
      None
Comment: Default_Handler unused
EINT0_IRQHandler 00000098

Symbol: EINT0_IRQHandler
   Definitions
      At line 281 in file RTE\Device\LPC1768\startup_LPC17xx.s
   Uses
      At line 95 in file RTE\Device\LPC1768\startup_LPC17xx.s
      At line 245 in file RTE\Device\LPC1768\startup_LPC17xx.s

EINT1_IRQHandler 00000098

Symbol: EINT1_IRQHandler
   Definitions
      At line 282 in file RTE\Device\LPC1768\startup_LPC17xx.s
   Uses
      At line 96 in file RTE\Device\LPC1768\startup_LPC17xx.s
      At line 246 in file RTE\Device\LPC1768\startup_LPC17xx.s

EINT2_IRQHandler 00000098

Symbol: EINT2_IRQHandler
   Definitions
      At line 283 in file RTE\Device\LPC1768\startup_LPC17xx.s
   Uses
      At line 97 in file RTE\Device\LPC1768\startup_LPC17xx.s
      At line 247 in file RTE\Device\LPC1768\startup_LPC17xx.s

EINT3_IRQHandler 00000098

Symbol: EINT3_IRQHandler
   Definitions
      At line 284 in file RTE\Device\LPC1768\startup_LPC17xx.s
   Uses
      At line 98 in file RTE\Device\LPC1768\startup_LPC17xx.s
      At line 248 in file RTE\Device\LPC1768\startup_LPC17xx.s

ENET_IRQHandler 00000098

Symbol: ENET_IRQHandler



ARM Macro Assembler    Page 3 Alphabetic symbol ordering
Relocatable symbols

   Definitions
      At line 291 in file RTE\Device\LPC1768\startup_LPC17xx.s
   Uses
      At line 105 in file RTE\Device\LPC1768\startup_LPC17xx.s
      At line 255 in file RTE\Device\LPC1768\startup_LPC17xx.s

HardFault_Handler 00000088

Symbol: HardFault_Handler
   Definitions
      At line 188 in file RTE\Device\LPC1768\startup_LPC17xx.s
   Uses
      At line 62 in file RTE\Device\LPC1768\startup_LPC17xx.s
      At line 189 in file RTE\Device\LPC1768\startup_LPC17xx.s

I2C0_IRQHandler 00000098

Symbol: I2C0_IRQHandler
   Definitions
      At line 273 in file RTE\Device\LPC1768\startup_LPC17xx.s
   Uses
      At line 87 in file RTE\Device\LPC1768\startup_LPC17xx.s
      At line 237 in file RTE\Device\LPC1768\startup_LPC17xx.s

I2C1_IRQHandler 00000098

Symbol: I2C1_IRQHandler
   Definitions
      At line 274 in file RTE\Device\LPC1768\startup_LPC17xx.s
   Uses
      At line 88 in file RTE\Device\LPC1768\startup_LPC17xx.s
      At line 238 in file RTE\Device\LPC1768\startup_LPC17xx.s

I2C2_IRQHandler 00000098

Symbol: I2C2_IRQHandler
   Definitions
      At line 275 in file RTE\Device\LPC1768\startup_LPC17xx.s
   Uses
      At line 89 in file RTE\Device\LPC1768\startup_LPC17xx.s
      At line 239 in file RTE\Device\LPC1768\startup_LPC17xx.s

I2S_IRQHandler 00000098

Symbol: I2S_IRQHandler
   Definitions
      At line 290 in file RTE\Device\LPC1768\startup_LPC17xx.s
   Uses
      At line 104 in file RTE\Device\LPC1768\startup_LPC17xx.s
      At line 254 in file RTE\Device\LPC1768\startup_LPC17xx.s

MCPWM_IRQHandler 00000098

Symbol: MCPWM_IRQHandler
   Definitions
      At line 293 in file RTE\Device\LPC1768\startup_LPC17xx.s
   Uses
      At line 107 in file RTE\Device\LPC1768\startup_LPC17xx.s
      At line 257 in file RTE\Device\LPC1768\startup_LPC17xx.s



ARM Macro Assembler    Page 4 Alphabetic symbol ordering
Relocatable symbols


MemManage_Handler 0000008A

Symbol: MemManage_Handler
   Definitions
      At line 193 in file RTE\Device\LPC1768\startup_LPC17xx.s
   Uses
      At line 63 in file RTE\Device\LPC1768\startup_LPC17xx.s
      At line 194 in file RTE\Device\LPC1768\startup_LPC17xx.s

NMI_Handler 00000086

Symbol: NMI_Handler
   Definitions
      At line 183 in file RTE\Device\LPC1768\startup_LPC17xx.s
   Uses
      At line 61 in file RTE\Device\LPC1768\startup_LPC17xx.s
      At line 184 in file RTE\Device\LPC1768\startup_LPC17xx.s

PLL0_IRQHandler 00000098

Symbol: PLL0_IRQHandler
   Definitions
      At line 279 in file RTE\Device\LPC1768\startup_LPC17xx.s
   Uses
      At line 93 in file RTE\Device\LPC1768\startup_LPC17xx.s
      At line 243 in file RTE\Device\LPC1768\startup_LPC17xx.s

PLL1_IRQHandler 00000098

Symbol: PLL1_IRQHandler
   Definitions
      At line 295 in file RTE\Device\LPC1768\startup_LPC17xx.s
   Uses
      At line 109 in file RTE\Device\LPC1768\startup_LPC17xx.s
      At line 259 in file RTE\Device\LPC1768\startup_LPC17xx.s

PWM1_IRQHandler 00000098

Symbol: PWM1_IRQHandler
   Definitions
      At line 272 in file RTE\Device\LPC1768\startup_LPC17xx.s
   Uses
      At line 86 in file RTE\Device\LPC1768\startup_LPC17xx.s
      At line 236 in file RTE\Device\LPC1768\startup_LPC17xx.s

PendSV_Handler 00000094

Symbol: PendSV_Handler
   Definitions
      At line 216 in file RTE\Device\LPC1768\startup_LPC17xx.s
   Uses
      At line 73 in file RTE\Device\LPC1768\startup_LPC17xx.s
      At line 217 in file RTE\Device\LPC1768\startup_LPC17xx.s

QEI_IRQHandler 00000098

Symbol: QEI_IRQHandler
   Definitions



ARM Macro Assembler    Page 5 Alphabetic symbol ordering
Relocatable symbols

      At line 294 in file RTE\Device\LPC1768\startup_LPC17xx.s
   Uses
      At line 108 in file RTE\Device\LPC1768\startup_LPC17xx.s
      At line 258 in file RTE\Device\LPC1768\startup_LPC17xx.s

RIT_IRQHandler 00000098

Symbol: RIT_IRQHandler
   Definitions
      At line 292 in file RTE\Device\LPC1768\startup_LPC17xx.s
   Uses
      At line 106 in file RTE\Device\LPC1768\startup_LPC17xx.s
      At line 256 in file RTE\Device\LPC1768\startup_LPC17xx.s

RTC_IRQHandler 00000098

Symbol: RTC_IRQHandler
   Definitions
      At line 280 in file RTE\Device\LPC1768\startup_LPC17xx.s
   Uses
      At line 94 in file RTE\Device\LPC1768\startup_LPC17xx.s
      At line 244 in file RTE\Device\LPC1768\startup_LPC17xx.s

Reset_Handler 00000000

Symbol: Reset_Handler
   Definitions
      At line 125 in file RTE\Device\LPC1768\startup_LPC17xx.s
   Uses
      At line 60 in file RTE\Device\LPC1768\startup_LPC17xx.s
      At line 126 in file RTE\Device\LPC1768\startup_LPC17xx.s

SPI_IRQHandler 00000098

Symbol: SPI_IRQHandler
   Definitions
      At line 276 in file RTE\Device\LPC1768\startup_LPC17xx.s
   Uses
      At line 90 in file RTE\Device\LPC1768\startup_LPC17xx.s
      At line 240 in file RTE\Device\LPC1768\startup_LPC17xx.s

SSP0_IRQHandler 00000098

Symbol: SSP0_IRQHandler
   Definitions
      At line 277 in file RTE\Device\LPC1768\startup_LPC17xx.s
   Uses
      At line 91 in file RTE\Device\LPC1768\startup_LPC17xx.s
      At line 241 in file RTE\Device\LPC1768\startup_LPC17xx.s

SSP1_IRQHandler 00000098

Symbol: SSP1_IRQHandler
   Definitions
      At line 278 in file RTE\Device\LPC1768\startup_LPC17xx.s
   Uses
      At line 92 in file RTE\Device\LPC1768\startup_LPC17xx.s
      At line 242 in file RTE\Device\LPC1768\startup_LPC17xx.s




ARM Macro Assembler    Page 6 Alphabetic symbol ordering
Relocatable symbols

SVC_Handler 00000090

Symbol: SVC_Handler
   Definitions
      At line 207 in file RTE\Device\LPC1768\startup_LPC17xx.s
   Uses
      At line 70 in file RTE\Device\LPC1768\startup_LPC17xx.s
      At line 208 in file RTE\Device\LPC1768\startup_LPC17xx.s

SysTick_Handler 00000096

Symbol: SysTick_Handler
   Definitions
      At line 220 in file RTE\Device\LPC1768\startup_LPC17xx.s
   Uses
      At line 74 in file RTE\Device\LPC1768\startup_LPC17xx.s
      At line 221 in file RTE\Device\LPC1768\startup_LPC17xx.s

TIMER0_IRQHandler 00000098

Symbol: TIMER0_IRQHandler
   Definitions
      At line 264 in file RTE\Device\LPC1768\startup_LPC17xx.s
   Uses
      At line 78 in file RTE\Device\LPC1768\startup_LPC17xx.s
      At line 228 in file RTE\Device\LPC1768\startup_LPC17xx.s

TIMER1_IRQHandler 00000098

Symbol: TIMER1_IRQHandler
   Definitions
      At line 265 in file RTE\Device\LPC1768\startup_LPC17xx.s
   Uses
      At line 79 in file RTE\Device\LPC1768\startup_LPC17xx.s
      At line 229 in file RTE\Device\LPC1768\startup_LPC17xx.s

TIMER2_IRQHandler 00000098

Symbol: TIMER2_IRQHandler
   Definitions
      At line 266 in file RTE\Device\LPC1768\startup_LPC17xx.s
   Uses
      At line 80 in file RTE\Device\LPC1768\startup_LPC17xx.s
      At line 230 in file RTE\Device\LPC1768\startup_LPC17xx.s

TIMER3_IRQHandler 00000098

Symbol: TIMER3_IRQHandler
   Definitions
      At line 267 in file RTE\Device\LPC1768\startup_LPC17xx.s
   Uses
      At line 81 in file RTE\Device\LPC1768\startup_LPC17xx.s
      At line 231 in file RTE\Device\LPC1768\startup_LPC17xx.s

UART0_IRQHandler 00000098

Symbol: UART0_IRQHandler
   Definitions
      At line 268 in file RTE\Device\LPC1768\startup_LPC17xx.s



ARM Macro Assembler    Page 7 Alphabetic symbol ordering
Relocatable symbols

   Uses
      At line 82 in file RTE\Device\LPC1768\startup_LPC17xx.s
      At line 232 in file RTE\Device\LPC1768\startup_LPC17xx.s

UART1_IRQHandler 00000098

Symbol: UART1_IRQHandler
   Definitions
      At line 269 in file RTE\Device\LPC1768\startup_LPC17xx.s
   Uses
      At line 83 in file RTE\Device\LPC1768\startup_LPC17xx.s
      At line 233 in file RTE\Device\LPC1768\startup_LPC17xx.s

UART2_IRQHandler 00000098

Symbol: UART2_IRQHandler
   Definitions
      At line 270 in file RTE\Device\LPC1768\startup_LPC17xx.s
   Uses
      At line 84 in file RTE\Device\LPC1768\startup_LPC17xx.s
      At line 234 in file RTE\Device\LPC1768\startup_LPC17xx.s

UART3_IRQHandler 00000098

Symbol: UART3_IRQHandler
   Definitions
      At line 271 in file RTE\Device\LPC1768\startup_LPC17xx.s
   Uses
      At line 85 in file RTE\Device\LPC1768\startup_LPC17xx.s
      At line 235 in file RTE\Device\LPC1768\startup_LPC17xx.s

USBActivity_IRQHandler 00000098

Symbol: USBActivity_IRQHandler
   Definitions
      At line 296 in file RTE\Device\LPC1768\startup_LPC17xx.s
   Uses
      At line 110 in file RTE\Device\LPC1768\startup_LPC17xx.s
      At line 260 in file RTE\Device\LPC1768\startup_LPC17xx.s

USB_IRQHandler 00000098

Symbol: USB_IRQHandler
   Definitions
      At line 287 in file RTE\Device\LPC1768\startup_LPC17xx.s
   Uses
      At line 101 in file RTE\Device\LPC1768\startup_LPC17xx.s
      At line 251 in file RTE\Device\LPC1768\startup_LPC17xx.s

UsageFault_Handler 0000008E

Symbol: UsageFault_Handler
   Definitions
      At line 203 in file RTE\Device\LPC1768\startup_LPC17xx.s
   Uses
      At line 65 in file RTE\Device\LPC1768\startup_LPC17xx.s
      At line 204 in file RTE\Device\LPC1768\startup_LPC17xx.s

WDT_IRQHandler 00000098



ARM Macro Assembler    Page 8 Alphabetic symbol ordering
Relocatable symbols


Symbol: WDT_IRQHandler
   Definitions
      At line 263 in file RTE\Device\LPC1768\startup_LPC17xx.s
   Uses
      At line 77 in file RTE\Device\LPC1768\startup_LPC17xx.s
      At line 227 in file RTE\Device\LPC1768\startup_LPC17xx.s

__user_initial_stackheap 0000009C

Symbol: __user_initial_stackheap
   Definitions
      At line 319 in file RTE\Device\LPC1768\startup_LPC17xx.s
   Uses
      At line 318 in file RTE\Device\LPC1768\startup_LPC17xx.s
Comment: __user_initial_stackheap used once
low_half_first 00000036

Symbol: low_half_first
   Definitions
      At line 148 in file RTE\Device\LPC1768\startup_LPC17xx.s
   Uses
      At line 145 in file RTE\Device\LPC1768\startup_LPC17xx.s
Comment: low_half_first used once
low_half_second 00000054

Symbol: low_half_second
   Definitions
      At line 158 in file RTE\Device\LPC1768\startup_LPC17xx.s
   Uses
      At line 155 in file RTE\Device\LPC1768\startup_LPC17xx.s
Comment: low_half_second used once
stop 00000084

Symbol: stop
   Definitions
      At line 177 in file RTE\Device\LPC1768\startup_LPC17xx.s
   Uses
      At line 177 in file RTE\Device\LPC1768\startup_LPC17xx.s
Comment: stop used once
51 symbols



ARM Macro Assembler    Page 1 Alphabetic symbol ordering
Absolute symbols

Heap_Size 00000000

Symbol: Heap_Size
   Definitions
      At line 42 in file RTE\Device\LPC1768\startup_LPC17xx.s
   Uses
      At line 46 in file RTE\Device\LPC1768\startup_LPC17xx.s
      At line 323 in file RTE\Device\LPC1768\startup_LPC17xx.s

Stack_Size 00000200

Symbol: Stack_Size
   Definitions
      At line 31 in file RTE\Device\LPC1768\startup_LPC17xx.s
   Uses
      At line 34 in file RTE\Device\LPC1768\startup_LPC17xx.s
      At line 322 in file RTE\Device\LPC1768\startup_LPC17xx.s

2 symbols



ARM Macro Assembler    Page 1 Alphabetic symbol ordering
External symbols

__use_two_region_memory 00000000

Symbol: __use_two_region_memory
   Definitions
      At line 317 in file RTE\Device\LPC1768\startup_LPC17xx.s
   Uses
      None
Comment: __use_two_region_memory unused
1 symbol
405 symbols in table
