


ARM Macro Assembler    Page 1 


    1 00000000         ;/******************************************************
                       ********************//**
    2 00000000         ; * @file     startup_LPC17xx.s
    3 00000000         ; * @brief    CMSIS Cortex-M3 Core Device Startup File f
                       or
    4 00000000         ; *           NXP LPC17xx Device Series
    5 00000000         ; * @version  V1.10
    6 00000000         ; * @date     06. April 2011
    7 00000000         ; *
    8 00000000         ; * @note
    9 00000000         ; * Copyright (C) 2009-2011 ARM Limited. All rights rese
                       rved.
   10 00000000         ; *
   11 00000000         ; * @par
   12 00000000         ; * ARM Limited (ARM) is supplying this software for use
                        with Cortex-M
   13 00000000         ; * processor based microcontrollers.  This file can be 
                       freely distributed
   14 00000000         ; * within development tools that are supporting such AR
                       M based processors.
   15 00000000         ; *
   16 00000000         ; * @par
   17 00000000         ; * THIS SOFTWARE IS PROVIDED "AS IS".  NO WARRANTIES, W
                       HETHER EXPRESS, IMPLIED
   18 00000000         ; * OR STATUTORY, INCLUDING, BUT NOT LIMITED TO, IMPLIED
                        WARRANTIES OF
   19 00000000         ; * MERCHANTABILITY AND FITNESS FOR A PARTICULAR PURPOSE
                        APPLY TO THIS SOFTWARE.
   20 00000000         ; * ARM SHALL NOT, IN ANY CIRCUMSTANCES, BE LIABLE FOR S
                       PECIAL, INCIDENTAL, OR
   21 00000000         ; * CONSEQUENTIAL DAMAGES, FOR ANY REASON WHATSOEVER.
   22 00000000         ; *
   23 00000000         ; ******************************************************
                       ************************/
   24 00000000         
   25 00000000         ; *------- <<< Use Configuration Wizard in Context Menu 
                       >>> ------------------
   26 00000000         
   27 00000000         ; <h> Stack Configuration
   28 00000000         ;   <o> Stack Size (in Bytes) <0x0-0xFFFFFFFF:8>
   29 00000000         ; </h>
   30 00000000         
   31 00000000 00000200 
                       Stack_Size
                               EQU              0x00000200
   32 00000000         
   33 00000000                 AREA             STACK, NOINIT, READWRITE, ALIGN
=3
   34 00000000         Stack_Mem
                               SPACE            Stack_Size
   35 00000200         __initial_sp
   36 00000200         
   37 00000200         
   38 00000200         ; <h> Heap Configuration
   39 00000200         ;   <o>  Heap Size (in Bytes) <0x0-0xFFFFFFFF:8>
   40 00000200         ; </h>
   41 00000200         
   42 00000200 00000000 
                       Heap_Size



ARM Macro Assembler    Page 2 


                               EQU              0x00000000
   43 00000200         
   44 00000200                 AREA             HEAP, NOINIT, READWRITE, ALIGN=
3
   45 00000000         __heap_base
   46 00000000         Heap_Mem
                               SPACE            Heap_Size
   47 00000000         __heap_limit
   48 00000000         
   49 00000000         
   50 00000000                 PRESERVE8
   51 00000000                 THUMB
   52 00000000         
   53 00000000         
   54 00000000         ; Vector Table Mapped to Address 0 at Reset
   55 00000000         
   56 00000000                 AREA             RESET, DATA, READONLY
   57 00000000                 EXPORT           __Vectors
   58 00000000         
   59 00000000 00000000 
                       __Vectors
                               DCD              __initial_sp ; Top of Stack
   60 00000004 00000000        DCD              Reset_Handler ; Reset Handler
   61 00000008 00000000        DCD              NMI_Handler ; NMI Handler
   62 0000000C 00000000        DCD              HardFault_Handler ; Hard Fault 
                                                            Handler
   63 00000010 00000000        DCD              MemManage_Handler 
                                                            ; MPU Fault Handler
                                                            
   64 00000014 00000000        DCD              BusFault_Handler 
                                                            ; Bus Fault Handler
                                                            
   65 00000018 00000000        DCD              UsageFault_Handler ; Usage Faul
                                                            t Handler
   66 0000001C 00000000        DCD              0           ; Reserved
   67 00000020 00000000        DCD              0           ; Reserved
   68 00000024 00000000        DCD              0           ; Reserved
   69 00000028 00000000        DCD              0           ; Reserved
   70 0000002C 00000000        DCD              SVC_Handler ; SVCall Handler
   71 00000030 00000000        DCD              DebugMon_Handler ; Debug Monito
                                                            r Handler
   72 00000034 00000000        DCD              0           ; Reserved
   73 00000038 00000000        DCD              PendSV_Handler ; PendSV Handler
                                                            
   74 0000003C 00000000        DCD              SysTick_Handler 
                                                            ; SysTick Handler
   75 00000040         
   76 00000040         ; External Interrupts
   77 00000040 00000000        DCD              WDT_IRQHandler ; 16: Watchdog T
                                                            imer
   78 00000044 00000000        DCD              TIMER0_IRQHandler ; 17: Timer0
   79 00000048 00000000        DCD              TIMER1_IRQHandler ; 18: Timer1
   80 0000004C 00000000        DCD              TIMER2_IRQHandler ; 19: Timer2
   81 00000050 00000000        DCD              TIMER3_IRQHandler ; 20: Timer3
   82 00000054 00000000        DCD              UART0_IRQHandler ; 21: UART0
   83 00000058 00000000        DCD              UART1_IRQHandler ; 22: UART1
   84 0000005C 00000000        DCD              UART2_IRQHandler ; 23: UART2
   85 00000060 00000000        DCD              UART3_IRQHandler ; 24: UART3
   86 00000064 00000000        DCD              PWM1_IRQHandler ; 25: PWM1



ARM Macro Assembler    Page 3 


   87 00000068 00000000        DCD              I2C0_IRQHandler ; 26: I2C0
   88 0000006C 00000000        DCD              I2C1_IRQHandler ; 27: I2C1
   89 00000070 00000000        DCD              I2C2_IRQHandler ; 28: I2C2
   90 00000074 00000000        DCD              SPI_IRQHandler ; 29: SPI
   91 00000078 00000000        DCD              SSP0_IRQHandler ; 30: SSP0
   92 0000007C 00000000        DCD              SSP1_IRQHandler ; 31: SSP1
   93 00000080 00000000        DCD              PLL0_IRQHandler ; 32: PLL0 Lock
                                                             (Main PLL)
   94 00000084 00000000        DCD              RTC_IRQHandler ; 33: Real Time 
                                                            Clock
   95 00000088 00000000        DCD              EINT0_IRQHandler ; 34: External
                                                             Interrupt 0
   96 0000008C 00000000        DCD              EINT1_IRQHandler ; 35: External
                                                             Interrupt 1
   97 00000090 00000000        DCD              EINT2_IRQHandler ; 36: External
                                                             Interrupt 2
   98 00000094 00000000        DCD              EINT3_IRQHandler ; 37: External
                                                             Interrupt 3
   99 00000098 00000000        DCD              ADC_IRQHandler 
                                                            ; 38: A/D Converter
                                                            
  100 0000009C 00000000        DCD              BOD_IRQHandler ; 39: Brown-Out 
                                                            Detect
  101 000000A0 00000000        DCD              USB_IRQHandler ; 40: USB
  102 000000A4 00000000        DCD              CAN_IRQHandler ; 41: CAN
  103 000000A8 00000000        DCD              DMA_IRQHandler ; 42: General Pu
                                                            rpose DMA
  104 000000AC 00000000        DCD              I2S_IRQHandler ; 43: I2S
  105 000000B0 00000000        DCD              ENET_IRQHandler ; 44: Ethernet
  106 000000B4 00000000        DCD              RIT_IRQHandler ; 45: Repetitive
                                                             Interrupt Timer
  107 000000B8 00000000        DCD              MCPWM_IRQHandler ; 46: Motor Co
                                                            ntrol PWM
  108 000000BC 00000000        DCD              QEI_IRQHandler ; 47: Quadrature
                                                             Encoder Interface
  109 000000C0 00000000        DCD              PLL1_IRQHandler ; 48: PLL1 Lock
                                                             (USB PLL)
  110 000000C4 00000000        DCD              USBActivity_IRQHandler ; 49: US
                                                            B Activity interrup
                                                            t to wakeup
  111 000000C8 00000000        DCD              CANActivity_IRQHandler ; 50: CA
                                                            N Activity interrup
                                                            t to wakeup
  112 000000CC         
  113 000000CC         
  114 000000CC                 IF               :LNOT::DEF:NO_CRP
  115 000000CC                 AREA             |.ARM.__at_0x02FC|, CODE, READO
NLY
  116 00000000 FFFFFFFF 
                       CRP_Key DCD              0xFFFFFFFF
  117 00000004                 ENDIF
  118 00000004         
  119 00000004                 AREA             exercise, DATA, READWRITE
  120 00000000 00 00 00 
              00       Rn_register
                               SPACE            0x00000004  ; we can't initiali
                                                            ze here because it 
                                                            is a RAM
  121 00000004 00 00 00 



ARM Macro Assembler    Page 4 


              00       Rm_register
                               SPACE            0x00000004  ; we can't initiali
                                                            ze here because it 
                                                            is a RAM
  122 00000008 00 00 00 
              00       Rd_register
                               SPACE            0x00000004
  123 0000000C         
  124 0000000C                 AREA             |.text|, CODE, READONLY
  125 00000000         
  126 00000000         ; Reset Handler
  127 00000000         
  128 00000000         Reset_Handler
                               PROC
  129 00000000                 EXPORT           Reset_Handler             [WEAK
]
  130 00000000         
  131 00000000         ;MOV r0, #0x7A30458D  ; starting value
  132 00000000 F244 508D       MOV              r0, #0x458D ; MOV + MOVT to mov
                                                            e 32 bit immediate
  133 00000004 F6C7 2030       MOVT             r0, #0x7A30
  134 00000008         
  135 00000008         ;MOV r1, #0xC3159EAA  ; starting value
  136 00000008 F649 61AA       MOV              r1, #0x9EAA ; MOV + MOVT to mov
                                                            e 32 bit immediate
  137 0000000C F2CC 3115       MOVT             r1, #0xC315
  138 00000010         
  139 00000010         ;MOV r4, #0x000000DA  ; comparison value
  140 00000010         ;MOV r4, #0x00DA   ; MOV + MOVT to move 32 bit immediate
                       
  141 00000010         ;MOVT r4, #0x0000
  142 00000010         
  143 00000010 4A29            LDR              r2, =Rn_register
  144 00000012 4B2A            LDR              r3, =Rm_register
  145 00000014         
  146 00000014 6010            STR              r0, [r2]
  147 00000016 6019            STR              r1, [r3]
  148 00000018         
  149 00000018 4E27            LDR              r6, =Rn_register
  150 0000001A         
  151 0000001A F7FF FFFE       BL               myUSAD8
  152 0000001E         
  153 0000001E BF00            NOP
  154 00000020 BF00            NOP
  155 00000022 BF00            NOP
  156 00000024         
  157 00000024 E7FE    stop    B                stop
  158 00000026                 ENDP
  159 00000026         
  160 00000026         myUSAD8 PROC
  161 00000026 E92D 5FFF       PUSH             {r0-r12, LR}
  162 0000002A         
  163 0000002A 6830            LDR              r0, [r6]
  164 0000002C 6871            LDR              r1, [r6, #4]
  165 0000002E         
  166 0000002E F000 0BFF       AND              r11, r0, #0x000000FF ; extract 
                                                            the first byte from
                                                             the first value
  167 00000032 F001 0AFF       AND              r10, r1, #0x000000FF ; extract 



ARM Macro Assembler    Page 5 


                                                            the first byte from
                                                             the second value
  168 00000036 45D3            CMP              r11, r10    ; compare
  169 00000038 BF8C            ITE              HI          ; if r11 is (HI)ghe
                                                            r than r10
  170 0000003A EBAB 050A       SUBHI            r5, r11, r10 ; than r2 = r11 - 
                                                            r10
  171 0000003E EBAA 050B       SUBLS            r5, r10, r11 ; else r2 = r10 - 
                                                            r11
  172 00000042         
  173 00000042 F400 4B7F       AND              r11, r0, #0x0000FF00 ; extract 
                                                            the second byte fro
                                                            m the first value
  174 00000046 F401 4A7F       AND              r10, r1, #0x0000FF00 ; extract 
                                                            the second byte fro
                                                            m the second value
  175 0000004A 45D3            CMP              r11, r10    ; compare
  176 0000004C BF8C            ITE              HI          ; if r11 is (HI)ghe
                                                            r than r10
  177 0000004E EBAB 030A       SUBHI            r3, r11, r10 ; than r2 = r11 - 
                                                            r10
  178 00000052 EBAA 030B       SUBLS            r3, r10, r11 ; else r2 = r10 - 
                                                            r11
  179 00000056 EA4F 2313       LSR              r3, r3, #8  ; logical shift rig
                                                            ht by 8 positions
  180 0000005A 441D            ADD              r5, r5, r3  ; add value
  181 0000005C         
  182 0000005C F400 0B7F       AND              r11, r0, #0x00FF0000 ; extract 
                                                            the third byte from
                                                             the first value
  183 00000060 F401 0A7F       AND              r10, r1, #0x00FF0000 ; extract 
                                                            the third byte from
                                                             the second value
  184 00000064 45D3            CMP              r11, r10    ; compare
  185 00000066 BF8C            ITE              HI          ; if r11 is (HI)ghe
                                                            r than r10
  186 00000068 EBAB 030A       SUBHI            r3, r11, r10 ; than r2 = r11 - 
                                                            r10
  187 0000006C EBAA 030B       SUBLS            r3, r10, r11 ; else r2 = r10 - 
                                                            r11
  188 00000070 EA4F 4313       LSR              r3, r3, #16 ; logical shift rig
                                                            ht by 16 positions
  189 00000074 441D            ADD              r5, r5, r3  ; add value
  190 00000076         
  191 00000076 F000 4B7F       AND              r11, r0, #0xFF000000 ; extract 
                                                            the fourth byte fro
                                                            m the first value
  192 0000007A F001 4A7F       AND              r10, r1, #0xFF000000 ; extract 
                                                            the fourth byte fro
                                                            m the second value
  193 0000007E 45D3            CMP              r11, r10    ; compare
  194 00000080 BF8C            ITE              HI          ; if r11 is (HI)ghe
                                                            r than r10
  195 00000082 EBAB 030A       SUBHI            r3, r11, r10 ; than r2 = r11 - 
                                                            r10
  196 00000086 EBAA 030B       SUBLS            r3, r10, r11 ; else r2 = r10 - 
                                                            r11
  197 0000008A EA4F 6313       LSR              r3, r3, #24 ; logical shift rig
                                                            ht by 24 positions



ARM Macro Assembler    Page 6 


  198 0000008E 441D            ADD              r5, r5, r3  ; add value (final 
                                                            result)
  199 00000090         
  200 00000090 60B5            STR              r5, [r6, #8] ; store result
  201 00000092         
  202 00000092 E8BD 9FFF       POP              {r0-r12, PC}
  203 00000096                 ENDP
  204 00000096         
  205 00000096         
  206 00000096         ; Dummy Exception Handlers (infinite loops which can be 
                       modified)
  207 00000096         
  208 00000096         NMI_Handler
                               PROC
  209 00000096                 EXPORT           NMI_Handler               [WEAK
]
  210 00000096 E7FE            B                .
  211 00000098                 ENDP
  213 00000098         HardFault_Handler
                               PROC
  214 00000098                 EXPORT           HardFault_Handler         [WEAK
]
  215 00000098 E7FE            B                .
  216 0000009A                 ENDP
  218 0000009A         MemManage_Handler
                               PROC
  219 0000009A                 EXPORT           MemManage_Handler         [WEAK
]
  220 0000009A E7FE            B                .
  221 0000009C                 ENDP
  223 0000009C         BusFault_Handler
                               PROC
  224 0000009C                 EXPORT           BusFault_Handler          [WEAK
]
  225 0000009C E7FE            B                .
  226 0000009E                 ENDP
  228 0000009E         UsageFault_Handler
                               PROC
  229 0000009E                 EXPORT           UsageFault_Handler        [WEAK
]
  230 0000009E E7FE            B                .
  231 000000A0                 ENDP
  232 000000A0         SVC_Handler
                               PROC
  233 000000A0                 EXPORT           SVC_Handler               [WEAK
]
  234 000000A0 E7FE            B                .
  235 000000A2                 ENDP
  237 000000A2         DebugMon_Handler
                               PROC
  238 000000A2                 EXPORT           DebugMon_Handler          [WEAK
]
  239 000000A2 E7FE            B                .
  240 000000A4                 ENDP
  241 000000A4         PendSV_Handler
                               PROC
  242 000000A4                 EXPORT           PendSV_Handler            [WEAK
]
  243 000000A4 E7FE            B                .



ARM Macro Assembler    Page 7 


  244 000000A6                 ENDP
  245 000000A6         SysTick_Handler
                               PROC
  246 000000A6                 EXPORT           SysTick_Handler           [WEAK
]
  247 000000A6 E7FE            B                .
  248 000000A8                 ENDP
  249 000000A8         
  250 000000A8         Default_Handler
                               PROC
  251 000000A8         
  252 000000A8                 EXPORT           WDT_IRQHandler            [WEAK
]
  253 000000A8                 EXPORT           TIMER0_IRQHandler         [WEAK
]
  254 000000A8                 EXPORT           TIMER1_IRQHandler         [WEAK
]
  255 000000A8                 EXPORT           TIMER2_IRQHandler         [WEAK
]
  256 000000A8                 EXPORT           TIMER3_IRQHandler         [WEAK
]
  257 000000A8                 EXPORT           UART0_IRQHandler          [WEAK
]
  258 000000A8                 EXPORT           UART1_IRQHandler          [WEAK
]
  259 000000A8                 EXPORT           UART2_IRQHandler          [WEAK
]
  260 000000A8                 EXPORT           UART3_IRQHandler          [WEAK
]
  261 000000A8                 EXPORT           PWM1_IRQHandler           [WEAK
]
  262 000000A8                 EXPORT           I2C0_IRQHandler           [WEAK
]
  263 000000A8                 EXPORT           I2C1_IRQHandler           [WEAK
]
  264 000000A8                 EXPORT           I2C2_IRQHandler           [WEAK
]
  265 000000A8                 EXPORT           SPI_IRQHandler            [WEAK
]
  266 000000A8                 EXPORT           SSP0_IRQHandler           [WEAK
]
  267 000000A8                 EXPORT           SSP1_IRQHandler           [WEAK
]
  268 000000A8                 EXPORT           PLL0_IRQHandler           [WEAK
]
  269 000000A8                 EXPORT           RTC_IRQHandler            [WEAK
]
  270 000000A8                 EXPORT           EINT0_IRQHandler          [WEAK
]
  271 000000A8                 EXPORT           EINT1_IRQHandler          [WEAK
]
  272 000000A8                 EXPORT           EINT2_IRQHandler          [WEAK
]
  273 000000A8                 EXPORT           EINT3_IRQHandler          [WEAK
]
  274 000000A8                 EXPORT           ADC_IRQHandler            [WEAK
]
  275 000000A8                 EXPORT           BOD_IRQHandler            [WEAK
]



ARM Macro Assembler    Page 8 


  276 000000A8                 EXPORT           USB_IRQHandler            [WEAK
]
  277 000000A8                 EXPORT           CAN_IRQHandler            [WEAK
]
  278 000000A8                 EXPORT           DMA_IRQHandler            [WEAK
]
  279 000000A8                 EXPORT           I2S_IRQHandler            [WEAK
]
  280 000000A8                 EXPORT           ENET_IRQHandler           [WEAK
]
  281 000000A8                 EXPORT           RIT_IRQHandler            [WEAK
]
  282 000000A8                 EXPORT           MCPWM_IRQHandler          [WEAK
]
  283 000000A8                 EXPORT           QEI_IRQHandler            [WEAK
]
  284 000000A8                 EXPORT           PLL1_IRQHandler           [WEAK
]
  285 000000A8                 EXPORT           USBActivity_IRQHandler    [WEAK
]
  286 000000A8                 EXPORT           CANActivity_IRQHandler    [WEAK
]
  287 000000A8         
  288 000000A8         WDT_IRQHandler
  289 000000A8         TIMER0_IRQHandler
  290 000000A8         TIMER1_IRQHandler
  291 000000A8         TIMER2_IRQHandler
  292 000000A8         TIMER3_IRQHandler
  293 000000A8         UART0_IRQHandler
  294 000000A8         UART1_IRQHandler
  295 000000A8         UART2_IRQHandler
  296 000000A8         UART3_IRQHandler
  297 000000A8         PWM1_IRQHandler
  298 000000A8         I2C0_IRQHandler
  299 000000A8         I2C1_IRQHandler
  300 000000A8         I2C2_IRQHandler
  301 000000A8         SPI_IRQHandler
  302 000000A8         SSP0_IRQHandler
  303 000000A8         SSP1_IRQHandler
  304 000000A8         PLL0_IRQHandler
  305 000000A8         RTC_IRQHandler
  306 000000A8         EINT0_IRQHandler
  307 000000A8         EINT1_IRQHandler
  308 000000A8         EINT2_IRQHandler
  309 000000A8         EINT3_IRQHandler
  310 000000A8         ADC_IRQHandler
  311 000000A8         BOD_IRQHandler
  312 000000A8         USB_IRQHandler
  313 000000A8         CAN_IRQHandler
  314 000000A8         DMA_IRQHandler
  315 000000A8         I2S_IRQHandler
  316 000000A8         ENET_IRQHandler
  317 000000A8         RIT_IRQHandler
  318 000000A8         MCPWM_IRQHandler
  319 000000A8         QEI_IRQHandler
  320 000000A8         PLL1_IRQHandler
  321 000000A8         USBActivity_IRQHandler
  322 000000A8         CANActivity_IRQHandler
  323 000000A8         



ARM Macro Assembler    Page 9 


  324 000000A8 E7FE            B                .
  325 000000AA         
  326 000000AA                 ENDP
  327 000000AA         
  328 000000AA         
  329 000000AA 00 00           ALIGN
  330 000000AC         
  331 000000AC         
  332 000000AC         ; User Initial Stack & Heap
  333 000000AC         
  334 000000AC                 IF               :DEF:__MICROLIB
  341 000000AC         
  342 000000AC                 IMPORT           __use_two_region_memory
  343 000000AC                 EXPORT           __user_initial_stackheap
  344 000000AC         __user_initial_stackheap
  345 000000AC         
  346 000000AC 4804            LDR              R0, =  Heap_Mem
  347 000000AE 4905            LDR              R1, =(Stack_Mem + Stack_Size)
  348 000000B0 4A03            LDR              R2, = (Heap_Mem +  Heap_Size)
  349 000000B2 4B05            LDR              R3, = Stack_Mem
  350 000000B4 4770            BX               LR
  351 000000B6         
  352 000000B6 00 00           ALIGN
  353 000000B8         
  354 000000B8                 ENDIF
  355 000000B8         
  356 000000B8         
  357 000000B8                 END
              00000000 
              00000000 
              00000000 
              00000200 
              00000000 
Command Line: --debug --xref --diag_suppress=9931 --cpu=Cortex-M3 --apcs=interw
ork --depend=.\objects\startup_lpc17xx.d -o.\objects\startup_lpc17xx.o -I.\RTE\
Device\LPC1768 -I.\RTE\_Target_1 -IC:\Users\Riccardo\AppData\Local\Arm\Packs\AR
M\CMSIS\5.6.0\CMSIS\Core\Include -IC:\Users\Riccardo\AppData\Local\Arm\Packs\Ke
il\LPC1700_DFP\2.6.0\Device\Include --predefine="__EVAL SETA 1" --predefine="__
UVISION_VERSION SETA 529" --predefine="_RTE_ SETA 1" --predefine="LPC175x_6x SE
TA 1" --list=.\listings\startup_lpc17xx.lst RTE\Device\LPC1768\startup_LPC17xx.
s



ARM Macro Assembler    Page 1 Alphabetic symbol ordering
Relocatable symbols

STACK 00000000

Symbol: STACK
   Definitions
      At line 33 in file RTE\Device\LPC1768\startup_LPC17xx.s
   Uses
      None
Comment: STACK unused
Stack_Mem 00000000

Symbol: Stack_Mem
   Definitions
      At line 34 in file RTE\Device\LPC1768\startup_LPC17xx.s
   Uses
      At line 347 in file RTE\Device\LPC1768\startup_LPC17xx.s
      At line 349 in file RTE\Device\LPC1768\startup_LPC17xx.s

__initial_sp 00000200

Symbol: __initial_sp
   Definitions
      At line 35 in file RTE\Device\LPC1768\startup_LPC17xx.s
   Uses
      At line 59 in file RTE\Device\LPC1768\startup_LPC17xx.s
Comment: __initial_sp used once
3 symbols



ARM Macro Assembler    Page 1 Alphabetic symbol ordering
Relocatable symbols

HEAP 00000000

Symbol: HEAP
   Definitions
      At line 44 in file RTE\Device\LPC1768\startup_LPC17xx.s
   Uses
      None
Comment: HEAP unused
Heap_Mem 00000000

Symbol: Heap_Mem
   Definitions
      At line 46 in file RTE\Device\LPC1768\startup_LPC17xx.s
   Uses
      At line 346 in file RTE\Device\LPC1768\startup_LPC17xx.s
      At line 348 in file RTE\Device\LPC1768\startup_LPC17xx.s

__heap_base 00000000

Symbol: __heap_base
   Definitions
      At line 45 in file RTE\Device\LPC1768\startup_LPC17xx.s
   Uses
      None
Comment: __heap_base unused
__heap_limit 00000000

Symbol: __heap_limit
   Definitions
      At line 47 in file RTE\Device\LPC1768\startup_LPC17xx.s
   Uses
      None
Comment: __heap_limit unused
4 symbols



ARM Macro Assembler    Page 1 Alphabetic symbol ordering
Relocatable symbols

RESET 00000000

Symbol: RESET
   Definitions
      At line 56 in file RTE\Device\LPC1768\startup_LPC17xx.s
   Uses
      None
Comment: RESET unused
__Vectors 00000000

Symbol: __Vectors
   Definitions
      At line 59 in file RTE\Device\LPC1768\startup_LPC17xx.s
   Uses
      At line 57 in file RTE\Device\LPC1768\startup_LPC17xx.s
Comment: __Vectors used once
2 symbols



ARM Macro Assembler    Page 1 Alphabetic symbol ordering
Relocatable symbols

.ARM.__at_0x02FC 00000000

Symbol: .ARM.__at_0x02FC
   Definitions
      At line 115 in file RTE\Device\LPC1768\startup_LPC17xx.s
   Uses
      None
Comment: .ARM.__at_0x02FC unused
CRP_Key 00000000

Symbol: CRP_Key
   Definitions
      At line 116 in file RTE\Device\LPC1768\startup_LPC17xx.s
   Uses
      None
Comment: CRP_Key unused
2 symbols



ARM Macro Assembler    Page 1 Alphabetic symbol ordering
Relocatable symbols

Rd_register 00000008

Symbol: Rd_register
   Definitions
      At line 122 in file RTE\Device\LPC1768\startup_LPC17xx.s
   Uses
      None
Comment: Rd_register unused
Rm_register 00000004

Symbol: Rm_register
   Definitions
      At line 121 in file RTE\Device\LPC1768\startup_LPC17xx.s
   Uses
      At line 144 in file RTE\Device\LPC1768\startup_LPC17xx.s
Comment: Rm_register used once
Rn_register 00000000

Symbol: Rn_register
   Definitions
      At line 120 in file RTE\Device\LPC1768\startup_LPC17xx.s
   Uses
      At line 143 in file RTE\Device\LPC1768\startup_LPC17xx.s
      At line 149 in file RTE\Device\LPC1768\startup_LPC17xx.s

exercise 00000000

Symbol: exercise
   Definitions
      At line 119 in file RTE\Device\LPC1768\startup_LPC17xx.s
   Uses
      None
Comment: exercise unused
4 symbols



ARM Macro Assembler    Page 1 Alphabetic symbol ordering
Relocatable symbols

.text 00000000

Symbol: .text
   Definitions
      At line 124 in file RTE\Device\LPC1768\startup_LPC17xx.s
   Uses
      None
Comment: .text unused
ADC_IRQHandler 000000A8

Symbol: ADC_IRQHandler
   Definitions
      At line 310 in file RTE\Device\LPC1768\startup_LPC17xx.s
   Uses
      At line 99 in file RTE\Device\LPC1768\startup_LPC17xx.s
      At line 274 in file RTE\Device\LPC1768\startup_LPC17xx.s

BOD_IRQHandler 000000A8

Symbol: BOD_IRQHandler
   Definitions
      At line 311 in file RTE\Device\LPC1768\startup_LPC17xx.s
   Uses
      At line 100 in file RTE\Device\LPC1768\startup_LPC17xx.s
      At line 275 in file RTE\Device\LPC1768\startup_LPC17xx.s

BusFault_Handler 0000009C

Symbol: BusFault_Handler
   Definitions
      At line 223 in file RTE\Device\LPC1768\startup_LPC17xx.s
   Uses
      At line 64 in file RTE\Device\LPC1768\startup_LPC17xx.s
      At line 224 in file RTE\Device\LPC1768\startup_LPC17xx.s

CANActivity_IRQHandler 000000A8

Symbol: CANActivity_IRQHandler
   Definitions
      At line 322 in file RTE\Device\LPC1768\startup_LPC17xx.s
   Uses
      At line 111 in file RTE\Device\LPC1768\startup_LPC17xx.s
      At line 286 in file RTE\Device\LPC1768\startup_LPC17xx.s

CAN_IRQHandler 000000A8

Symbol: CAN_IRQHandler
   Definitions
      At line 313 in file RTE\Device\LPC1768\startup_LPC17xx.s
   Uses
      At line 102 in file RTE\Device\LPC1768\startup_LPC17xx.s
      At line 277 in file RTE\Device\LPC1768\startup_LPC17xx.s

DMA_IRQHandler 000000A8

Symbol: DMA_IRQHandler
   Definitions
      At line 314 in file RTE\Device\LPC1768\startup_LPC17xx.s
   Uses



ARM Macro Assembler    Page 2 Alphabetic symbol ordering
Relocatable symbols

      At line 103 in file RTE\Device\LPC1768\startup_LPC17xx.s
      At line 278 in file RTE\Device\LPC1768\startup_LPC17xx.s

DebugMon_Handler 000000A2

Symbol: DebugMon_Handler
   Definitions
      At line 237 in file RTE\Device\LPC1768\startup_LPC17xx.s
   Uses
      At line 71 in file RTE\Device\LPC1768\startup_LPC17xx.s
      At line 238 in file RTE\Device\LPC1768\startup_LPC17xx.s

Default_Handler 000000A8

Symbol: Default_Handler
   Definitions
      At line 250 in file RTE\Device\LPC1768\startup_LPC17xx.s
   Uses
      None
Comment: Default_Handler unused
EINT0_IRQHandler 000000A8

Symbol: EINT0_IRQHandler
   Definitions
      At line 306 in file RTE\Device\LPC1768\startup_LPC17xx.s
   Uses
      At line 95 in file RTE\Device\LPC1768\startup_LPC17xx.s
      At line 270 in file RTE\Device\LPC1768\startup_LPC17xx.s

EINT1_IRQHandler 000000A8

Symbol: EINT1_IRQHandler
   Definitions
      At line 307 in file RTE\Device\LPC1768\startup_LPC17xx.s
   Uses
      At line 96 in file RTE\Device\LPC1768\startup_LPC17xx.s
      At line 271 in file RTE\Device\LPC1768\startup_LPC17xx.s

EINT2_IRQHandler 000000A8

Symbol: EINT2_IRQHandler
   Definitions
      At line 308 in file RTE\Device\LPC1768\startup_LPC17xx.s
   Uses
      At line 97 in file RTE\Device\LPC1768\startup_LPC17xx.s
      At line 272 in file RTE\Device\LPC1768\startup_LPC17xx.s

EINT3_IRQHandler 000000A8

Symbol: EINT3_IRQHandler
   Definitions
      At line 309 in file RTE\Device\LPC1768\startup_LPC17xx.s
   Uses
      At line 98 in file RTE\Device\LPC1768\startup_LPC17xx.s
      At line 273 in file RTE\Device\LPC1768\startup_LPC17xx.s

ENET_IRQHandler 000000A8

Symbol: ENET_IRQHandler



ARM Macro Assembler    Page 3 Alphabetic symbol ordering
Relocatable symbols

   Definitions
      At line 316 in file RTE\Device\LPC1768\startup_LPC17xx.s
   Uses
      At line 105 in file RTE\Device\LPC1768\startup_LPC17xx.s
      At line 280 in file RTE\Device\LPC1768\startup_LPC17xx.s

HardFault_Handler 00000098

Symbol: HardFault_Handler
   Definitions
      At line 213 in file RTE\Device\LPC1768\startup_LPC17xx.s
   Uses
      At line 62 in file RTE\Device\LPC1768\startup_LPC17xx.s
      At line 214 in file RTE\Device\LPC1768\startup_LPC17xx.s

I2C0_IRQHandler 000000A8

Symbol: I2C0_IRQHandler
   Definitions
      At line 298 in file RTE\Device\LPC1768\startup_LPC17xx.s
   Uses
      At line 87 in file RTE\Device\LPC1768\startup_LPC17xx.s
      At line 262 in file RTE\Device\LPC1768\startup_LPC17xx.s

I2C1_IRQHandler 000000A8

Symbol: I2C1_IRQHandler
   Definitions
      At line 299 in file RTE\Device\LPC1768\startup_LPC17xx.s
   Uses
      At line 88 in file RTE\Device\LPC1768\startup_LPC17xx.s
      At line 263 in file RTE\Device\LPC1768\startup_LPC17xx.s

I2C2_IRQHandler 000000A8

Symbol: I2C2_IRQHandler
   Definitions
      At line 300 in file RTE\Device\LPC1768\startup_LPC17xx.s
   Uses
      At line 89 in file RTE\Device\LPC1768\startup_LPC17xx.s
      At line 264 in file RTE\Device\LPC1768\startup_LPC17xx.s

I2S_IRQHandler 000000A8

Symbol: I2S_IRQHandler
   Definitions
      At line 315 in file RTE\Device\LPC1768\startup_LPC17xx.s
   Uses
      At line 104 in file RTE\Device\LPC1768\startup_LPC17xx.s
      At line 279 in file RTE\Device\LPC1768\startup_LPC17xx.s

MCPWM_IRQHandler 000000A8

Symbol: MCPWM_IRQHandler
   Definitions
      At line 318 in file RTE\Device\LPC1768\startup_LPC17xx.s
   Uses
      At line 107 in file RTE\Device\LPC1768\startup_LPC17xx.s
      At line 282 in file RTE\Device\LPC1768\startup_LPC17xx.s



ARM Macro Assembler    Page 4 Alphabetic symbol ordering
Relocatable symbols


MemManage_Handler 0000009A

Symbol: MemManage_Handler
   Definitions
      At line 218 in file RTE\Device\LPC1768\startup_LPC17xx.s
   Uses
      At line 63 in file RTE\Device\LPC1768\startup_LPC17xx.s
      At line 219 in file RTE\Device\LPC1768\startup_LPC17xx.s

NMI_Handler 00000096

Symbol: NMI_Handler
   Definitions
      At line 208 in file RTE\Device\LPC1768\startup_LPC17xx.s
   Uses
      At line 61 in file RTE\Device\LPC1768\startup_LPC17xx.s
      At line 209 in file RTE\Device\LPC1768\startup_LPC17xx.s

PLL0_IRQHandler 000000A8

Symbol: PLL0_IRQHandler
   Definitions
      At line 304 in file RTE\Device\LPC1768\startup_LPC17xx.s
   Uses
      At line 93 in file RTE\Device\LPC1768\startup_LPC17xx.s
      At line 268 in file RTE\Device\LPC1768\startup_LPC17xx.s

PLL1_IRQHandler 000000A8

Symbol: PLL1_IRQHandler
   Definitions
      At line 320 in file RTE\Device\LPC1768\startup_LPC17xx.s
   Uses
      At line 109 in file RTE\Device\LPC1768\startup_LPC17xx.s
      At line 284 in file RTE\Device\LPC1768\startup_LPC17xx.s

PWM1_IRQHandler 000000A8

Symbol: PWM1_IRQHandler
   Definitions
      At line 297 in file RTE\Device\LPC1768\startup_LPC17xx.s
   Uses
      At line 86 in file RTE\Device\LPC1768\startup_LPC17xx.s
      At line 261 in file RTE\Device\LPC1768\startup_LPC17xx.s

PendSV_Handler 000000A4

Symbol: PendSV_Handler
   Definitions
      At line 241 in file RTE\Device\LPC1768\startup_LPC17xx.s
   Uses
      At line 73 in file RTE\Device\LPC1768\startup_LPC17xx.s
      At line 242 in file RTE\Device\LPC1768\startup_LPC17xx.s

QEI_IRQHandler 000000A8

Symbol: QEI_IRQHandler
   Definitions



ARM Macro Assembler    Page 5 Alphabetic symbol ordering
Relocatable symbols

      At line 319 in file RTE\Device\LPC1768\startup_LPC17xx.s
   Uses
      At line 108 in file RTE\Device\LPC1768\startup_LPC17xx.s
      At line 283 in file RTE\Device\LPC1768\startup_LPC17xx.s

RIT_IRQHandler 000000A8

Symbol: RIT_IRQHandler
   Definitions
      At line 317 in file RTE\Device\LPC1768\startup_LPC17xx.s
   Uses
      At line 106 in file RTE\Device\LPC1768\startup_LPC17xx.s
      At line 281 in file RTE\Device\LPC1768\startup_LPC17xx.s

RTC_IRQHandler 000000A8

Symbol: RTC_IRQHandler
   Definitions
      At line 305 in file RTE\Device\LPC1768\startup_LPC17xx.s
   Uses
      At line 94 in file RTE\Device\LPC1768\startup_LPC17xx.s
      At line 269 in file RTE\Device\LPC1768\startup_LPC17xx.s

Reset_Handler 00000000

Symbol: Reset_Handler
   Definitions
      At line 128 in file RTE\Device\LPC1768\startup_LPC17xx.s
   Uses
      At line 60 in file RTE\Device\LPC1768\startup_LPC17xx.s
      At line 129 in file RTE\Device\LPC1768\startup_LPC17xx.s

SPI_IRQHandler 000000A8

Symbol: SPI_IRQHandler
   Definitions
      At line 301 in file RTE\Device\LPC1768\startup_LPC17xx.s
   Uses
      At line 90 in file RTE\Device\LPC1768\startup_LPC17xx.s
      At line 265 in file RTE\Device\LPC1768\startup_LPC17xx.s

SSP0_IRQHandler 000000A8

Symbol: SSP0_IRQHandler
   Definitions
      At line 302 in file RTE\Device\LPC1768\startup_LPC17xx.s
   Uses
      At line 91 in file RTE\Device\LPC1768\startup_LPC17xx.s
      At line 266 in file RTE\Device\LPC1768\startup_LPC17xx.s

SSP1_IRQHandler 000000A8

Symbol: SSP1_IRQHandler
   Definitions
      At line 303 in file RTE\Device\LPC1768\startup_LPC17xx.s
   Uses
      At line 92 in file RTE\Device\LPC1768\startup_LPC17xx.s
      At line 267 in file RTE\Device\LPC1768\startup_LPC17xx.s




ARM Macro Assembler    Page 6 Alphabetic symbol ordering
Relocatable symbols

SVC_Handler 000000A0

Symbol: SVC_Handler
   Definitions
      At line 232 in file RTE\Device\LPC1768\startup_LPC17xx.s
   Uses
      At line 70 in file RTE\Device\LPC1768\startup_LPC17xx.s
      At line 233 in file RTE\Device\LPC1768\startup_LPC17xx.s

SysTick_Handler 000000A6

Symbol: SysTick_Handler
   Definitions
      At line 245 in file RTE\Device\LPC1768\startup_LPC17xx.s
   Uses
      At line 74 in file RTE\Device\LPC1768\startup_LPC17xx.s
      At line 246 in file RTE\Device\LPC1768\startup_LPC17xx.s

TIMER0_IRQHandler 000000A8

Symbol: TIMER0_IRQHandler
   Definitions
      At line 289 in file RTE\Device\LPC1768\startup_LPC17xx.s
   Uses
      At line 78 in file RTE\Device\LPC1768\startup_LPC17xx.s
      At line 253 in file RTE\Device\LPC1768\startup_LPC17xx.s

TIMER1_IRQHandler 000000A8

Symbol: TIMER1_IRQHandler
   Definitions
      At line 290 in file RTE\Device\LPC1768\startup_LPC17xx.s
   Uses
      At line 79 in file RTE\Device\LPC1768\startup_LPC17xx.s
      At line 254 in file RTE\Device\LPC1768\startup_LPC17xx.s

TIMER2_IRQHandler 000000A8

Symbol: TIMER2_IRQHandler
   Definitions
      At line 291 in file RTE\Device\LPC1768\startup_LPC17xx.s
   Uses
      At line 80 in file RTE\Device\LPC1768\startup_LPC17xx.s
      At line 255 in file RTE\Device\LPC1768\startup_LPC17xx.s

TIMER3_IRQHandler 000000A8

Symbol: TIMER3_IRQHandler
   Definitions
      At line 292 in file RTE\Device\LPC1768\startup_LPC17xx.s
   Uses
      At line 81 in file RTE\Device\LPC1768\startup_LPC17xx.s
      At line 256 in file RTE\Device\LPC1768\startup_LPC17xx.s

UART0_IRQHandler 000000A8

Symbol: UART0_IRQHandler
   Definitions
      At line 293 in file RTE\Device\LPC1768\startup_LPC17xx.s



ARM Macro Assembler    Page 7 Alphabetic symbol ordering
Relocatable symbols

   Uses
      At line 82 in file RTE\Device\LPC1768\startup_LPC17xx.s
      At line 257 in file RTE\Device\LPC1768\startup_LPC17xx.s

UART1_IRQHandler 000000A8

Symbol: UART1_IRQHandler
   Definitions
      At line 294 in file RTE\Device\LPC1768\startup_LPC17xx.s
   Uses
      At line 83 in file RTE\Device\LPC1768\startup_LPC17xx.s
      At line 258 in file RTE\Device\LPC1768\startup_LPC17xx.s

UART2_IRQHandler 000000A8

Symbol: UART2_IRQHandler
   Definitions
      At line 295 in file RTE\Device\LPC1768\startup_LPC17xx.s
   Uses
      At line 84 in file RTE\Device\LPC1768\startup_LPC17xx.s
      At line 259 in file RTE\Device\LPC1768\startup_LPC17xx.s

UART3_IRQHandler 000000A8

Symbol: UART3_IRQHandler
   Definitions
      At line 296 in file RTE\Device\LPC1768\startup_LPC17xx.s
   Uses
      At line 85 in file RTE\Device\LPC1768\startup_LPC17xx.s
      At line 260 in file RTE\Device\LPC1768\startup_LPC17xx.s

USBActivity_IRQHandler 000000A8

Symbol: USBActivity_IRQHandler
   Definitions
      At line 321 in file RTE\Device\LPC1768\startup_LPC17xx.s
   Uses
      At line 110 in file RTE\Device\LPC1768\startup_LPC17xx.s
      At line 285 in file RTE\Device\LPC1768\startup_LPC17xx.s

USB_IRQHandler 000000A8

Symbol: USB_IRQHandler
   Definitions
      At line 312 in file RTE\Device\LPC1768\startup_LPC17xx.s
   Uses
      At line 101 in file RTE\Device\LPC1768\startup_LPC17xx.s
      At line 276 in file RTE\Device\LPC1768\startup_LPC17xx.s

UsageFault_Handler 0000009E

Symbol: UsageFault_Handler
   Definitions
      At line 228 in file RTE\Device\LPC1768\startup_LPC17xx.s
   Uses
      At line 65 in file RTE\Device\LPC1768\startup_LPC17xx.s
      At line 229 in file RTE\Device\LPC1768\startup_LPC17xx.s

WDT_IRQHandler 000000A8



ARM Macro Assembler    Page 8 Alphabetic symbol ordering
Relocatable symbols


Symbol: WDT_IRQHandler
   Definitions
      At line 288 in file RTE\Device\LPC1768\startup_LPC17xx.s
   Uses
      At line 77 in file RTE\Device\LPC1768\startup_LPC17xx.s
      At line 252 in file RTE\Device\LPC1768\startup_LPC17xx.s

__user_initial_stackheap 000000AC

Symbol: __user_initial_stackheap
   Definitions
      At line 344 in file RTE\Device\LPC1768\startup_LPC17xx.s
   Uses
      At line 343 in file RTE\Device\LPC1768\startup_LPC17xx.s
Comment: __user_initial_stackheap used once
myUSAD8 00000026

Symbol: myUSAD8
   Definitions
      At line 160 in file RTE\Device\LPC1768\startup_LPC17xx.s
   Uses
      At line 151 in file RTE\Device\LPC1768\startup_LPC17xx.s
Comment: myUSAD8 used once
stop 00000024

Symbol: stop
   Definitions
      At line 157 in file RTE\Device\LPC1768\startup_LPC17xx.s
   Uses
      At line 157 in file RTE\Device\LPC1768\startup_LPC17xx.s
Comment: stop used once
50 symbols



ARM Macro Assembler    Page 1 Alphabetic symbol ordering
Absolute symbols

Heap_Size 00000000

Symbol: Heap_Size
   Definitions
      At line 42 in file RTE\Device\LPC1768\startup_LPC17xx.s
   Uses
      At line 46 in file RTE\Device\LPC1768\startup_LPC17xx.s
      At line 348 in file RTE\Device\LPC1768\startup_LPC17xx.s

Stack_Size 00000200

Symbol: Stack_Size
   Definitions
      At line 31 in file RTE\Device\LPC1768\startup_LPC17xx.s
   Uses
      At line 34 in file RTE\Device\LPC1768\startup_LPC17xx.s
      At line 347 in file RTE\Device\LPC1768\startup_LPC17xx.s

2 symbols



ARM Macro Assembler    Page 1 Alphabetic symbol ordering
External symbols

__use_two_region_memory 00000000

Symbol: __use_two_region_memory
   Definitions
      At line 342 in file RTE\Device\LPC1768\startup_LPC17xx.s
   Uses
      None
Comment: __use_two_region_memory unused
1 symbol
408 symbols in table
