


ARM Macro Assembler    Page 1 


    1 00000000         ;/******************************************************
                       ***********************
    2 00000000         ; * @file:    startup_LPC407x_8x.s
    3 00000000         ; * @purpose: CMSIS Cortex-M4 Core Device Startup File
    4 00000000         ; *           for the NXP LPC407x_8x Device Series
    5 00000000         ; * @version: V1.20
    6 00000000         ; * @date:    16. January 2012
    7 00000000         ; *------- <<< Use Configuration Wizard in Context Menu 
                       >>> ------------------
    8 00000000         ; *
    9 00000000         ; * Copyright (C) 2012 ARM Limited. All rights reserved.
                       
   10 00000000         ; * ARM Limited (ARM) is supplying this software for use
                        with Cortex-M4
   11 00000000         ; * processor based microcontrollers.  This file can be 
                       freely distributed
   12 00000000         ; * within development tools that are supporting such AR
                       M based processors.
   13 00000000         ; *
   14 00000000         ; * THIS SOFTWARE IS PROVIDED "AS IS".  NO WARRANTIES, W
                       HETHER EXPRESS, IMPLIED
   15 00000000         ; * OR STATUTORY, INCLUDING, BUT NOT LIMITED TO, IMPLIED
                        WARRANTIES OF
   16 00000000         ; * MERCHANTABILITY AND FITNESS FOR A PARTICULAR PURPOSE
                        APPLY TO THIS SOFTWARE.
   17 00000000         ; * ARM SHALL NOT, IN ANY CIRCUMSTANCES, BE LIABLE FOR S
                       PECIAL, INCIDENTAL, OR
   18 00000000         ; * CONSEQUENTIAL DAMAGES, FOR ANY REASON WHATSOEVER.
   19 00000000         ; *
   20 00000000         ; ******************************************************
                       ***********************/
   21 00000000         
   22 00000000         
   23 00000000         ; <h> Stack Configuration
   24 00000000         ;   <o> Stack Size (in Bytes) <0x0-0xFFFFFFFF:8>
   25 00000000         ; </h>
   26 00000000         
   27 00000000 00000400 
                       Stack_Size
                               EQU              0x00000400
   28 00000000         
   29 00000000                 AREA             STACK, NOINIT, READWRITE, ALIGN
=3
   30 00000000         Stack_Mem
                               SPACE            Stack_Size
   31 00000400         __initial_sp
   32 00000400         
   33 00000400         
   34 00000400         ; <h> Heap Configuration
   35 00000400         ;   <o>  Heap Size (in Bytes) <0x0-0xFFFFFFFF:8>
   36 00000400         ; </h>
   37 00000400         
   38 00000400 00000000 
                       Heap_Size
                               EQU              0x00000000
   39 00000400         
   40 00000400                 AREA             HEAP, NOINIT, READWRITE, ALIGN=
3
   41 00000000         __heap_base



ARM Macro Assembler    Page 2 


   42 00000000         Heap_Mem
                               SPACE            Heap_Size
   43 00000000         __heap_limit
   44 00000000         
   45 00000000         
   46 00000000                 PRESERVE8
   47 00000000                 THUMB
   48 00000000         
   49 00000000         
   50 00000000         ; Vector Table Mapped to Address 0 at Reset
   51 00000000         
   52 00000000                 AREA             RESET, DATA, READONLY
   53 00000000                 EXPORT           __Vectors
   54 00000000         
   55 00000000 00000000 
                       __Vectors
                               DCD              __initial_sp ; Top of Stack
   56 00000004 00000000        DCD              Reset_Handler ; Reset Handler
   57 00000008 00000000        DCD              NMI_Handler ; NMI Handler
   58 0000000C 00000000        DCD              HardFault_Handler ; Hard Fault 
                                                            Handler
   59 00000010 00000000        DCD              MemManage_Handler 
                                                            ; MPU Fault Handler
                                                            
   60 00000014 00000000        DCD              BusFault_Handler 
                                                            ; Bus Fault Handler
                                                            
   61 00000018 00000000        DCD              UsageFault_Handler ; Usage Faul
                                                            t Handler
   62 0000001C         ; DCD  0xEFFFF5D6                ; Reserved- vector sum
   63 0000001C EFFFF39E        DCD              0xEFFFF39E  ; Reserved- vector 
                                                            sum
   64 00000020 00000000        DCD              0           ; Reserved
   65 00000024 00000000        DCD              0           ; Reserved
   66 00000028 00000000        DCD              0           ; Reserved
   67 0000002C 00000000        DCD              SVC_Handler ; SVCall Handler
   68 00000030 00000000        DCD              DebugMon_Handler ; Debug Monito
                                                            r Handler
   69 00000034 00000000        DCD              0           ; Reserved
   70 00000038 00000000        DCD              PendSV_Handler ; PendSV Handler
                                                            
   71 0000003C 00000000        DCD              SysTick_Handler 
                                                            ; SysTick Handler
   72 00000040         
   73 00000040         ; External Interrupts
   74 00000040 00000000        DCD              WDT_IRQHandler ; 16: Watchdog T
                                                            imer
   75 00000044 00000000        DCD              TIMER0_IRQHandler ; 17: Timer0
   76 00000048 00000000        DCD              TIMER1_IRQHandler ; 18: Timer1
   77 0000004C 00000000        DCD              TIMER2_IRQHandler ; 19: Timer2
   78 00000050 00000000        DCD              TIMER3_IRQHandler ; 20: Timer3
   79 00000054 00000000        DCD              UART0_IRQHandler ; 21: UART0
   80 00000058 00000000        DCD              UART1_IRQHandler ; 22: UART1
   81 0000005C 00000000        DCD              UART2_IRQHandler ; 23: UART2
   82 00000060 00000000        DCD              UART3_IRQHandler ; 24: UART3
   83 00000064 00000000        DCD              PWM1_IRQHandler ; 25: PWM1
   84 00000068 00000000        DCD              I2C0_IRQHandler ; 26: I2C0
   85 0000006C 00000000        DCD              I2C1_IRQHandler ; 27: I2C1
   86 00000070 00000000        DCD              I2C2_IRQHandler ; 28: I2C2



ARM Macro Assembler    Page 3 


   87 00000074 00000000        DCD              0           ; 29: reserved, not
                                                             for SPIFI anymore
   88 00000078 00000000        DCD              SSP0_IRQHandler ; 30: SSP0
   89 0000007C 00000000        DCD              SSP1_IRQHandler ; 31: SSP1
   90 00000080 00000000        DCD              PLL0_IRQHandler ; 32: PLL0 Lock
                                                             (Main PLL)
   91 00000084 00000000        DCD              RTC_IRQHandler ; 33: Real Time 
                                                            Clock
   92 00000088 00000000        DCD              EINT0_IRQHandler ; 34: External
                                                             Interrupt 0
   93 0000008C 00000000        DCD              EINT1_IRQHandler ; 35: External
                                                             Interrupt 1
   94 00000090 00000000        DCD              EINT2_IRQHandler ; 36: External
                                                             Interrupt 2
   95 00000094 00000000        DCD              EINT3_IRQHandler ; 37: External
                                                             Interrupt 3
   96 00000098 00000000        DCD              ADC_IRQHandler 
                                                            ; 38: A/D Converter
                                                            
   97 0000009C 00000000        DCD              BOD_IRQHandler ; 39: Brown-Out 
                                                            Detect
   98 000000A0 00000000        DCD              USB_IRQHandler ; 40: USB
   99 000000A4 00000000        DCD              CAN_IRQHandler ; 41: CAN
  100 000000A8 00000000        DCD              DMA_IRQHandler ; 42: General Pu
                                                            rpose DMA
  101 000000AC 00000000        DCD              I2S_IRQHandler ; 43: I2S
  102 000000B0 00000000        DCD              ENET_IRQHandler ; 44: Ethernet
  103 000000B4 00000000        DCD              MCI_IRQHandler ; 45: SD/MMC car
                                                            d I/F
  104 000000B8 00000000        DCD              MCPWM_IRQHandler ; 46: Motor Co
                                                            ntrol PWM
  105 000000BC 00000000        DCD              QEI_IRQHandler ; 47: Quadrature
                                                             Encoder Interface
  106 000000C0 00000000        DCD              PLL1_IRQHandler ; 48: PLL1 Lock
                                                             (USB PLL)
  107 000000C4 00000000        DCD              USBActivity_IRQHandler ; 49: US
                                                            B Activity interrup
                                                            t to wakeup
  108 000000C8 00000000        DCD              CANActivity_IRQHandler ; 50: CA
                                                            N Activity interrup
                                                            t to wakeup
  109 000000CC 00000000        DCD              UART4_IRQHandler ; 51: UART4
  110 000000D0 00000000        DCD              SSP2_IRQHandler ; 52: SSP2
  111 000000D4 00000000        DCD              LCD_IRQHandler ; 53: LCD
  112 000000D8 00000000        DCD              GPIO_IRQHandler ; 54: GPIO
  113 000000DC 00000000        DCD              PWM0_IRQHandler ; 55: PWM0
  114 000000E0 00000000        DCD              EEPROM_IRQHandler ; 56: EEPROM
  115 000000E4         
  116 000000E4         
  117 000000E4                 IF               :LNOT::DEF:NO_CRP
  118 000000E4                 AREA             |.ARM.__at_0x02FC|, CODE, READO
NLY
  119 00000000 FFFFFFFF 
                       CRP_Key DCD              0xFFFFFFFF
  120 00000004                 ENDIF
  121 00000004         
  122 00000004         
  123 00000004                 AREA             |.text|, CODE, READONLY
  124 00000000         



ARM Macro Assembler    Page 4 


  125 00000000         
  126 00000000         ; Reset Handler
  127 00000000         
  128 00000000         Reset_Handler
                               PROC
  129 00000000                 EXPORT           Reset_Handler             [WEAK
]
  130 00000000         
  131 00000000         ;MOV r0, #0x7A30458D  ; starting value
  132 00000000 F244 508D       MOV              r0, #0x458D ; MOV + MOVT to mov
                                                            e 32 bit immediate
  133 00000004 F6C7 2030       MOVT             r0, #0x7A30
  134 00000008         
  135 00000008         ;MOV r1, #0xC3159EAA  ; starting value
  136 00000008 F649 61AA       MOV              r1, #0x9EAA ; MOV + MOVT to mov
                                                            e 32 bit immediate
  137 0000000C F2CC 3115       MOVT             r1, #0xC315
  138 00000010         
  139 00000010 FA80 F441       UADD8            r4, r0, r1
  140 00000014 FB70 F501       USAD8            r5, r0, r1
  141 00000018 FB20 F601       SMUAD            r6, r0, r1
  142 0000001C FB40 F701       SMUSD            r7, r0, r1
  143 00000020         
  144 00000020 E7FE    stop    B                stop
  145 00000022                 ENDP
  146 00000022         
  147 00000022         
  148 00000022         ; Dummy Exception Handlers (infinite loops which can be 
                       modified)
  149 00000022         
  150 00000022         NMI_Handler
                               PROC
  151 00000022                 EXPORT           NMI_Handler               [WEAK
]
  152 00000022 E7FE            B                .
  153 00000024                 ENDP
  155 00000024         HardFault_Handler
                               PROC
  156 00000024                 EXPORT           HardFault_Handler         [WEAK
]
  157 00000024 E7FE            B                .
  158 00000026                 ENDP
  160 00000026         MemManage_Handler
                               PROC
  161 00000026                 EXPORT           MemManage_Handler         [WEAK
]
  162 00000026 E7FE            B                .
  163 00000028                 ENDP
  165 00000028         BusFault_Handler
                               PROC
  166 00000028                 EXPORT           BusFault_Handler          [WEAK
]
  167 00000028 E7FE            B                .
  168 0000002A                 ENDP
  170 0000002A         UsageFault_Handler
                               PROC
  171 0000002A                 EXPORT           UsageFault_Handler        [WEAK
]
  172 0000002A E7FE            B                .



ARM Macro Assembler    Page 5 


  173 0000002C                 ENDP
  174 0000002C         SVC_Handler
                               PROC
  175 0000002C                 EXPORT           SVC_Handler               [WEAK
]
  176 0000002C E7FE            B                .
  177 0000002E                 ENDP
  179 0000002E         DebugMon_Handler
                               PROC
  180 0000002E                 EXPORT           DebugMon_Handler          [WEAK
]
  181 0000002E E7FE            B                .
  182 00000030                 ENDP
  183 00000030         PendSV_Handler
                               PROC
  184 00000030                 EXPORT           PendSV_Handler            [WEAK
]
  185 00000030 E7FE            B                .
  186 00000032                 ENDP
  187 00000032         SysTick_Handler
                               PROC
  188 00000032                 EXPORT           SysTick_Handler           [WEAK
]
  189 00000032 E7FE            B                .
  190 00000034                 ENDP
  191 00000034         
  192 00000034         Default_Handler
                               PROC
  193 00000034         
  194 00000034                 EXPORT           WDT_IRQHandler            [WEAK
]
  195 00000034                 EXPORT           TIMER0_IRQHandler         [WEAK
]
  196 00000034                 EXPORT           TIMER1_IRQHandler         [WEAK
]
  197 00000034                 EXPORT           TIMER2_IRQHandler         [WEAK
]
  198 00000034                 EXPORT           TIMER3_IRQHandler         [WEAK
]
  199 00000034                 EXPORT           UART0_IRQHandler          [WEAK
]
  200 00000034                 EXPORT           UART1_IRQHandler          [WEAK
]
  201 00000034                 EXPORT           UART2_IRQHandler          [WEAK
]
  202 00000034                 EXPORT           UART3_IRQHandler          [WEAK
]
  203 00000034                 EXPORT           PWM1_IRQHandler           [WEAK
]
  204 00000034                 EXPORT           I2C0_IRQHandler           [WEAK
]
  205 00000034                 EXPORT           I2C1_IRQHandler           [WEAK
]
  206 00000034                 EXPORT           I2C2_IRQHandler           [WEAK
]
  207 00000034         ;EXPORT  SPIFI_IRQHandler          [WEAK]
  208 00000034                 EXPORT           SSP0_IRQHandler           [WEAK
]
  209 00000034                 EXPORT           SSP1_IRQHandler           [WEAK



ARM Macro Assembler    Page 6 


]
  210 00000034                 EXPORT           PLL0_IRQHandler           [WEAK
]
  211 00000034                 EXPORT           RTC_IRQHandler            [WEAK
]
  212 00000034                 EXPORT           EINT0_IRQHandler          [WEAK
]
  213 00000034                 EXPORT           EINT1_IRQHandler          [WEAK
]
  214 00000034                 EXPORT           EINT2_IRQHandler          [WEAK
]
  215 00000034                 EXPORT           EINT3_IRQHandler          [WEAK
]
  216 00000034                 EXPORT           ADC_IRQHandler            [WEAK
]
  217 00000034                 EXPORT           BOD_IRQHandler            [WEAK
]
  218 00000034                 EXPORT           USB_IRQHandler            [WEAK
]
  219 00000034                 EXPORT           CAN_IRQHandler            [WEAK
]
  220 00000034                 EXPORT           DMA_IRQHandler            [WEAK
]
  221 00000034                 EXPORT           I2S_IRQHandler            [WEAK
]
  222 00000034                 EXPORT           ENET_IRQHandler           [WEAK
]
  223 00000034                 EXPORT           MCI_IRQHandler            [WEAK
]
  224 00000034                 EXPORT           MCPWM_IRQHandler          [WEAK
]
  225 00000034                 EXPORT           QEI_IRQHandler            [WEAK
]
  226 00000034                 EXPORT           PLL1_IRQHandler           [WEAK
]
  227 00000034                 EXPORT           USBActivity_IRQHandler    [WEAK
]
  228 00000034                 EXPORT           CANActivity_IRQHandler    [WEAK
]
  229 00000034                 EXPORT           UART4_IRQHandler          [WEAK
]
  230 00000034                 EXPORT           SSP2_IRQHandler           [WEAK
]
  231 00000034                 EXPORT           LCD_IRQHandler            [WEAK
]
  232 00000034                 EXPORT           GPIO_IRQHandler           [WEAK
]
  233 00000034                 EXPORT           PWM0_IRQHandler           [WEAK
]
  234 00000034                 EXPORT           EEPROM_IRQHandler         [WEAK
]
  235 00000034         
  236 00000034         WDT_IRQHandler
  237 00000034         TIMER0_IRQHandler
  238 00000034         TIMER1_IRQHandler
  239 00000034         TIMER2_IRQHandler
  240 00000034         TIMER3_IRQHandler
  241 00000034         UART0_IRQHandler
  242 00000034         UART1_IRQHandler



ARM Macro Assembler    Page 7 


  243 00000034         UART2_IRQHandler
  244 00000034         UART3_IRQHandler
  245 00000034         PWM1_IRQHandler
  246 00000034         I2C0_IRQHandler
  247 00000034         I2C1_IRQHandler
  248 00000034         I2C2_IRQHandler
  249 00000034         ;SPIFI_IRQHandler ;not used
  250 00000034         SSP0_IRQHandler
  251 00000034         SSP1_IRQHandler
  252 00000034         PLL0_IRQHandler
  253 00000034         RTC_IRQHandler
  254 00000034         EINT0_IRQHandler
  255 00000034         EINT1_IRQHandler
  256 00000034         EINT2_IRQHandler
  257 00000034         EINT3_IRQHandler
  258 00000034         ADC_IRQHandler
  259 00000034         BOD_IRQHandler
  260 00000034         USB_IRQHandler
  261 00000034         CAN_IRQHandler
  262 00000034         DMA_IRQHandler
  263 00000034         I2S_IRQHandler
  264 00000034         ENET_IRQHandler
  265 00000034         MCI_IRQHandler
  266 00000034         MCPWM_IRQHandler
  267 00000034         QEI_IRQHandler
  268 00000034         PLL1_IRQHandler
  269 00000034         USBActivity_IRQHandler
  270 00000034         CANActivity_IRQHandler
  271 00000034         UART4_IRQHandler
  272 00000034         SSP2_IRQHandler
  273 00000034         LCD_IRQHandler
  274 00000034         GPIO_IRQHandler
  275 00000034         PWM0_IRQHandler
  276 00000034         EEPROM_IRQHandler
  277 00000034         
  278 00000034 E7FE            B                .
  279 00000036         
  280 00000036                 ENDP
  281 00000036         
  282 00000036         
  283 00000036 00 00           ALIGN
  284 00000038         
  285 00000038         
  286 00000038         ; User Initial Stack & Heap
  287 00000038         
  288 00000038                 IF               :DEF:__MICROLIB
  295 00000038         
  296 00000038                 IMPORT           __use_two_region_memory
  297 00000038                 EXPORT           __user_initial_stackheap
  298 00000038         __user_initial_stackheap
  299 00000038         
  300 00000038 4802            LDR              R0, =  Heap_Mem
  301 0000003A 4903            LDR              R1, =(Stack_Mem + Stack_Size)
  302 0000003C 4A01            LDR              R2, = (Heap_Mem +  Heap_Size)
  303 0000003E 4B03            LDR              R3, = Stack_Mem
  304 00000040 4770            BX               LR
  305 00000042         
  306 00000042 00 00           ALIGN
  307 00000044         



ARM Macro Assembler    Page 8 


  308 00000044                 ENDIF
  309 00000044         
  310 00000044         
  311 00000044                 END
              00000000 
              00000400 
              00000000 
Command Line: --debug --xref --diag_suppress=9931 --cpu=Cortex-M4 --apcs=interw
ork --depend=.\objects\startup_lpc407x_8x_177x_8x.d -o.\objects\startup_lpc407x
_8x_177x_8x.o -I.\RTE\Device\LPC4072FBD80 -I.\RTE\_Target_1 -IC:\Users\Riccardo
\AppData\Local\Arm\Packs\ARM\CMSIS\5.6.0\CMSIS\Core\Include -IC:\Users\Riccardo
\AppData\Local\Arm\Packs\Keil\LPC4000_DFP\2.1.0\Device\Include --predefine="__E
VAL SETA 1" --predefine="__UVISION_VERSION SETA 529" --predefine="_RTE_ SETA 1"
 --predefine="CORE_M4 SETA 1" --list=.\listings\startup_lpc407x_8x_177x_8x.lst 
RTE\Device\LPC4072FBD80\startup_LPC407x_8x_177x_8x.s



ARM Macro Assembler    Page 1 Alphabetic symbol ordering
Relocatable symbols

STACK 00000000

Symbol: STACK
   Definitions
      At line 29 in file RTE\Device\LPC4072FBD80\startup_LPC407x_8x_177x_8x.s
   Uses
      None
Comment: STACK unused
Stack_Mem 00000000

Symbol: Stack_Mem
   Definitions
      At line 30 in file RTE\Device\LPC4072FBD80\startup_LPC407x_8x_177x_8x.s
   Uses
      At line 301 in file RTE\Device\LPC4072FBD80\startup_LPC407x_8x_177x_8x.s
      At line 303 in file RTE\Device\LPC4072FBD80\startup_LPC407x_8x_177x_8x.s

__initial_sp 00000400

Symbol: __initial_sp
   Definitions
      At line 31 in file RTE\Device\LPC4072FBD80\startup_LPC407x_8x_177x_8x.s
   Uses
      At line 55 in file RTE\Device\LPC4072FBD80\startup_LPC407x_8x_177x_8x.s
Comment: __initial_sp used once
3 symbols



ARM Macro Assembler    Page 1 Alphabetic symbol ordering
Relocatable symbols

HEAP 00000000

Symbol: HEAP
   Definitions
      At line 40 in file RTE\Device\LPC4072FBD80\startup_LPC407x_8x_177x_8x.s
   Uses
      None
Comment: HEAP unused
Heap_Mem 00000000

Symbol: Heap_Mem
   Definitions
      At line 42 in file RTE\Device\LPC4072FBD80\startup_LPC407x_8x_177x_8x.s
   Uses
      At line 300 in file RTE\Device\LPC4072FBD80\startup_LPC407x_8x_177x_8x.s
      At line 302 in file RTE\Device\LPC4072FBD80\startup_LPC407x_8x_177x_8x.s

__heap_base 00000000

Symbol: __heap_base
   Definitions
      At line 41 in file RTE\Device\LPC4072FBD80\startup_LPC407x_8x_177x_8x.s
   Uses
      None
Comment: __heap_base unused
__heap_limit 00000000

Symbol: __heap_limit
   Definitions
      At line 43 in file RTE\Device\LPC4072FBD80\startup_LPC407x_8x_177x_8x.s
   Uses
      None
Comment: __heap_limit unused
4 symbols



ARM Macro Assembler    Page 1 Alphabetic symbol ordering
Relocatable symbols

RESET 00000000

Symbol: RESET
   Definitions
      At line 52 in file RTE\Device\LPC4072FBD80\startup_LPC407x_8x_177x_8x.s
   Uses
      None
Comment: RESET unused
__Vectors 00000000

Symbol: __Vectors
   Definitions
      At line 55 in file RTE\Device\LPC4072FBD80\startup_LPC407x_8x_177x_8x.s
   Uses
      At line 53 in file RTE\Device\LPC4072FBD80\startup_LPC407x_8x_177x_8x.s
Comment: __Vectors used once
2 symbols



ARM Macro Assembler    Page 1 Alphabetic symbol ordering
Relocatable symbols

.ARM.__at_0x02FC 00000000

Symbol: .ARM.__at_0x02FC
   Definitions
      At line 118 in file RTE\Device\LPC4072FBD80\startup_LPC407x_8x_177x_8x.s
   Uses
      None
Comment: .ARM.__at_0x02FC unused
CRP_Key 00000000

Symbol: CRP_Key
   Definitions
      At line 119 in file RTE\Device\LPC4072FBD80\startup_LPC407x_8x_177x_8x.s
   Uses
      None
Comment: CRP_Key unused
2 symbols



ARM Macro Assembler    Page 1 Alphabetic symbol ordering
Relocatable symbols

.text 00000000

Symbol: .text
   Definitions
      At line 123 in file RTE\Device\LPC4072FBD80\startup_LPC407x_8x_177x_8x.s
   Uses
      None
Comment: .text unused
ADC_IRQHandler 00000034

Symbol: ADC_IRQHandler
   Definitions
      At line 258 in file RTE\Device\LPC4072FBD80\startup_LPC407x_8x_177x_8x.s
   Uses
      At line 96 in file RTE\Device\LPC4072FBD80\startup_LPC407x_8x_177x_8x.s
      At line 216 in file RTE\Device\LPC4072FBD80\startup_LPC407x_8x_177x_8x.s

BOD_IRQHandler 00000034

Symbol: BOD_IRQHandler
   Definitions
      At line 259 in file RTE\Device\LPC4072FBD80\startup_LPC407x_8x_177x_8x.s
   Uses
      At line 97 in file RTE\Device\LPC4072FBD80\startup_LPC407x_8x_177x_8x.s
      At line 217 in file RTE\Device\LPC4072FBD80\startup_LPC407x_8x_177x_8x.s

BusFault_Handler 00000028

Symbol: BusFault_Handler
   Definitions
      At line 165 in file RTE\Device\LPC4072FBD80\startup_LPC407x_8x_177x_8x.s
   Uses
      At line 60 in file RTE\Device\LPC4072FBD80\startup_LPC407x_8x_177x_8x.s
      At line 166 in file RTE\Device\LPC4072FBD80\startup_LPC407x_8x_177x_8x.s

CANActivity_IRQHandler 00000034

Symbol: CANActivity_IRQHandler
   Definitions
      At line 270 in file RTE\Device\LPC4072FBD80\startup_LPC407x_8x_177x_8x.s
   Uses
      At line 108 in file RTE\Device\LPC4072FBD80\startup_LPC407x_8x_177x_8x.s
      At line 228 in file RTE\Device\LPC4072FBD80\startup_LPC407x_8x_177x_8x.s

CAN_IRQHandler 00000034

Symbol: CAN_IRQHandler
   Definitions
      At line 261 in file RTE\Device\LPC4072FBD80\startup_LPC407x_8x_177x_8x.s
   Uses
      At line 99 in file RTE\Device\LPC4072FBD80\startup_LPC407x_8x_177x_8x.s
      At line 219 in file RTE\Device\LPC4072FBD80\startup_LPC407x_8x_177x_8x.s

DMA_IRQHandler 00000034

Symbol: DMA_IRQHandler
   Definitions
      At line 262 in file RTE\Device\LPC4072FBD80\startup_LPC407x_8x_177x_8x.s
   Uses



ARM Macro Assembler    Page 2 Alphabetic symbol ordering
Relocatable symbols

      At line 100 in file RTE\Device\LPC4072FBD80\startup_LPC407x_8x_177x_8x.s
      At line 220 in file RTE\Device\LPC4072FBD80\startup_LPC407x_8x_177x_8x.s

DebugMon_Handler 0000002E

Symbol: DebugMon_Handler
   Definitions
      At line 179 in file RTE\Device\LPC4072FBD80\startup_LPC407x_8x_177x_8x.s
   Uses
      At line 68 in file RTE\Device\LPC4072FBD80\startup_LPC407x_8x_177x_8x.s
      At line 180 in file RTE\Device\LPC4072FBD80\startup_LPC407x_8x_177x_8x.s

Default_Handler 00000034

Symbol: Default_Handler
   Definitions
      At line 192 in file RTE\Device\LPC4072FBD80\startup_LPC407x_8x_177x_8x.s
   Uses
      None
Comment: Default_Handler unused
EEPROM_IRQHandler 00000034

Symbol: EEPROM_IRQHandler
   Definitions
      At line 276 in file RTE\Device\LPC4072FBD80\startup_LPC407x_8x_177x_8x.s
   Uses
      At line 114 in file RTE\Device\LPC4072FBD80\startup_LPC407x_8x_177x_8x.s
      At line 234 in file RTE\Device\LPC4072FBD80\startup_LPC407x_8x_177x_8x.s

EINT0_IRQHandler 00000034

Symbol: EINT0_IRQHandler
   Definitions
      At line 254 in file RTE\Device\LPC4072FBD80\startup_LPC407x_8x_177x_8x.s
   Uses
      At line 92 in file RTE\Device\LPC4072FBD80\startup_LPC407x_8x_177x_8x.s
      At line 212 in file RTE\Device\LPC4072FBD80\startup_LPC407x_8x_177x_8x.s

EINT1_IRQHandler 00000034

Symbol: EINT1_IRQHandler
   Definitions
      At line 255 in file RTE\Device\LPC4072FBD80\startup_LPC407x_8x_177x_8x.s
   Uses
      At line 93 in file RTE\Device\LPC4072FBD80\startup_LPC407x_8x_177x_8x.s
      At line 213 in file RTE\Device\LPC4072FBD80\startup_LPC407x_8x_177x_8x.s

EINT2_IRQHandler 00000034

Symbol: EINT2_IRQHandler
   Definitions
      At line 256 in file RTE\Device\LPC4072FBD80\startup_LPC407x_8x_177x_8x.s
   Uses
      At line 94 in file RTE\Device\LPC4072FBD80\startup_LPC407x_8x_177x_8x.s
      At line 214 in file RTE\Device\LPC4072FBD80\startup_LPC407x_8x_177x_8x.s

EINT3_IRQHandler 00000034

Symbol: EINT3_IRQHandler



ARM Macro Assembler    Page 3 Alphabetic symbol ordering
Relocatable symbols

   Definitions
      At line 257 in file RTE\Device\LPC4072FBD80\startup_LPC407x_8x_177x_8x.s
   Uses
      At line 95 in file RTE\Device\LPC4072FBD80\startup_LPC407x_8x_177x_8x.s
      At line 215 in file RTE\Device\LPC4072FBD80\startup_LPC407x_8x_177x_8x.s

ENET_IRQHandler 00000034

Symbol: ENET_IRQHandler
   Definitions
      At line 264 in file RTE\Device\LPC4072FBD80\startup_LPC407x_8x_177x_8x.s
   Uses
      At line 102 in file RTE\Device\LPC4072FBD80\startup_LPC407x_8x_177x_8x.s
      At line 222 in file RTE\Device\LPC4072FBD80\startup_LPC407x_8x_177x_8x.s

GPIO_IRQHandler 00000034

Symbol: GPIO_IRQHandler
   Definitions
      At line 274 in file RTE\Device\LPC4072FBD80\startup_LPC407x_8x_177x_8x.s
   Uses
      At line 112 in file RTE\Device\LPC4072FBD80\startup_LPC407x_8x_177x_8x.s
      At line 232 in file RTE\Device\LPC4072FBD80\startup_LPC407x_8x_177x_8x.s

HardFault_Handler 00000024

Symbol: HardFault_Handler
   Definitions
      At line 155 in file RTE\Device\LPC4072FBD80\startup_LPC407x_8x_177x_8x.s
   Uses
      At line 58 in file RTE\Device\LPC4072FBD80\startup_LPC407x_8x_177x_8x.s
      At line 156 in file RTE\Device\LPC4072FBD80\startup_LPC407x_8x_177x_8x.s

I2C0_IRQHandler 00000034

Symbol: I2C0_IRQHandler
   Definitions
      At line 246 in file RTE\Device\LPC4072FBD80\startup_LPC407x_8x_177x_8x.s
   Uses
      At line 84 in file RTE\Device\LPC4072FBD80\startup_LPC407x_8x_177x_8x.s
      At line 204 in file RTE\Device\LPC4072FBD80\startup_LPC407x_8x_177x_8x.s

I2C1_IRQHandler 00000034

Symbol: I2C1_IRQHandler
   Definitions
      At line 247 in file RTE\Device\LPC4072FBD80\startup_LPC407x_8x_177x_8x.s
   Uses
      At line 85 in file RTE\Device\LPC4072FBD80\startup_LPC407x_8x_177x_8x.s
      At line 205 in file RTE\Device\LPC4072FBD80\startup_LPC407x_8x_177x_8x.s

I2C2_IRQHandler 00000034

Symbol: I2C2_IRQHandler
   Definitions
      At line 248 in file RTE\Device\LPC4072FBD80\startup_LPC407x_8x_177x_8x.s
   Uses
      At line 86 in file RTE\Device\LPC4072FBD80\startup_LPC407x_8x_177x_8x.s
      At line 206 in file RTE\Device\LPC4072FBD80\startup_LPC407x_8x_177x_8x.s



ARM Macro Assembler    Page 4 Alphabetic symbol ordering
Relocatable symbols


I2S_IRQHandler 00000034

Symbol: I2S_IRQHandler
   Definitions
      At line 263 in file RTE\Device\LPC4072FBD80\startup_LPC407x_8x_177x_8x.s
   Uses
      At line 101 in file RTE\Device\LPC4072FBD80\startup_LPC407x_8x_177x_8x.s
      At line 221 in file RTE\Device\LPC4072FBD80\startup_LPC407x_8x_177x_8x.s

LCD_IRQHandler 00000034

Symbol: LCD_IRQHandler
   Definitions
      At line 273 in file RTE\Device\LPC4072FBD80\startup_LPC407x_8x_177x_8x.s
   Uses
      At line 111 in file RTE\Device\LPC4072FBD80\startup_LPC407x_8x_177x_8x.s
      At line 231 in file RTE\Device\LPC4072FBD80\startup_LPC407x_8x_177x_8x.s

MCI_IRQHandler 00000034

Symbol: MCI_IRQHandler
   Definitions
      At line 265 in file RTE\Device\LPC4072FBD80\startup_LPC407x_8x_177x_8x.s
   Uses
      At line 103 in file RTE\Device\LPC4072FBD80\startup_LPC407x_8x_177x_8x.s
      At line 223 in file RTE\Device\LPC4072FBD80\startup_LPC407x_8x_177x_8x.s

MCPWM_IRQHandler 00000034

Symbol: MCPWM_IRQHandler
   Definitions
      At line 266 in file RTE\Device\LPC4072FBD80\startup_LPC407x_8x_177x_8x.s
   Uses
      At line 104 in file RTE\Device\LPC4072FBD80\startup_LPC407x_8x_177x_8x.s
      At line 224 in file RTE\Device\LPC4072FBD80\startup_LPC407x_8x_177x_8x.s

MemManage_Handler 00000026

Symbol: MemManage_Handler
   Definitions
      At line 160 in file RTE\Device\LPC4072FBD80\startup_LPC407x_8x_177x_8x.s
   Uses
      At line 59 in file RTE\Device\LPC4072FBD80\startup_LPC407x_8x_177x_8x.s
      At line 161 in file RTE\Device\LPC4072FBD80\startup_LPC407x_8x_177x_8x.s

NMI_Handler 00000022

Symbol: NMI_Handler
   Definitions
      At line 150 in file RTE\Device\LPC4072FBD80\startup_LPC407x_8x_177x_8x.s
   Uses
      At line 57 in file RTE\Device\LPC4072FBD80\startup_LPC407x_8x_177x_8x.s
      At line 151 in file RTE\Device\LPC4072FBD80\startup_LPC407x_8x_177x_8x.s

PLL0_IRQHandler 00000034

Symbol: PLL0_IRQHandler
   Definitions



ARM Macro Assembler    Page 5 Alphabetic symbol ordering
Relocatable symbols

      At line 252 in file RTE\Device\LPC4072FBD80\startup_LPC407x_8x_177x_8x.s
   Uses
      At line 90 in file RTE\Device\LPC4072FBD80\startup_LPC407x_8x_177x_8x.s
      At line 210 in file RTE\Device\LPC4072FBD80\startup_LPC407x_8x_177x_8x.s

PLL1_IRQHandler 00000034

Symbol: PLL1_IRQHandler
   Definitions
      At line 268 in file RTE\Device\LPC4072FBD80\startup_LPC407x_8x_177x_8x.s
   Uses
      At line 106 in file RTE\Device\LPC4072FBD80\startup_LPC407x_8x_177x_8x.s
      At line 226 in file RTE\Device\LPC4072FBD80\startup_LPC407x_8x_177x_8x.s

PWM0_IRQHandler 00000034

Symbol: PWM0_IRQHandler
   Definitions
      At line 275 in file RTE\Device\LPC4072FBD80\startup_LPC407x_8x_177x_8x.s
   Uses
      At line 113 in file RTE\Device\LPC4072FBD80\startup_LPC407x_8x_177x_8x.s
      At line 233 in file RTE\Device\LPC4072FBD80\startup_LPC407x_8x_177x_8x.s

PWM1_IRQHandler 00000034

Symbol: PWM1_IRQHandler
   Definitions
      At line 245 in file RTE\Device\LPC4072FBD80\startup_LPC407x_8x_177x_8x.s
   Uses
      At line 83 in file RTE\Device\LPC4072FBD80\startup_LPC407x_8x_177x_8x.s
      At line 203 in file RTE\Device\LPC4072FBD80\startup_LPC407x_8x_177x_8x.s

PendSV_Handler 00000030

Symbol: PendSV_Handler
   Definitions
      At line 183 in file RTE\Device\LPC4072FBD80\startup_LPC407x_8x_177x_8x.s
   Uses
      At line 70 in file RTE\Device\LPC4072FBD80\startup_LPC407x_8x_177x_8x.s
      At line 184 in file RTE\Device\LPC4072FBD80\startup_LPC407x_8x_177x_8x.s

QEI_IRQHandler 00000034

Symbol: QEI_IRQHandler
   Definitions
      At line 267 in file RTE\Device\LPC4072FBD80\startup_LPC407x_8x_177x_8x.s
   Uses
      At line 105 in file RTE\Device\LPC4072FBD80\startup_LPC407x_8x_177x_8x.s
      At line 225 in file RTE\Device\LPC4072FBD80\startup_LPC407x_8x_177x_8x.s

RTC_IRQHandler 00000034

Symbol: RTC_IRQHandler
   Definitions
      At line 253 in file RTE\Device\LPC4072FBD80\startup_LPC407x_8x_177x_8x.s
   Uses
      At line 91 in file RTE\Device\LPC4072FBD80\startup_LPC407x_8x_177x_8x.s
      At line 211 in file RTE\Device\LPC4072FBD80\startup_LPC407x_8x_177x_8x.s




ARM Macro Assembler    Page 6 Alphabetic symbol ordering
Relocatable symbols

Reset_Handler 00000000

Symbol: Reset_Handler
   Definitions
      At line 128 in file RTE\Device\LPC4072FBD80\startup_LPC407x_8x_177x_8x.s
   Uses
      At line 56 in file RTE\Device\LPC4072FBD80\startup_LPC407x_8x_177x_8x.s
      At line 129 in file RTE\Device\LPC4072FBD80\startup_LPC407x_8x_177x_8x.s

SSP0_IRQHandler 00000034

Symbol: SSP0_IRQHandler
   Definitions
      At line 250 in file RTE\Device\LPC4072FBD80\startup_LPC407x_8x_177x_8x.s
   Uses
      At line 88 in file RTE\Device\LPC4072FBD80\startup_LPC407x_8x_177x_8x.s
      At line 208 in file RTE\Device\LPC4072FBD80\startup_LPC407x_8x_177x_8x.s

SSP1_IRQHandler 00000034

Symbol: SSP1_IRQHandler
   Definitions
      At line 251 in file RTE\Device\LPC4072FBD80\startup_LPC407x_8x_177x_8x.s
   Uses
      At line 89 in file RTE\Device\LPC4072FBD80\startup_LPC407x_8x_177x_8x.s
      At line 209 in file RTE\Device\LPC4072FBD80\startup_LPC407x_8x_177x_8x.s

SSP2_IRQHandler 00000034

Symbol: SSP2_IRQHandler
   Definitions
      At line 272 in file RTE\Device\LPC4072FBD80\startup_LPC407x_8x_177x_8x.s
   Uses
      At line 110 in file RTE\Device\LPC4072FBD80\startup_LPC407x_8x_177x_8x.s
      At line 230 in file RTE\Device\LPC4072FBD80\startup_LPC407x_8x_177x_8x.s

SVC_Handler 0000002C

Symbol: SVC_Handler
   Definitions
      At line 174 in file RTE\Device\LPC4072FBD80\startup_LPC407x_8x_177x_8x.s
   Uses
      At line 67 in file RTE\Device\LPC4072FBD80\startup_LPC407x_8x_177x_8x.s
      At line 175 in file RTE\Device\LPC4072FBD80\startup_LPC407x_8x_177x_8x.s

SysTick_Handler 00000032

Symbol: SysTick_Handler
   Definitions
      At line 187 in file RTE\Device\LPC4072FBD80\startup_LPC407x_8x_177x_8x.s
   Uses
      At line 71 in file RTE\Device\LPC4072FBD80\startup_LPC407x_8x_177x_8x.s
      At line 188 in file RTE\Device\LPC4072FBD80\startup_LPC407x_8x_177x_8x.s

TIMER0_IRQHandler 00000034

Symbol: TIMER0_IRQHandler
   Definitions
      At line 237 in file RTE\Device\LPC4072FBD80\startup_LPC407x_8x_177x_8x.s



ARM Macro Assembler    Page 7 Alphabetic symbol ordering
Relocatable symbols

   Uses
      At line 75 in file RTE\Device\LPC4072FBD80\startup_LPC407x_8x_177x_8x.s
      At line 195 in file RTE\Device\LPC4072FBD80\startup_LPC407x_8x_177x_8x.s

TIMER1_IRQHandler 00000034

Symbol: TIMER1_IRQHandler
   Definitions
      At line 238 in file RTE\Device\LPC4072FBD80\startup_LPC407x_8x_177x_8x.s
   Uses
      At line 76 in file RTE\Device\LPC4072FBD80\startup_LPC407x_8x_177x_8x.s
      At line 196 in file RTE\Device\LPC4072FBD80\startup_LPC407x_8x_177x_8x.s

TIMER2_IRQHandler 00000034

Symbol: TIMER2_IRQHandler
   Definitions
      At line 239 in file RTE\Device\LPC4072FBD80\startup_LPC407x_8x_177x_8x.s
   Uses
      At line 77 in file RTE\Device\LPC4072FBD80\startup_LPC407x_8x_177x_8x.s
      At line 197 in file RTE\Device\LPC4072FBD80\startup_LPC407x_8x_177x_8x.s

TIMER3_IRQHandler 00000034

Symbol: TIMER3_IRQHandler
   Definitions
      At line 240 in file RTE\Device\LPC4072FBD80\startup_LPC407x_8x_177x_8x.s
   Uses
      At line 78 in file RTE\Device\LPC4072FBD80\startup_LPC407x_8x_177x_8x.s
      At line 198 in file RTE\Device\LPC4072FBD80\startup_LPC407x_8x_177x_8x.s

UART0_IRQHandler 00000034

Symbol: UART0_IRQHandler
   Definitions
      At line 241 in file RTE\Device\LPC4072FBD80\startup_LPC407x_8x_177x_8x.s
   Uses
      At line 79 in file RTE\Device\LPC4072FBD80\startup_LPC407x_8x_177x_8x.s
      At line 199 in file RTE\Device\LPC4072FBD80\startup_LPC407x_8x_177x_8x.s

UART1_IRQHandler 00000034

Symbol: UART1_IRQHandler
   Definitions
      At line 242 in file RTE\Device\LPC4072FBD80\startup_LPC407x_8x_177x_8x.s
   Uses
      At line 80 in file RTE\Device\LPC4072FBD80\startup_LPC407x_8x_177x_8x.s
      At line 200 in file RTE\Device\LPC4072FBD80\startup_LPC407x_8x_177x_8x.s

UART2_IRQHandler 00000034

Symbol: UART2_IRQHandler
   Definitions
      At line 243 in file RTE\Device\LPC4072FBD80\startup_LPC407x_8x_177x_8x.s
   Uses
      At line 81 in file RTE\Device\LPC4072FBD80\startup_LPC407x_8x_177x_8x.s
      At line 201 in file RTE\Device\LPC4072FBD80\startup_LPC407x_8x_177x_8x.s

UART3_IRQHandler 00000034



ARM Macro Assembler    Page 8 Alphabetic symbol ordering
Relocatable symbols


Symbol: UART3_IRQHandler
   Definitions
      At line 244 in file RTE\Device\LPC4072FBD80\startup_LPC407x_8x_177x_8x.s
   Uses
      At line 82 in file RTE\Device\LPC4072FBD80\startup_LPC407x_8x_177x_8x.s
      At line 202 in file RTE\Device\LPC4072FBD80\startup_LPC407x_8x_177x_8x.s

UART4_IRQHandler 00000034

Symbol: UART4_IRQHandler
   Definitions
      At line 271 in file RTE\Device\LPC4072FBD80\startup_LPC407x_8x_177x_8x.s
   Uses
      At line 109 in file RTE\Device\LPC4072FBD80\startup_LPC407x_8x_177x_8x.s
      At line 229 in file RTE\Device\LPC4072FBD80\startup_LPC407x_8x_177x_8x.s

USBActivity_IRQHandler 00000034

Symbol: USBActivity_IRQHandler
   Definitions
      At line 269 in file RTE\Device\LPC4072FBD80\startup_LPC407x_8x_177x_8x.s
   Uses
      At line 107 in file RTE\Device\LPC4072FBD80\startup_LPC407x_8x_177x_8x.s
      At line 227 in file RTE\Device\LPC4072FBD80\startup_LPC407x_8x_177x_8x.s

USB_IRQHandler 00000034

Symbol: USB_IRQHandler
   Definitions
      At line 260 in file RTE\Device\LPC4072FBD80\startup_LPC407x_8x_177x_8x.s
   Uses
      At line 98 in file RTE\Device\LPC4072FBD80\startup_LPC407x_8x_177x_8x.s
      At line 218 in file RTE\Device\LPC4072FBD80\startup_LPC407x_8x_177x_8x.s

UsageFault_Handler 0000002A

Symbol: UsageFault_Handler
   Definitions
      At line 170 in file RTE\Device\LPC4072FBD80\startup_LPC407x_8x_177x_8x.s
   Uses
      At line 61 in file RTE\Device\LPC4072FBD80\startup_LPC407x_8x_177x_8x.s
      At line 171 in file RTE\Device\LPC4072FBD80\startup_LPC407x_8x_177x_8x.s

WDT_IRQHandler 00000034

Symbol: WDT_IRQHandler
   Definitions
      At line 236 in file RTE\Device\LPC4072FBD80\startup_LPC407x_8x_177x_8x.s
   Uses
      At line 74 in file RTE\Device\LPC4072FBD80\startup_LPC407x_8x_177x_8x.s
      At line 194 in file RTE\Device\LPC4072FBD80\startup_LPC407x_8x_177x_8x.s

__user_initial_stackheap 00000038

Symbol: __user_initial_stackheap
   Definitions
      At line 298 in file RTE\Device\LPC4072FBD80\startup_LPC407x_8x_177x_8x.s
   Uses



ARM Macro Assembler    Page 9 Alphabetic symbol ordering
Relocatable symbols

      At line 297 in file RTE\Device\LPC4072FBD80\startup_LPC407x_8x_177x_8x.s
Comment: __user_initial_stackheap used once
stop 00000020

Symbol: stop
   Definitions
      At line 144 in file RTE\Device\LPC4072FBD80\startup_LPC407x_8x_177x_8x.s
   Uses
      At line 144 in file RTE\Device\LPC4072FBD80\startup_LPC407x_8x_177x_8x.s
Comment: stop used once
54 symbols



ARM Macro Assembler    Page 1 Alphabetic symbol ordering
Absolute symbols

Heap_Size 00000000

Symbol: Heap_Size
   Definitions
      At line 38 in file RTE\Device\LPC4072FBD80\startup_LPC407x_8x_177x_8x.s
   Uses
      At line 42 in file RTE\Device\LPC4072FBD80\startup_LPC407x_8x_177x_8x.s
      At line 302 in file RTE\Device\LPC4072FBD80\startup_LPC407x_8x_177x_8x.s

Stack_Size 00000400

Symbol: Stack_Size
   Definitions
      At line 27 in file RTE\Device\LPC4072FBD80\startup_LPC407x_8x_177x_8x.s
   Uses
      At line 30 in file RTE\Device\LPC4072FBD80\startup_LPC407x_8x_177x_8x.s
      At line 301 in file RTE\Device\LPC4072FBD80\startup_LPC407x_8x_177x_8x.s

2 symbols



ARM Macro Assembler    Page 1 Alphabetic symbol ordering
External symbols

__use_two_region_memory 00000000

Symbol: __use_two_region_memory
   Definitions
      At line 296 in file RTE\Device\LPC4072FBD80\startup_LPC407x_8x_177x_8x.s
   Uses
      None
Comment: __use_two_region_memory unused
1 symbol
408 symbols in table
